#
# There is insufficient memory for the Java Runtime Environment to continue.
# Native memory allocation (malloc) failed to allocate 213136 bytes for Chunk::new
# Possible reasons:
#   The system is out of physical RAM or swap space
#   The process is running with CompressedOops enabled, and the Java Heap may be blocking the growth of the native heap
# Possible solutions:
#   Reduce memory load on the system
#   Increase physical memory or swap space
#   Check if swap backing store is full
#   Decrease Java heap size (-Xmx/-Xms)
#   Decrease number of Java threads
#   Decrease Java thread stack sizes (-Xss)
#   Set larger code cache with -XX:ReservedCodeCacheSize=
#   JVM is running with Unscaled Compressed Oops mode in which the Java heap is
#     placed in the first 4GB address space. The Java Heap base address is the
#     maximum limit for the native heap growth. Please use -XX:HeapBaseMinAddress
#     to set the Java Heap base and to place the Java Heap above 4GB virtual address.
# This output file may be truncated or incomplete.
#
#  Out of Memory Error (./src/hotspot/share/memory/arena.cpp:197), pid=14588, tid=42720
#
# JRE version: OpenJDK Runtime Environment (11.0.12+7) (build 11.0.12+7-b1504.28-7817840)
# Java VM: OpenJDK 64-Bit Server VM (11.0.12+7-b1504.28-7817840, mixed mode, tiered, compressed oops, g1 gc, windows-amd64)
# No core dump will be written. Minidumps are not enabled by default on client versions of Windows
#

---------------  S U M M A R Y ------------

Command Line: --add-opens=java.base/java.util=ALL-UNNAMED --add-opens=java.base/java.lang=ALL-UNNAMED --add-opens=java.base/java.lang.invoke=ALL-UNNAMED --add-opens=java.base/java.util=ALL-UNNAMED --add-opens=java.prefs/java.util.prefs=ALL-UNNAMED --add-opens=java.prefs/java.util.prefs=ALL-UNNAMED --add-opens=java.base/java.nio.charset=ALL-UNNAMED --add-opens=java.base/java.net=ALL-UNNAMED --add-opens=java.base/java.util.concurrent.atomic=ALL-UNNAMED -Xmx2048m -Dfile.encoding=UTF-8 -Duser.country=US -Duser.language=en -Duser.variant org.gradle.launcher.daemon.bootstrap.GradleDaemon 7.3.3

Host: AMD Ryzen 3 4300U with Radeon Graphics         , 4 cores, 7G,  Windows 10 , 64 bit Build 22000 (10.0.22000.708)
Time: Fri Nov 25 07:19:29 2022 Central European Standard Time elapsed time: 40.886416 seconds (0d 0h 0m 40s)

---------------  T H R E A D  ---------------

Current thread (0x0000021cc9f4d000):  JavaThread "C2 CompilerThread0" daemon [_thread_in_native, id=42720, stack(0x0000003dd6a00000,0x0000003dd6b00000)]


Current CompileTask:
C2:  40886 9751       4       java.util.regex.Pattern::escape (1323 bytes)

Stack: [0x0000003dd6a00000,0x0000003dd6b00000]
Native frames: (J=compiled Java code, j=interpreted, Vv=VM code, C=native code)
V  [jvm.dll+0x5fbcea]
V  [jvm.dll+0x731905]
V  [jvm.dll+0x732f1d]
V  [jvm.dll+0x7335d3]
V  [jvm.dll+0x247bf8]
V  [jvm.dll+0xc018c]
V  [jvm.dll+0xc06cc]
V  [jvm.dll+0x35b2db]
V  [jvm.dll+0x19cb20]
V  [jvm.dll+0x20070e]
V  [jvm.dll+0x1ff794]
V  [jvm.dll+0x18868c]
V  [jvm.dll+0x20e0d7]
V  [jvm.dll+0x20c901]
V  [jvm.dll+0x6f9b7f]
V  [jvm.dll+0x6f26a5]
V  [jvm.dll+0x5fabf6]
C  [ucrtbase.dll+0x26c0c]
C  [KERNEL32.DLL+0x154e0]
C  [ntdll.dll+0x485b]


---------------  P R O C E S S  ---------------

Threads class SMR info:
_java_thread_list=0x0000021cd166c3a0, length=80, elements={
0x0000021cb033f800, 0x0000021cc9f23800, 0x0000021cc9f2c000, 0x0000021cca8c2800,
0x0000021cc9f42000, 0x0000021cc9f43000, 0x0000021cc9f4d000, 0x0000021cc9f53800,
0x0000021cc9f58000, 0x0000021cca9f6000, 0x0000021ccbcf1000, 0x0000021ccb6d1000,
0x0000021ccb681800, 0x0000021ccae56800, 0x0000021ccbb6a000, 0x0000021ccb4de000,
0x0000021ccc25d800, 0x0000021cca9a6000, 0x0000021cca9a6800, 0x0000021ccc256000,
0x0000021ccc255800, 0x0000021ccc258800, 0x0000021ccc258000, 0x0000021ccc259800,
0x0000021ccc257000, 0x0000021ccc253800, 0x0000021ccc25a000, 0x0000021ccc254800,
0x0000021cce81b800, 0x0000021cce816800, 0x0000021cce816000, 0x0000021cce818000,
0x0000021cce81a000, 0x0000021cce817800, 0x0000021cce81c800, 0x0000021cccae1800,
0x0000021cccae3000, 0x0000021cccae1000, 0x0000021cccae5000, 0x0000021cccae5800,
0x0000021cccae7800, 0x0000021cccae4000, 0x0000021cccae8000, 0x0000021cccae2800,
0x0000021cccaea000, 0x0000021cccae9000, 0x0000021cccaeb800, 0x0000021cccaee800,
0x0000021cccaec000, 0x0000021cccaef800, 0x0000021cccaea800, 0x0000021cccaed000,
0x0000021cccaee000, 0x0000021ccd042800, 0x0000021ccd03e800, 0x0000021ccd045000,
0x0000021ccd043000, 0x0000021ccd03f000, 0x0000021ccd040000, 0x0000021ccd044000,
0x0000021ccd045800, 0x0000021ccd046800, 0x0000021ccd040800, 0x0000021ccd047800,
0x0000021ccd041800, 0x0000021ccd04d000, 0x0000021ccd048000, 0x0000021ccd049000,
0x0000021ccd049800, 0x0000021ccd04a800, 0x0000021ccd04b800, 0x0000021ccd04c000,
0x0000021ccf346000, 0x0000021ccf346800, 0x0000021ccf347800, 0x0000021ccf345000,
0x0000021ccf344000, 0x0000021ccf348000, 0x0000021ccf343800, 0x0000021ccf34b800
}

Java Threads: ( => current thread )
  0x0000021cb033f800 JavaThread "main" [_thread_blocked, id=22300, stack(0x0000003dd5e00000,0x0000003dd5f00000)]
  0x0000021cc9f23800 JavaThread "Reference Handler" daemon [_thread_blocked, id=49696, stack(0x0000003dd6500000,0x0000003dd6600000)]
  0x0000021cc9f2c000 JavaThread "Finalizer" daemon [_thread_blocked, id=10324, stack(0x0000003dd6600000,0x0000003dd6700000)]
  0x0000021cca8c2800 JavaThread "Signal Dispatcher" daemon [_thread_blocked, id=18540, stack(0x0000003dd6700000,0x0000003dd6800000)]
  0x0000021cc9f42000 JavaThread "Attach Listener" daemon [_thread_blocked, id=15196, stack(0x0000003dd6800000,0x0000003dd6900000)]
  0x0000021cc9f43000 JavaThread "Service Thread" daemon [_thread_blocked, id=10536, stack(0x0000003dd6900000,0x0000003dd6a00000)]
=>0x0000021cc9f4d000 JavaThread "C2 CompilerThread0" daemon [_thread_in_native, id=42720, stack(0x0000003dd6a00000,0x0000003dd6b00000)]
  0x0000021cc9f53800 JavaThread "C1 CompilerThread0" daemon [_thread_blocked, id=40956, stack(0x0000003dd6b00000,0x0000003dd6c00000)]
  0x0000021cc9f58000 JavaThread "Sweeper thread" daemon [_thread_blocked, id=44728, stack(0x0000003dd6c00000,0x0000003dd6d00000)]
  0x0000021cca9f6000 JavaThread "Common-Cleaner" daemon [_thread_blocked, id=36372, stack(0x0000003dd6d00000,0x0000003dd6e00000)]
  0x0000021ccbcf1000 JavaThread "Daemon health stats" [_thread_blocked, id=22544, stack(0x0000003dd7100000,0x0000003dd7200000)]
  0x0000021ccb6d1000 JavaThread "Incoming local TCP Connector on port 50508" [_thread_in_native, id=14556, stack(0x0000003dd7200000,0x0000003dd7300000)]
  0x0000021ccb681800 JavaThread "Daemon periodic checks" [_thread_blocked, id=1504, stack(0x0000003dd7300000,0x0000003dd7400000)]
  0x0000021ccae56800 JavaThread "Daemon" [_thread_blocked, id=32272, stack(0x0000003dd7400000,0x0000003dd7500000)]
  0x0000021ccbb6a000 JavaThread "Handler for socket connection from /127.0.0.1:50508 to /127.0.0.1:50509" [_thread_in_native, id=49624, stack(0x0000003dd7500000,0x0000003dd7600000)]
  0x0000021ccb4de000 JavaThread "Cancel handler" [_thread_blocked, id=10596, stack(0x0000003dd7800000,0x0000003dd7900000)]
  0x0000021ccc25d800 JavaThread "Daemon worker" [_thread_in_vm, id=14368, stack(0x0000003dd7900000,0x0000003dd7a00000)]
  0x0000021cca9a6000 JavaThread "Asynchronous log dispatcher for DefaultDaemonConnection: socket connection from /127.0.0.1:50508 to /127.0.0.1:50509" [_thread_blocked, id=23220, stack(0x0000003dd7a00000,0x0000003dd7b00000)]
  0x0000021cca9a6800 JavaThread "Stdin handler" [_thread_blocked, id=41928, stack(0x0000003dd7b00000,0x0000003dd7c00000)]
  0x0000021ccc256000 JavaThread "Daemon client event forwarder" [_thread_blocked, id=43968, stack(0x0000003dd7c00000,0x0000003dd7d00000)]
  0x0000021ccc255800 JavaThread "Cache worker for journal cache (C:\Users\zoki3\.gradle\caches\journal-1)" [_thread_blocked, id=39044, stack(0x0000003dd7d00000,0x0000003dd7e00000)]
  0x0000021ccc258800 JavaThread "File lock request listener" [_thread_in_native, id=16300, stack(0x0000003dd7e00000,0x0000003dd7f00000)]
  0x0000021ccc258000 JavaThread "Cache worker for file hash cache (C:\Users\zoki3\.gradle\caches\7.3.3\fileHashes)" [_thread_blocked, id=49280, stack(0x0000003dd7f00000,0x0000003dd8000000)]
  0x0000021ccc259800 JavaThread "Cache worker for file hash cache (D:\ETES\explorengv2\.gradle\7.3.3\fileHashes)" [_thread_blocked, id=50500, stack(0x0000003dd8000000,0x0000003dd8100000)]
  0x0000021ccc257000 JavaThread "File watcher server" daemon [_thread_in_native, id=22216, stack(0x0000003dd8100000,0x0000003dd8200000)]
  0x0000021ccc253800 JavaThread "File watcher consumer" daemon [_thread_blocked, id=21816, stack(0x0000003dd8200000,0x0000003dd8300000)]
  0x0000021ccc25a000 JavaThread "jar transforms" [_thread_blocked, id=26324, stack(0x0000003dd8300000,0x0000003dd8400000)]
  0x0000021ccc254800 JavaThread "jar transforms Thread 2" [_thread_blocked, id=2888, stack(0x0000003dd8400000,0x0000003dd8500000)]
  0x0000021cce81b800 JavaThread "jar transforms Thread 3" [_thread_blocked, id=49616, stack(0x0000003dd8500000,0x0000003dd8600000)]
  0x0000021cce816800 JavaThread "jar transforms Thread 4" [_thread_blocked, id=44408, stack(0x0000003dd8600000,0x0000003dd8700000)]
  0x0000021cce816000 JavaThread "Cache worker for checksums cache (D:\ETES\explorengv2\.gradle\7.3.3\checksums)" [_thread_blocked, id=45876, stack(0x0000003dd8700000,0x0000003dd8800000)]
  0x0000021cce818000 JavaThread "Cache worker for cache directory md-supplier (C:\Users\zoki3\.gradle\caches\7.3.3\md-supplier)" [_thread_blocked, id=42700, stack(0x0000003dd8800000,0x0000003dd8900000)]
  0x0000021cce81a000 JavaThread "Cache worker for cache directory md-rule (C:\Users\zoki3\.gradle\caches\7.3.3\md-rule)" [_thread_blocked, id=33884, stack(0x0000003dd8900000,0x0000003dd8a00000)]
  0x0000021cce817800 JavaThread "Cache worker for execution history cache (C:\Users\zoki3\.gradle\caches\7.3.3\executionHistory)" [_thread_blocked, id=31468, stack(0x0000003dd8a00000,0x0000003dd8b00000)]
  0x0000021cce81c800 JavaThread "Cache worker for file content cache (C:\Users\zoki3\.gradle\caches\7.3.3\fileContent)" [_thread_blocked, id=48176, stack(0x0000003dd8c00000,0x0000003dd8d00000)]
  0x0000021cccae1800 JavaThread "Cache worker for dependencies-accessors (D:\ETES\explorengv2\.gradle\7.3.3\dependencies-accessors)" [_thread_blocked, id=26388, stack(0x0000003dd8b00000,0x0000003dd8c00000)]
  0x0000021cccae3000 JavaThread "Cache worker for Build Output Cleanup Cache (D:\ETES\explorengv2\.gradle\buildOutputCleanup)" [_thread_blocked, id=43280, stack(0x0000003dd8d00000,0x0000003dd8e00000)]
  0x0000021cccae1000 JavaThread "Unconstrained build operations" [_thread_blocked, id=47388, stack(0x0000003dd8e00000,0x0000003dd8f00000)]
  0x0000021cccae5000 JavaThread "Unconstrained build operations Thread 2" [_thread_blocked, id=12424, stack(0x0000003dd8f00000,0x0000003dd9000000)]
  0x0000021cccae5800 JavaThread "Unconstrained build operations Thread 3" [_thread_blocked, id=36452, stack(0x0000003dd9000000,0x0000003dd9100000)]
  0x0000021cccae7800 JavaThread "Unconstrained build operations Thread 4" [_thread_blocked, id=19220, stack(0x0000003dd9100000,0x0000003dd9200000)]
  0x0000021cccae4000 JavaThread "Unconstrained build operations Thread 5" [_thread_blocked, id=6932, stack(0x0000003dd9200000,0x0000003dd9300000)]
  0x0000021cccae8000 JavaThread "Unconstrained build operations Thread 6" [_thread_blocked, id=3476, stack(0x0000003dd9300000,0x0000003dd9400000)]
  0x0000021cccae2800 JavaThread "Unconstrained build operations Thread 7" [_thread_blocked, id=45612, stack(0x0000003dd9400000,0x0000003dd9500000)]
  0x0000021cccaea000 JavaThread "Unconstrained build operations Thread 8" [_thread_blocked, id=42508, stack(0x0000003dd9500000,0x0000003dd9600000)]
  0x0000021cccae9000 JavaThread "Unconstrained build operations Thread 9" [_thread_blocked, id=17048, stack(0x0000003dd9600000,0x0000003dd9700000)]
  0x0000021cccaeb800 JavaThread "Unconstrained build operations Thread 10" [_thread_blocked, id=11664, stack(0x0000003dd9700000,0x0000003dd9800000)]
  0x0000021cccaee800 JavaThread "Unconstrained build operations Thread 11" [_thread_blocked, id=50996, stack(0x0000003dd9800000,0x0000003dd9900000)]
  0x0000021cccaec000 JavaThread "Unconstrained build operations Thread 12" [_thread_blocked, id=48920, stack(0x0000003dd9900000,0x0000003dd9a00000)]
  0x0000021cccaef800 JavaThread "Unconstrained build operations Thread 13" [_thread_blocked, id=50288, stack(0x0000003dd9a00000,0x0000003dd9b00000)]
  0x0000021cccaea800 JavaThread "Unconstrained build operations Thread 14" [_thread_blocked, id=48932, stack(0x0000003dd9b00000,0x0000003dd9c00000)]
  0x0000021cccaed000 JavaThread "Unconstrained build operations Thread 15" [_thread_blocked, id=28812, stack(0x0000003dd9c00000,0x0000003dd9d00000)]
  0x0000021cccaee000 JavaThread "Unconstrained build operations Thread 16" [_thread_blocked, id=44024, stack(0x0000003dd9d00000,0x0000003dd9e00000)]
  0x0000021ccd042800 JavaThread "Unconstrained build operations Thread 17" [_thread_blocked, id=16736, stack(0x0000003dd9e00000,0x0000003dd9f00000)]
  0x0000021ccd03e800 JavaThread "Unconstrained build operations Thread 18" [_thread_blocked, id=10704, stack(0x0000003dd9f00000,0x0000003dda000000)]
  0x0000021ccd045000 JavaThread "Unconstrained build operations Thread 19" [_thread_blocked, id=45912, stack(0x0000003dda000000,0x0000003dda100000)]
  0x0000021ccd043000 JavaThread "Unconstrained build operations Thread 20" [_thread_blocked, id=44956, stack(0x0000003dda100000,0x0000003dda200000)]
  0x0000021ccd03f000 JavaThread "Unconstrained build operations Thread 21" [_thread_blocked, id=16912, stack(0x0000003dda200000,0x0000003dda300000)]
  0x0000021ccd040000 JavaThread "Unconstrained build operations Thread 22" [_thread_blocked, id=14648, stack(0x0000003dda300000,0x0000003dda400000)]
  0x0000021ccd044000 JavaThread "Unconstrained build operations Thread 23" [_thread_blocked, id=46192, stack(0x0000003dda400000,0x0000003dda500000)]
  0x0000021ccd045800 JavaThread "Unconstrained build operations Thread 24" [_thread_blocked, id=46188, stack(0x0000003dda500000,0x0000003dda600000)]
  0x0000021ccd046800 JavaThread "Unconstrained build operations Thread 25" [_thread_blocked, id=50892, stack(0x0000003dda600000,0x0000003dda700000)]
  0x0000021ccd040800 JavaThread "Unconstrained build operations Thread 26" [_thread_blocked, id=34548, stack(0x0000003dda700000,0x0000003dda800000)]
  0x0000021ccd047800 JavaThread "Unconstrained build operations Thread 27" [_thread_blocked, id=51012, stack(0x0000003dda800000,0x0000003dda900000)]
  0x0000021ccd041800 JavaThread "Unconstrained build operations Thread 28" [_thread_blocked, id=49288, stack(0x0000003dda900000,0x0000003ddaa00000)]
  0x0000021ccd04d000 JavaThread "Unconstrained build operations Thread 29" [_thread_blocked, id=25264, stack(0x0000003ddaa00000,0x0000003ddab00000)]
  0x0000021ccd048000 JavaThread "Unconstrained build operations Thread 30" [_thread_blocked, id=31104, stack(0x0000003ddab00000,0x0000003ddac00000)]
  0x0000021ccd049000 JavaThread "Unconstrained build operations Thread 31" [_thread_blocked, id=40068, stack(0x0000003ddac00000,0x0000003ddad00000)]
  0x0000021ccd049800 JavaThread "Unconstrained build operations Thread 32" [_thread_blocked, id=34412, stack(0x0000003ddad00000,0x0000003ddae00000)]
  0x0000021ccd04a800 JavaThread "Unconstrained build operations Thread 33" [_thread_blocked, id=10620, stack(0x0000003ddae00000,0x0000003ddaf00000)]
  0x0000021ccd04b800 JavaThread "Unconstrained build operations Thread 34" [_thread_blocked, id=27120, stack(0x0000003ddaf00000,0x0000003ddb000000)]
  0x0000021ccd04c000 JavaThread "Unconstrained build operations Thread 35" [_thread_blocked, id=40912, stack(0x0000003ddb000000,0x0000003ddb100000)]
  0x0000021ccf346000 JavaThread "Unconstrained build operations Thread 36" [_thread_blocked, id=7504, stack(0x0000003ddb100000,0x0000003ddb200000)]
  0x0000021ccf346800 JavaThread "Unconstrained build operations Thread 37" [_thread_blocked, id=46644, stack(0x0000003ddb200000,0x0000003ddb300000)]
  0x0000021ccf347800 JavaThread "Unconstrained build operations Thread 38" [_thread_blocked, id=37332, stack(0x0000003ddb300000,0x0000003ddb400000)]
  0x0000021ccf345000 JavaThread "Unconstrained build operations Thread 39" [_thread_blocked, id=49524, stack(0x0000003ddb400000,0x0000003ddb500000)]
  0x0000021ccf344000 JavaThread "Unconstrained build operations Thread 40" [_thread_blocked, id=47636, stack(0x0000003ddb500000,0x0000003ddb600000)]
  0x0000021ccf348000 JavaThread "Memory manager" [_thread_blocked, id=13468, stack(0x0000003ddb600000,0x0000003ddb700000)]
  0x0000021ccf343800 JavaThread "build event listener" [_thread_blocked, id=44704, stack(0x0000003ddb700000,0x0000003ddb800000)]
  0x0000021ccf34b800 JavaThread "Cache worker for execution history cache (D:\ETES\explorengv2\.gradle\7.3.3\executionHistory)" [_thread_blocked, id=4768, stack(0x0000003ddbb00000,0x0000003ddbc00000)]

Other Threads:
  0x0000021cc9f1f800 VMThread "VM Thread" [stack: 0x0000003dd6400000,0x0000003dd6500000] [id=50908]
  0x0000021ccaa27000 WatcherThread [stack: 0x0000003dd6e00000,0x0000003dd6f00000] [id=46260]
  0x0000021cb0359800 GCTaskThread "GC Thread#0" [stack: 0x0000003dd5f00000,0x0000003dd6000000] [id=13380]
  0x0000021ccac09000 GCTaskThread "GC Thread#1" [stack: 0x0000003dd7000000,0x0000003dd7100000] [id=50184]
  0x0000021ccac62800 GCTaskThread "GC Thread#2" [stack: 0x0000003dd7600000,0x0000003dd7700000] [id=10980]
  0x0000021ccac63000 GCTaskThread "GC Thread#3" [stack: 0x0000003dd7700000,0x0000003dd7800000] [id=45388]
  0x0000021cb0389000 ConcurrentGCThread "G1 Main Marker" [stack: 0x0000003dd6000000,0x0000003dd6100000] [id=48588]
  0x0000021cb038b800 ConcurrentGCThread "G1 Conc#0" [stack: 0x0000003dd6100000,0x0000003dd6200000] [id=9080]
  0x0000021cb040a000 ConcurrentGCThread "G1 Refine#0" [stack: 0x0000003dd6200000,0x0000003dd6300000] [id=6256]
  0x0000021cb040e000 ConcurrentGCThread "G1 Young RemSet Sampling" [stack: 0x0000003dd6300000,0x0000003dd6400000] [id=50832]

Threads with active compile tasks:
C2 CompilerThread0  40903 9751       4       java.util.regex.Pattern::escape (1323 bytes)

VM state:not at safepoint (normal execution)

VM Mutex/Monitor currently owned by a thread: None

Heap address: 0x0000000080000000, size: 2048 MB, Compressed Oops mode: 32-bit
Narrow klass base: 0x0000000000000000, Narrow klass shift: 3
Compressed class space size: 1073741824 Address: 0x0000000100000000

Heap:
 garbage-first heap   total 175104K, used 138668K [0x0000000080000000, 0x0000000100000000)
  region size 1024K, 19 young (19456K), 1 survivors (1024K)
 Metaspace       used 89189K, capacity 91463K, committed 91648K, reserved 1128448K
  class space    used 11682K, capacity 12518K, committed 12544K, reserved 1048576K
Heap Regions: E=young(eden), S=young(survivor), O=old, HS=humongous(starts), HC=humongous(continues), CS=collection set, F=free, A=archive, TAMS=top-at-mark-start (previous, next)
|   0|0x0000000080000000, 0x0000000080100000, 0x0000000080100000|100%| O|  |TAMS 0x0000000080100000, 0x0000000080000000| Untracked 
|   1|0x0000000080100000, 0x0000000080200000, 0x0000000080200000|100%| O|  |TAMS 0x0000000080200000, 0x0000000080100000| Untracked 
|   2|0x0000000080200000, 0x0000000080300000, 0x0000000080300000|100%| O|  |TAMS 0x0000000080300000, 0x0000000080200000| Untracked 
|   3|0x0000000080300000, 0x0000000080400000, 0x0000000080400000|100%|HS|  |TAMS 0x0000000080400000, 0x0000000080300000| Complete 
|   4|0x0000000080400000, 0x0000000080500000, 0x0000000080500000|100%|HC|  |TAMS 0x0000000080500000, 0x0000000080400000| Complete 
|   5|0x0000000080500000, 0x0000000080600000, 0x0000000080600000|100%|HC|  |TAMS 0x0000000080600000, 0x0000000080500000| Complete 
|   6|0x0000000080600000, 0x0000000080700000, 0x0000000080700000|100%| O|  |TAMS 0x0000000080700000, 0x0000000080600000| Untracked 
|   7|0x0000000080700000, 0x0000000080800000, 0x0000000080800000|100%| O|  |TAMS 0x0000000080800000, 0x0000000080700000| Untracked 
|   8|0x0000000080800000, 0x0000000080900000, 0x0000000080900000|100%| O|  |TAMS 0x0000000080900000, 0x0000000080800000| Untracked 
|   9|0x0000000080900000, 0x0000000080a00000, 0x0000000080a00000|100%| O|  |TAMS 0x0000000080a00000, 0x0000000080900000| Untracked 
|  10|0x0000000080a00000, 0x0000000080b00000, 0x0000000080b00000|100%| O|  |TAMS 0x0000000080b00000, 0x0000000080a00000| Untracked 
|  11|0x0000000080b00000, 0x0000000080c00000, 0x0000000080c00000|100%| O|  |TAMS 0x0000000080c00000, 0x0000000080b00000| Untracked 
|  12|0x0000000080c00000, 0x0000000080d00000, 0x0000000080d00000|100%| O|  |TAMS 0x0000000080d00000, 0x0000000080c00000| Untracked 
|  13|0x0000000080d00000, 0x0000000080e00000, 0x0000000080e00000|100%| O|  |TAMS 0x0000000080e00000, 0x0000000080d00000| Untracked 
|  14|0x0000000080e00000, 0x0000000080f00000, 0x0000000080f00000|100%| O|  |TAMS 0x0000000080f00000, 0x0000000080e00000| Untracked 
|  15|0x0000000080f00000, 0x0000000081000000, 0x0000000081000000|100%| O|  |TAMS 0x0000000081000000, 0x0000000080f00000| Untracked 
|  16|0x0000000081000000, 0x0000000081100000, 0x0000000081100000|100%|HS|  |TAMS 0x0000000081100000, 0x0000000081000000| Complete 
|  17|0x0000000081100000, 0x0000000081200000, 0x0000000081200000|100%|HC|  |TAMS 0x0000000081200000, 0x0000000081100000| Complete 
|  18|0x0000000081200000, 0x0000000081300000, 0x0000000081300000|100%|HS|  |TAMS 0x0000000081300000, 0x0000000081200000| Complete 
|  19|0x0000000081300000, 0x0000000081400000, 0x0000000081400000|100%|HC|  |TAMS 0x0000000081400000, 0x0000000081300000| Complete 
|  20|0x0000000081400000, 0x0000000081500000, 0x0000000081500000|100%|HC|  |TAMS 0x0000000081500000, 0x0000000081400000| Complete 
|  21|0x0000000081500000, 0x0000000081600000, 0x0000000081600000|100%|HS|  |TAMS 0x0000000081600000, 0x0000000081500000| Complete 
|  22|0x0000000081600000, 0x0000000081700000, 0x0000000081700000|100%|HS|  |TAMS 0x0000000081700000, 0x0000000081600000| Complete 
|  23|0x0000000081700000, 0x0000000081800000, 0x0000000081800000|100%|HC|  |TAMS 0x0000000081800000, 0x0000000081700000| Complete 
|  24|0x0000000081800000, 0x0000000081900000, 0x0000000081900000|100%|HC|  |TAMS 0x0000000081900000, 0x0000000081800000| Complete 
|  25|0x0000000081900000, 0x0000000081a00000, 0x0000000081a00000|100%|HC|  |TAMS 0x0000000081a00000, 0x0000000081900000| Complete 
|  26|0x0000000081a00000, 0x0000000081b00000, 0x0000000081b00000|100%| O|  |TAMS 0x0000000081b00000, 0x0000000081a00000| Untracked 
|  27|0x0000000081b00000, 0x0000000081c00000, 0x0000000081c00000|100%| O|  |TAMS 0x0000000081c00000, 0x0000000081b00000| Untracked 
|  28|0x0000000081c00000, 0x0000000081d00000, 0x0000000081d00000|100%| O|  |TAMS 0x0000000081d00000, 0x0000000081c00000| Untracked 
|  29|0x0000000081d00000, 0x0000000081e00000, 0x0000000081e00000|100%| O|  |TAMS 0x0000000081e00000, 0x0000000081d00000| Untracked 
|  30|0x0000000081e00000, 0x0000000081f00000, 0x0000000081f00000|100%| O|  |TAMS 0x0000000081f00000, 0x0000000081e00000| Untracked 
|  31|0x0000000081f00000, 0x0000000082000000, 0x0000000082000000|100%| O|  |TAMS 0x0000000082000000, 0x0000000081f00000| Untracked 
|  32|0x0000000082000000, 0x0000000082100000, 0x0000000082100000|100%| O|  |TAMS 0x0000000082100000, 0x0000000082000000| Untracked 
|  33|0x0000000082100000, 0x0000000082200000, 0x0000000082200000|100%| O|  |TAMS 0x0000000082200000, 0x0000000082100000| Untracked 
|  34|0x0000000082200000, 0x0000000082300000, 0x0000000082300000|100%| O|  |TAMS 0x0000000082300000, 0x0000000082200000| Untracked 
|  35|0x0000000082300000, 0x0000000082400000, 0x0000000082400000|100%|HS|  |TAMS 0x0000000082400000, 0x0000000082300000| Complete 
|  36|0x0000000082400000, 0x0000000082500000, 0x0000000082500000|100%|HC|  |TAMS 0x0000000082500000, 0x0000000082400000| Complete 
|  37|0x0000000082500000, 0x0000000082600000, 0x0000000082600000|100%|HC|  |TAMS 0x0000000082600000, 0x0000000082500000| Complete 
|  38|0x0000000082600000, 0x0000000082700000, 0x0000000082700000|100%| O|  |TAMS 0x0000000082700000, 0x0000000082600000| Untracked 
|  39|0x0000000082700000, 0x0000000082800000, 0x0000000082800000|100%| O|  |TAMS 0x0000000082800000, 0x0000000082700000| Untracked 
|  40|0x0000000082800000, 0x0000000082900000, 0x0000000082900000|100%| O|  |TAMS 0x0000000082900000, 0x0000000082800000| Untracked 
|  41|0x0000000082900000, 0x0000000082a00000, 0x0000000082a00000|100%| O|  |TAMS 0x0000000082a00000, 0x0000000082900000| Untracked 
|  42|0x0000000082a00000, 0x0000000082b00000, 0x0000000082b00000|100%| O|  |TAMS 0x0000000082b00000, 0x0000000082a00000| Untracked 
|  43|0x0000000082b00000, 0x0000000082c00000, 0x0000000082c00000|100%|HS|  |TAMS 0x0000000082c00000, 0x0000000082b00000| Complete 
|  44|0x0000000082c00000, 0x0000000082d00000, 0x0000000082d00000|100%|HS|  |TAMS 0x0000000082d00000, 0x0000000082c00000| Complete 
|  45|0x0000000082d00000, 0x0000000082e00000, 0x0000000082e00000|100%|HC|  |TAMS 0x0000000082e00000, 0x0000000082d00000| Complete 
|  46|0x0000000082e00000, 0x0000000082f00000, 0x0000000082f00000|100%|HC|  |TAMS 0x0000000082f00000, 0x0000000082e00000| Complete 
|  47|0x0000000082f00000, 0x0000000083000000, 0x0000000083000000|100%|HC|  |TAMS 0x0000000083000000, 0x0000000082f00000| Complete 
|  48|0x0000000083000000, 0x0000000083100000, 0x0000000083100000|100%| O|  |TAMS 0x0000000083100000, 0x0000000083000000| Untracked 
|  49|0x0000000083100000, 0x0000000083200000, 0x0000000083200000|100%| O|  |TAMS 0x0000000083200000, 0x0000000083100000| Untracked 
|  50|0x0000000083200000, 0x0000000083300000, 0x0000000083300000|100%| O|  |TAMS 0x0000000083300000, 0x0000000083200000| Untracked 
|  51|0x0000000083300000, 0x0000000083400000, 0x0000000083400000|100%| O|  |TAMS 0x0000000083400000, 0x0000000083300000| Untracked 
|  52|0x0000000083400000, 0x0000000083500000, 0x0000000083500000|100%| O|  |TAMS 0x0000000083500000, 0x0000000083400000| Untracked 
|  53|0x0000000083500000, 0x0000000083600000, 0x0000000083600000|100%| O|  |TAMS 0x0000000083600000, 0x0000000083500000| Untracked 
|  54|0x0000000083600000, 0x0000000083700000, 0x0000000083700000|100%| O|  |TAMS 0x0000000083700000, 0x0000000083600000| Untracked 
|  55|0x0000000083700000, 0x0000000083800000, 0x0000000083800000|100%| O|  |TAMS 0x0000000083800000, 0x0000000083700000| Untracked 
|  56|0x0000000083800000, 0x0000000083900000, 0x0000000083900000|100%| O|  |TAMS 0x0000000083900000, 0x0000000083800000| Untracked 
|  57|0x0000000083900000, 0x0000000083a00000, 0x0000000083a00000|100%| O|  |TAMS 0x0000000083a00000, 0x0000000083900000| Untracked 
|  58|0x0000000083a00000, 0x0000000083b00000, 0x0000000083b00000|100%| O|  |TAMS 0x0000000083b00000, 0x0000000083a00000| Untracked 
|  59|0x0000000083b00000, 0x0000000083c00000, 0x0000000083c00000|100%| O|  |TAMS 0x0000000083c00000, 0x0000000083b00000| Untracked 
|  60|0x0000000083c00000, 0x0000000083d00000, 0x0000000083d00000|100%| O|  |TAMS 0x0000000083d00000, 0x0000000083c00000| Untracked 
|  61|0x0000000083d00000, 0x0000000083e00000, 0x0000000083e00000|100%| O|  |TAMS 0x0000000083e00000, 0x0000000083d00000| Untracked 
|  62|0x0000000083e00000, 0x0000000083f00000, 0x0000000083f00000|100%| O|  |TAMS 0x0000000083f00000, 0x0000000083e00000| Untracked 
|  63|0x0000000083f00000, 0x0000000084000000, 0x0000000084000000|100%| O|  |TAMS 0x0000000084000000, 0x0000000083f00000| Untracked 
|  64|0x0000000084000000, 0x0000000084100000, 0x0000000084100000|100%|HS|  |TAMS 0x0000000084100000, 0x0000000084000000| Complete 
|  65|0x0000000084100000, 0x0000000084200000, 0x0000000084200000|100%|HS|  |TAMS 0x0000000084200000, 0x0000000084100000| Complete 
|  66|0x0000000084200000, 0x0000000084300000, 0x0000000084300000|100%|HS|  |TAMS 0x0000000084300000, 0x0000000084200000| Complete 
|  67|0x0000000084300000, 0x0000000084400000, 0x0000000084400000|100%|HS|  |TAMS 0x0000000084400000, 0x0000000084300000| Complete 
|  68|0x0000000084400000, 0x0000000084500000, 0x0000000084500000|100%|HC|  |TAMS 0x0000000084500000, 0x0000000084400000| Complete 
|  69|0x0000000084500000, 0x0000000084600000, 0x0000000084600000|100%|HC|  |TAMS 0x0000000084600000, 0x0000000084500000| Complete 
|  70|0x0000000084600000, 0x0000000084700000, 0x0000000084700000|100%| O|  |TAMS 0x0000000084700000, 0x0000000084600000| Untracked 
|  71|0x0000000084700000, 0x0000000084800000, 0x0000000084800000|100%| O|  |TAMS 0x0000000084800000, 0x0000000084700000| Untracked 
|  72|0x0000000084800000, 0x0000000084900000, 0x0000000084900000|100%| O|  |TAMS 0x0000000084900000, 0x0000000084800000| Untracked 
|  73|0x0000000084900000, 0x0000000084a00000, 0x0000000084a00000|100%|HS|  |TAMS 0x0000000084a00000, 0x0000000084900000| Complete 
|  74|0x0000000084a00000, 0x0000000084b00000, 0x0000000084b00000|100%|HC|  |TAMS 0x0000000084b00000, 0x0000000084a00000| Complete 
|  75|0x0000000084b00000, 0x0000000084c00000, 0x0000000084c00000|100%| O|  |TAMS 0x0000000084c00000, 0x0000000084b00000| Untracked 
|  76|0x0000000084c00000, 0x0000000084d00000, 0x0000000084d00000|100%| O|  |TAMS 0x0000000084d00000, 0x0000000084c00000| Untracked 
|  77|0x0000000084d00000, 0x0000000084e00000, 0x0000000084e00000|100%| O|  |TAMS 0x0000000084e00000, 0x0000000084d00000| Untracked 
|  78|0x0000000084e00000, 0x0000000084f00000, 0x0000000084f00000|100%| O|  |TAMS 0x0000000084f00000, 0x0000000084e00000| Untracked 
|  79|0x0000000084f00000, 0x0000000085000000, 0x0000000085000000|100%| O|  |TAMS 0x0000000085000000, 0x0000000084f00000| Untracked 
|  80|0x0000000085000000, 0x0000000085100000, 0x0000000085100000|100%| O|  |TAMS 0x0000000085100000, 0x0000000085000000| Untracked 
|  81|0x0000000085100000, 0x0000000085200000, 0x0000000085200000|100%| O|  |TAMS 0x0000000085200000, 0x0000000085100000| Untracked 
|  82|0x0000000085200000, 0x0000000085300000, 0x0000000085300000|100%| O|  |TAMS 0x0000000085300000, 0x0000000085200000| Untracked 
|  83|0x0000000085300000, 0x0000000085400000, 0x0000000085400000|100%| O|  |TAMS 0x0000000085400000, 0x0000000085300000| Untracked 
|  84|0x0000000085400000, 0x0000000085500000, 0x0000000085500000|100%| O|  |TAMS 0x0000000085500000, 0x0000000085400000| Untracked 
|  85|0x0000000085500000, 0x0000000085600000, 0x0000000085600000|100%| O|  |TAMS 0x0000000085600000, 0x0000000085500000| Untracked 
|  86|0x0000000085600000, 0x0000000085700000, 0x0000000085700000|100%| O|  |TAMS 0x0000000085700000, 0x0000000085600000| Untracked 
|  87|0x0000000085700000, 0x0000000085800000, 0x0000000085800000|100%| O|  |TAMS 0x0000000085800000, 0x0000000085700000| Untracked 
|  88|0x0000000085800000, 0x0000000085900000, 0x0000000085900000|100%| O|  |TAMS 0x0000000085900000, 0x0000000085800000| Untracked 
|  89|0x0000000085900000, 0x0000000085a00000, 0x0000000085a00000|100%| O|  |TAMS 0x0000000085a00000, 0x0000000085900000| Untracked 
|  90|0x0000000085a00000, 0x0000000085b00000, 0x0000000085b00000|100%| O|  |TAMS 0x0000000085b00000, 0x0000000085a00000| Untracked 
|  91|0x0000000085b00000, 0x0000000085c00000, 0x0000000085c00000|100%| O|  |TAMS 0x0000000085c00000, 0x0000000085b00000| Untracked 
|  92|0x0000000085c00000, 0x0000000085d00000, 0x0000000085d00000|100%| O|  |TAMS 0x0000000085d00000, 0x0000000085c00000| Untracked 
|  93|0x0000000085d00000, 0x0000000085e00000, 0x0000000085e00000|100%| O|  |TAMS 0x0000000085e00000, 0x0000000085d00000| Untracked 
|  94|0x0000000085e00000, 0x0000000085f00000, 0x0000000085f00000|100%| O|  |TAMS 0x0000000085f00000, 0x0000000085e00000| Untracked 
|  95|0x0000000085f00000, 0x0000000086000000, 0x0000000086000000|100%| O|  |TAMS 0x0000000086000000, 0x0000000085f00000| Untracked 
|  96|0x0000000086000000, 0x0000000086100000, 0x0000000086100000|100%| O|  |TAMS 0x0000000086100000, 0x0000000086000000| Untracked 
|  97|0x0000000086100000, 0x0000000086200000, 0x0000000086200000|100%| O|  |TAMS 0x0000000086200000, 0x0000000086100000| Untracked 
|  98|0x0000000086200000, 0x0000000086300000, 0x0000000086300000|100%| O|  |TAMS 0x0000000086300000, 0x0000000086200000| Untracked 
|  99|0x0000000086300000, 0x0000000086400000, 0x0000000086400000|100%| O|  |TAMS 0x0000000086400000, 0x0000000086300000| Untracked 
| 100|0x0000000086400000, 0x0000000086500000, 0x0000000086500000|100%| O|  |TAMS 0x0000000086500000, 0x0000000086400000| Untracked 
| 101|0x0000000086500000, 0x0000000086600000, 0x0000000086600000|100%|HS|  |TAMS 0x0000000086600000, 0x0000000086500000| Complete 
| 102|0x0000000086600000, 0x0000000086700000, 0x0000000086700000|100%|HC|  |TAMS 0x0000000086700000, 0x0000000086600000| Complete 
| 103|0x0000000086700000, 0x0000000086800000, 0x0000000086800000|100%|HS|  |TAMS 0x0000000086800000, 0x0000000086700000| Complete 
| 104|0x0000000086800000, 0x0000000086900000, 0x0000000086900000|100%|HC|  |TAMS 0x0000000086900000, 0x0000000086800000| Complete 
| 105|0x0000000086900000, 0x0000000086a00000, 0x0000000086a00000|100%|HC|  |TAMS 0x0000000086a00000, 0x0000000086900000| Complete 
| 106|0x0000000086a00000, 0x0000000086b00000, 0x0000000086b00000|100%| O|  |TAMS 0x0000000086b00000, 0x0000000086a00000| Untracked 
| 107|0x0000000086b00000, 0x0000000086c00000, 0x0000000086c00000|100%| O|  |TAMS 0x0000000086c00000, 0x0000000086b00000| Untracked 
| 108|0x0000000086c00000, 0x0000000086d00000, 0x0000000086d00000|100%| O|  |TAMS 0x0000000086d00000, 0x0000000086c00000| Untracked 
| 109|0x0000000086d00000, 0x0000000086e00000, 0x0000000086e00000|100%|HS|  |TAMS 0x0000000086e00000, 0x0000000086d00000| Complete 
| 110|0x0000000086e00000, 0x0000000086f00000, 0x0000000086f00000|100%|HS|  |TAMS 0x0000000086f00000, 0x0000000086e00000| Complete 
| 111|0x0000000086f00000, 0x0000000087000000, 0x0000000087000000|100%|HC|  |TAMS 0x0000000087000000, 0x0000000086f00000| Complete 
| 112|0x0000000087000000, 0x0000000087100000, 0x0000000087100000|100%|HC|  |TAMS 0x0000000087100000, 0x0000000087000000| Complete 
| 113|0x0000000087100000, 0x0000000087200000, 0x0000000087200000|100%|HC|  |TAMS 0x0000000087200000, 0x0000000087100000| Complete 
| 114|0x0000000087200000, 0x0000000087300000, 0x0000000087300000|100%| O|  |TAMS 0x0000000087300000, 0x0000000087200000| Untracked 
| 115|0x0000000087300000, 0x0000000087400000, 0x0000000087400000|100%| O|  |TAMS 0x0000000087400000, 0x0000000087300000| Untracked 
| 116|0x0000000087400000, 0x0000000087500000, 0x0000000087500000|100%| O|  |TAMS 0x0000000087500000, 0x0000000087400000| Untracked 
| 117|0x0000000087500000, 0x000000008756e800, 0x0000000087600000| 43%| O|  |TAMS 0x000000008756e800, 0x0000000087500000| Untracked 
| 118|0x0000000087600000, 0x0000000087600000, 0x0000000087700000|  0%| F|  |TAMS 0x0000000087600000, 0x0000000087600000| Untracked 
| 119|0x0000000087700000, 0x0000000087700000, 0x0000000087800000|  0%| F|  |TAMS 0x0000000087700000, 0x0000000087700000| Untracked 
| 120|0x0000000087800000, 0x0000000087800000, 0x0000000087900000|  0%| F|  |TAMS 0x0000000087800000, 0x0000000087800000| Untracked 
| 121|0x0000000087900000, 0x0000000087900000, 0x0000000087a00000|  0%| F|  |TAMS 0x0000000087900000, 0x0000000087900000| Untracked 
| 122|0x0000000087a00000, 0x0000000087a00000, 0x0000000087b00000|  0%| F|  |TAMS 0x0000000087a00000, 0x0000000087a00000| Untracked 
| 123|0x0000000087b00000, 0x0000000087b00000, 0x0000000087c00000|  0%| F|  |TAMS 0x0000000087b00000, 0x0000000087b00000| Untracked 
| 124|0x0000000087c00000, 0x0000000087c00000, 0x0000000087d00000|  0%| F|  |TAMS 0x0000000087c00000, 0x0000000087c00000| Untracked 
| 125|0x0000000087d00000, 0x0000000087d00000, 0x0000000087e00000|  0%| F|  |TAMS 0x0000000087d00000, 0x0000000087d00000| Untracked 
| 126|0x0000000087e00000, 0x0000000087e00000, 0x0000000087f00000|  0%| F|  |TAMS 0x0000000087e00000, 0x0000000087e00000| Untracked 
| 127|0x0000000087f00000, 0x0000000087f00000, 0x0000000088000000|  0%| F|  |TAMS 0x0000000087f00000, 0x0000000087f00000| Untracked 
| 128|0x0000000088000000, 0x0000000088000000, 0x0000000088100000|  0%| F|  |TAMS 0x0000000088000000, 0x0000000088000000| Untracked 
| 129|0x0000000088100000, 0x0000000088100000, 0x0000000088200000|  0%| F|  |TAMS 0x0000000088100000, 0x0000000088100000| Untracked 
| 130|0x0000000088200000, 0x0000000088200000, 0x0000000088300000|  0%| F|  |TAMS 0x0000000088200000, 0x0000000088200000| Untracked 
| 131|0x0000000088300000, 0x0000000088300000, 0x0000000088400000|  0%| F|  |TAMS 0x0000000088300000, 0x0000000088300000| Untracked 
| 132|0x0000000088400000, 0x0000000088400000, 0x0000000088500000|  0%| F|  |TAMS 0x0000000088400000, 0x0000000088400000| Untracked 
| 133|0x0000000088500000, 0x0000000088500000, 0x0000000088600000|  0%| F|  |TAMS 0x0000000088500000, 0x0000000088500000| Untracked 
| 134|0x0000000088600000, 0x0000000088600000, 0x0000000088700000|  0%| F|  |TAMS 0x0000000088600000, 0x0000000088600000| Untracked 
| 135|0x0000000088700000, 0x0000000088700000, 0x0000000088800000|  0%| F|  |TAMS 0x0000000088700000, 0x0000000088700000| Untracked 
| 136|0x0000000088800000, 0x0000000088800000, 0x0000000088900000|  0%| F|  |TAMS 0x0000000088800000, 0x0000000088800000| Untracked 
| 137|0x0000000088900000, 0x0000000088900000, 0x0000000088a00000|  0%| F|  |TAMS 0x0000000088900000, 0x0000000088900000| Untracked 
| 138|0x0000000088a00000, 0x0000000088a00000, 0x0000000088b00000|  0%| F|  |TAMS 0x0000000088a00000, 0x0000000088a00000| Untracked 
| 139|0x0000000088b00000, 0x0000000088b00000, 0x0000000088c00000|  0%| F|  |TAMS 0x0000000088b00000, 0x0000000088b00000| Untracked 
| 140|0x0000000088c00000, 0x0000000088c00000, 0x0000000088d00000|  0%| F|  |TAMS 0x0000000088c00000, 0x0000000088c00000| Untracked 
| 141|0x0000000088d00000, 0x0000000088d00000, 0x0000000088e00000|  0%| F|  |TAMS 0x0000000088d00000, 0x0000000088d00000| Untracked 
| 142|0x0000000088e00000, 0x0000000088e00000, 0x0000000088f00000|  0%| F|  |TAMS 0x0000000088e00000, 0x0000000088e00000| Untracked 
| 143|0x0000000088f00000, 0x0000000088f00000, 0x0000000089000000|  0%| F|  |TAMS 0x0000000088f00000, 0x0000000088f00000| Untracked 
| 144|0x0000000089000000, 0x0000000089000000, 0x0000000089100000|  0%| F|  |TAMS 0x0000000089000000, 0x0000000089000000| Untracked 
| 145|0x0000000089100000, 0x0000000089100000, 0x0000000089200000|  0%| F|  |TAMS 0x0000000089100000, 0x0000000089100000| Untracked 
| 146|0x0000000089200000, 0x0000000089200000, 0x0000000089300000|  0%| F|  |TAMS 0x0000000089200000, 0x0000000089200000| Untracked 
| 147|0x0000000089300000, 0x0000000089300000, 0x0000000089400000|  0%| F|  |TAMS 0x0000000089300000, 0x0000000089300000| Untracked 
| 148|0x0000000089400000, 0x0000000089400000, 0x0000000089500000|  0%| F|  |TAMS 0x0000000089400000, 0x0000000089400000| Untracked 
| 149|0x0000000089500000, 0x0000000089500000, 0x0000000089600000|  0%| F|  |TAMS 0x0000000089500000, 0x0000000089500000| Untracked 
| 150|0x0000000089600000, 0x0000000089600000, 0x0000000089700000|  0%| F|  |TAMS 0x0000000089600000, 0x0000000089600000| Untracked 
| 151|0x0000000089700000, 0x0000000089700000, 0x0000000089800000|  0%| F|  |TAMS 0x0000000089700000, 0x0000000089700000| Untracked 
| 152|0x0000000089800000, 0x00000000898fcb70, 0x0000000089900000| 98%| S|CS|TAMS 0x0000000089800000, 0x0000000089800000| Complete 
| 153|0x0000000089900000, 0x00000000899b18f8, 0x0000000089a00000| 69%| E|  |TAMS 0x0000000089900000, 0x0000000089900000| Complete 
| 154|0x0000000089a00000, 0x0000000089b00000, 0x0000000089b00000|100%| E|CS|TAMS 0x0000000089a00000, 0x0000000089a00000| Complete 
| 155|0x0000000089b00000, 0x0000000089c00000, 0x0000000089c00000|100%| E|CS|TAMS 0x0000000089b00000, 0x0000000089b00000| Complete 
| 156|0x0000000089c00000, 0x0000000089d00000, 0x0000000089d00000|100%| E|CS|TAMS 0x0000000089c00000, 0x0000000089c00000| Complete 
| 157|0x0000000089d00000, 0x0000000089e00000, 0x0000000089e00000|100%| E|CS|TAMS 0x0000000089d00000, 0x0000000089d00000| Complete 
| 158|0x0000000089e00000, 0x0000000089f00000, 0x0000000089f00000|100%| E|CS|TAMS 0x0000000089e00000, 0x0000000089e00000| Complete 
| 159|0x0000000089f00000, 0x000000008a000000, 0x000000008a000000|100%| E|CS|TAMS 0x0000000089f00000, 0x0000000089f00000| Complete 
| 160|0x000000008a000000, 0x000000008a100000, 0x000000008a100000|100%| E|CS|TAMS 0x000000008a000000, 0x000000008a000000| Complete 
| 161|0x000000008a100000, 0x000000008a200000, 0x000000008a200000|100%| E|CS|TAMS 0x000000008a100000, 0x000000008a100000| Complete 
| 162|0x000000008a200000, 0x000000008a300000, 0x000000008a300000|100%| E|CS|TAMS 0x000000008a200000, 0x000000008a200000| Complete 
| 163|0x000000008a300000, 0x000000008a400000, 0x000000008a400000|100%| E|CS|TAMS 0x000000008a300000, 0x000000008a300000| Complete 
| 164|0x000000008a400000, 0x000000008a500000, 0x000000008a500000|100%| E|CS|TAMS 0x000000008a400000, 0x000000008a400000| Complete 
| 165|0x000000008a500000, 0x000000008a600000, 0x000000008a600000|100%| E|CS|TAMS 0x000000008a500000, 0x000000008a500000| Complete 
| 166|0x000000008a600000, 0x000000008a700000, 0x000000008a700000|100%| E|CS|TAMS 0x000000008a600000, 0x000000008a600000| Complete 
| 167|0x000000008a700000, 0x000000008a800000, 0x000000008a800000|100%| E|CS|TAMS 0x000000008a700000, 0x000000008a700000| Complete 
| 168|0x000000008a800000, 0x000000008a900000, 0x000000008a900000|100%| E|CS|TAMS 0x000000008a800000, 0x000000008a800000| Complete 
| 169|0x000000008a900000, 0x000000008aa00000, 0x000000008aa00000|100%| E|CS|TAMS 0x000000008a900000, 0x000000008a900000| Complete 
| 170|0x000000008aa00000, 0x000000008ab00000, 0x000000008ab00000|100%| E|CS|TAMS 0x000000008aa00000, 0x000000008aa00000| Complete 

Card table byte_map: [0x0000021cc3250000,0x0000021cc3650000] _byte_map_base: 0x0000021cc2e50000

Marking Bits (Prev, Next): (CMBitMap*) 0x0000021cb03805f0, (CMBitMap*) 0x0000021cb03805b8
 Prev Bits: [0x0000021cc5a50000, 0x0000021cc7a50000)
 Next Bits: [0x0000021cc3a50000, 0x0000021cc5a50000)

Polling page: 0x0000021cae1e0000

Metaspace:

Usage:
  Non-class:     77.09 MB capacity,    75.69 MB ( 98%) used,     1.17 MB (  2%) free+waste,   240.94 KB ( <1%) overhead. 
      Class:     12.22 MB capacity,    11.41 MB ( 93%) used,   723.56 KB (  6%) free+waste,   112.38 KB ( <1%) overhead. 
       Both:     89.32 MB capacity,    87.10 MB ( 98%) used,     1.88 MB (  2%) free+waste,   353.31 KB ( <1%) overhead. 

Virtual space:
  Non-class space:       78.00 MB reserved,      77.25 MB (>99%) committed 
      Class space:        1.00 GB reserved,      12.25 MB (  1%) committed 
             Both:        1.08 GB reserved,      89.50 MB (  8%) committed 

Chunk freelists:
   Non-Class:  31.00 KB
       Class:  26.00 KB
        Both:  57.00 KB

MaxMetaspaceSize: 17179869184.00 GB
CompressedClassSpaceSize: 1.00 GB
Initial GC threshold: 20.80 MB
Current GC threshold: 146.88 MB
CDS: off

CodeHeap 'non-profiled nmethods': size=120064Kb used=6512Kb max_used=6512Kb free=113551Kb
 bounds [0x0000021cbb910000, 0x0000021cbbf70000, 0x0000021cc2e50000]
CodeHeap 'profiled nmethods': size=120000Kb used=21311Kb max_used=21311Kb free=98688Kb
 bounds [0x0000021cb43e0000, 0x0000021cb58b0000, 0x0000021cbb910000]
CodeHeap 'non-nmethods': size=5696Kb used=2382Kb max_used=2432Kb free=3313Kb
 bounds [0x0000021cb3e50000, 0x0000021cb40c0000, 0x0000021cb43e0000]
 total_blobs=10597 nmethods=9694 adapters=815
 compilation: enabled
              stopped_count=0, restarted_count=0
 full_count=0

Compilation events (20 events):
Event: 40.754 Thread 0x0000021cc9f53800 nmethod 9741 0x0000021cb58a9a10 code [0x0000021cb58a9ce0, 0x0000021cb58aa8d8]
Event: 40.754 Thread 0x0000021cc9f53800 9742       3       org.codehaus.groovy.classgen.asm.BytecodeHelper::getTypeDescription (5 bytes)
Event: 40.754 Thread 0x0000021cc9f53800 nmethod 9742 0x0000021cb58aad10 code [0x0000021cb58aaf00, 0x0000021cb58ab1a8]
Event: 40.755 Thread 0x0000021cc9f4d000 9743       4       java.lang.Class::getClassLoader (28 bytes)
Event: 40.755 Thread 0x0000021cc9f4d000 nmethod 9743 0x0000021cbbf6a710 code [0x0000021cbbf6a8a0, 0x0000021cbbf6a938]
Event: 40.755 Thread 0x0000021cc9f53800 9744       3       org.codehaus.groovy.reflection.ClassLoaderForClassArtifacts::loadClass (38 bytes)
Event: 40.756 Thread 0x0000021cc9f53800 nmethod 9744 0x0000021cb58ab310 code [0x0000021cb58ab500, 0x0000021cb58ab8a8]
Event: 40.756 Thread 0x0000021cc9f53800 9745  s!   3       org.codehaus.groovy.runtime.callsite.CallSiteClassLoader::loadClass (44 bytes)
Event: 40.757 Thread 0x0000021cc9f53800 nmethod 9745 0x0000021cb58aba10 code [0x0000021cb58abd40, 0x0000021cb58ad4b8]
Event: 40.757 Thread 0x0000021cc9f53800 9746       3       org.codehaus.groovy.runtime.InvokerHelper::getMetaClass (28 bytes)
Event: 40.757 Thread 0x0000021cc9f53800 nmethod 9746 0x0000021cb58adb90 code [0x0000021cb58ade20, 0x0000021cb58aeb88]
Event: 40.766 Thread 0x0000021cc9f53800 9747       3       sun.reflect.generics.repository.MethodRepository::computeReturnType (26 bytes)
Event: 40.766 Thread 0x0000021cc9f4d000 9748       4       java.util.StringJoiner::add (104 bytes)
Event: 40.767 Thread 0x0000021cc9f53800 nmethod 9747 0x0000021cb58aef90 code [0x0000021cb58af1a0, 0x0000021cb58af848]
Event: 40.770 Thread 0x0000021cc9f4d000 nmethod 9748 0x0000021cbbf6aa10 code [0x0000021cbbf6abe0, 0x0000021cbbf6b0e8]
Event: 40.770 Thread 0x0000021cc9f4d000 9749       4       com.sun.beans.TypeResolver::erase (32 bytes)
Event: 40.778 Thread 0x0000021cc9f4d000 nmethod 9749 0x0000021cbbf6b390 code [0x0000021cbbf6b5a0, 0x0000021cbbf6bc90]
Event: 40.863 Thread 0x0000021cc9f53800 9750       3       org.codehaus.groovy.runtime.MetaClassHelper::getPrimitiveIndex (31 bytes)
Event: 40.863 Thread 0x0000021cc9f53800 nmethod 9750 0x0000021cb58afa90 code [0x0000021cb58afc60, 0x0000021cb58afe78]
Event: 40.865 Thread 0x0000021cc9f4d000 9751       4       java.util.regex.Pattern::escape (1323 bytes)

GC Heap History (20 events):
Event: 29.969 GC heap before
{Heap before GC invocations=68 (full 0):
 garbage-first heap   total 145408K, used 114773K [0x0000000080000000, 0x0000000100000000)
  region size 1024K, 19 young (19456K), 3 survivors (3072K)
 Metaspace       used 79490K, capacity 81456K, committed 81792K, reserved 1120256K
  class space    used 10301K, capacity 11010K, committed 11136K, reserved 1048576K
}
Event: 29.972 GC heap after
{Heap after GC invocations=69 (full 0):
 garbage-first heap   total 145408K, used 99297K [0x0000000080000000, 0x0000000100000000)
  region size 1024K, 3 young (3072K), 3 survivors (3072K)
 Metaspace       used 79490K, capacity 81456K, committed 81792K, reserved 1120256K
  class space    used 10301K, capacity 11010K, committed 11136K, reserved 1048576K
}
Event: 31.061 GC heap before
{Heap before GC invocations=69 (full 0):
 garbage-first heap   total 145408K, used 116705K [0x0000000080000000, 0x0000000100000000)
  region size 1024K, 20 young (20480K), 3 survivors (3072K)
 Metaspace       used 81422K, capacity 83347K, committed 83584K, reserved 1122304K
  class space    used 10614K, capacity 11313K, committed 11392K, reserved 1048576K
}
Event: 31.065 GC heap after
{Heap after GC invocations=70 (full 0):
 garbage-first heap   total 145408K, used 100352K [0x0000000080000000, 0x0000000100000000)
  region size 1024K, 2 young (2048K), 2 survivors (2048K)
 Metaspace       used 81422K, capacity 83347K, committed 83584K, reserved 1122304K
  class space    used 10614K, capacity 11313K, committed 11392K, reserved 1048576K
}
Event: 31.587 GC heap before
{Heap before GC invocations=71 (full 0):
 garbage-first heap   total 145408K, used 118784K [0x0000000080000000, 0x0000000100000000)
  region size 1024K, 20 young (20480K), 2 survivors (2048K)
 Metaspace       used 82005K, capacity 84011K, committed 84096K, reserved 1122304K
  class space    used 10687K, capacity 11383K, committed 11392K, reserved 1048576K
}
Event: 31.594 GC heap after
{Heap after GC invocations=72 (full 0):
 garbage-first heap   total 175104K, used 101649K [0x0000000080000000, 0x0000000100000000)
  region size 1024K, 3 young (3072K), 3 survivors (3072K)
 Metaspace       used 82005K, capacity 84011K, committed 84096K, reserved 1122304K
  class space    used 10687K, capacity 11383K, committed 11392K, reserved 1048576K
}
Event: 33.318 GC heap before
{Heap before GC invocations=72 (full 0):
 garbage-first heap   total 175104K, used 130321K [0x0000000080000000, 0x0000000100000000)
  region size 1024K, 31 young (31744K), 3 survivors (3072K)
 Metaspace       used 83806K, capacity 85884K, committed 86016K, reserved 1124352K
  class space    used 10946K, capacity 11721K, committed 11776K, reserved 1048576K
}
Event: 33.323 GC heap after
{Heap after GC invocations=73 (full 0):
 garbage-first heap   total 175104K, used 103343K [0x0000000080000000, 0x0000000100000000)
  region size 1024K, 3 young (3072K), 3 survivors (3072K)
 Metaspace       used 83806K, capacity 85884K, committed 86016K, reserved 1124352K
  class space    used 10946K, capacity 11721K, committed 11776K, reserved 1048576K
}
Event: 34.917 GC heap before
{Heap before GC invocations=74 (full 0):
 garbage-first heap   total 175104K, used 134063K [0x0000000080000000, 0x0000000100000000)
  region size 1024K, 33 young (33792K), 3 survivors (3072K)
 Metaspace       used 85423K, capacity 87553K, committed 87808K, reserved 1124352K
  class space    used 11151K, capacity 11915K, committed 12032K, reserved 1048576K
}
Event: 34.924 GC heap after
{Heap after GC invocations=75 (full 0):
 garbage-first heap   total 175104K, used 105775K [0x0000000080000000, 0x0000000100000000)
  region size 1024K, 4 young (4096K), 4 survivors (4096K)
 Metaspace       used 85423K, capacity 87553K, committed 87808K, reserved 1124352K
  class space    used 11151K, capacity 11915K, committed 12032K, reserved 1048576K
}
Event: 35.072 GC heap before
{Heap before GC invocations=75 (full 0):
 garbage-first heap   total 175104K, used 107823K [0x0000000080000000, 0x0000000100000000)
  region size 1024K, 7 young (7168K), 4 survivors (4096K)
 Metaspace       used 85774K, capacity 87937K, committed 88064K, reserved 1126400K
  class space    used 11191K, capacity 11979K, committed 12032K, reserved 1048576K
}
Event: 35.078 GC heap after
{Heap after GC invocations=76 (full 0):
 garbage-first heap   total 175104K, used 105946K [0x0000000080000000, 0x0000000100000000)
  region size 1024K, 3 young (3072K), 3 survivors (3072K)
 Metaspace       used 85774K, capacity 87937K, committed 88064K, reserved 1126400K
  class space    used 11191K, capacity 11979K, committed 12032K, reserved 1048576K
}
Event: 35.306 GC heap before
{Heap before GC invocations=77 (full 0):
 garbage-first heap   total 175104K, used 111066K [0x0000000080000000, 0x0000000100000000)
  region size 1024K, 4 young (4096K), 3 survivors (3072K)
 Metaspace       used 85774K, capacity 87937K, committed 88064K, reserved 1126400K
  class space    used 11191K, capacity 11979K, committed 12032K, reserved 1048576K
}
Event: 35.311 GC heap after
{Heap after GC invocations=78 (full 0):
 garbage-first heap   total 175104K, used 111686K [0x0000000080000000, 0x0000000100000000)
  region size 1024K, 1 young (1024K), 1 survivors (1024K)
 Metaspace       used 85774K, capacity 87937K, committed 88064K, reserved 1126400K
  class space    used 11191K, capacity 11979K, committed 12032K, reserved 1048576K
}
Event: 35.744 GC heap before
{Heap before GC invocations=79 (full 0):
 garbage-first heap   total 175104K, used 113734K [0x0000000080000000, 0x0000000100000000)
  region size 1024K, 3 young (3072K), 1 survivors (1024K)
 Metaspace       used 85777K, capacity 87941K, committed 88064K, reserved 1126400K
  class space    used 11191K, capacity 11979K, committed 12032K, reserved 1048576K
}
Event: 35.746 GC heap after
{Heap after GC invocations=80 (full 0):
 garbage-first heap   total 175104K, used 113325K [0x0000000080000000, 0x0000000100000000)
  region size 1024K, 2 young (2048K), 2 survivors (2048K)
 Metaspace       used 85777K, capacity 87941K, committed 88064K, reserved 1126400K
  class space    used 11191K, capacity 11979K, committed 12032K, reserved 1048576K
}
Event: 37.670 GC heap before
{Heap before GC invocations=81 (full 0):
 garbage-first heap   total 175104K, used 136877K [0x0000000080000000, 0x0000000100000000)
  region size 1024K, 21 young (21504K), 2 survivors (2048K)
 Metaspace       used 87179K, capacity 89427K, committed 89600K, reserved 1126400K
  class space    used 11412K, capacity 12229K, committed 12288K, reserved 1048576K
}
Event: 37.674 GC heap after
{Heap after GC invocations=82 (full 0):
 garbage-first heap   total 175104K, used 120137K [0x0000000080000000, 0x0000000100000000)
  region size 1024K, 3 young (3072K), 3 survivors (3072K)
 Metaspace       used 87179K, capacity 89427K, committed 89600K, reserved 1126400K
  class space    used 11412K, capacity 12229K, committed 12288K, reserved 1048576K
}
Event: 38.805 GC heap before
{Heap before GC invocations=82 (full 0):
 garbage-first heap   total 175104K, used 138569K [0x0000000080000000, 0x0000000100000000)
  region size 1024K, 21 young (21504K), 3 survivors (3072K)
 Metaspace       used 87724K, capacity 89987K, committed 90240K, reserved 1126400K
  class space    used 11484K, capacity 12308K, committed 12416K, reserved 1048576K
}
Event: 38.808 GC heap after
{Heap after GC invocations=83 (full 0):
 garbage-first heap   total 175104K, used 121260K [0x0000000080000000, 0x0000000100000000)
  region size 1024K, 1 young (1024K), 1 survivors (1024K)
 Metaspace       used 87724K, capacity 89987K, committed 90240K, reserved 1126400K
  class space    used 11484K, capacity 12308K, committed 12416K, reserved 1048576K
}

Deoptimization events (20 events):
Event: 38.609 Thread 0x0000021ccc25d800 DEOPT PACKING pc=0x0000021cbbb707c0 sp=0x0000003dd79f9e60
Event: 38.609 Thread 0x0000021ccc25d800 DEOPT UNPACKING pc=0x0000021cb3e9a1af sp=0x0000003dd79f9e18 mode 2
Event: 38.794 Thread 0x0000021ccc25d800 Uncommon trap: trap_request=0xffffffc6 fr.pc=0x0000021cbba6dc50 relative=0x00000000000008f0
Event: 38.794 Thread 0x0000021ccc25d800 Uncommon trap: reason=bimorphic_or_optimized_type_check action=maybe_recompile pc=0x0000021cbba6dc50 method=java.lang.Throwable.<init>(Ljava/lang/String;Ljava/lang/Throwable;)V @ 24 c2
Event: 38.794 Thread 0x0000021ccc25d800 DEOPT PACKING pc=0x0000021cbba6dc50 sp=0x0000003dd79fbf70
Event: 38.794 Thread 0x0000021ccc25d800 DEOPT UNPACKING pc=0x0000021cb3e9a1af sp=0x0000003dd79fbf38 mode 2
Event: 39.034 Thread 0x0000021ccc25d800 Uncommon trap: trap_request=0xffffffc6 fr.pc=0x0000021cbba6dc50 relative=0x00000000000008f0
Event: 39.034 Thread 0x0000021ccc25d800 Uncommon trap: reason=bimorphic_or_optimized_type_check action=maybe_recompile pc=0x0000021cbba6dc50 method=java.lang.Throwable.<init>(Ljava/lang/String;Ljava/lang/Throwable;)V @ 24 c2
Event: 39.034 Thread 0x0000021ccc25d800 DEOPT PACKING pc=0x0000021cbba6dc50 sp=0x0000003dd79fbf70
Event: 39.034 Thread 0x0000021ccc25d800 DEOPT UNPACKING pc=0x0000021cb3e9a1af sp=0x0000003dd79fbf38 mode 2
Event: 39.347 Thread 0x0000021ccc25d800 Uncommon trap: trap_request=0xffffffc6 fr.pc=0x0000021cbba6dc50 relative=0x00000000000008f0
Event: 39.347 Thread 0x0000021ccc25d800 Uncommon trap: reason=bimorphic_or_optimized_type_check action=maybe_recompile pc=0x0000021cbba6dc50 method=java.lang.Throwable.<init>(Ljava/lang/String;Ljava/lang/Throwable;)V @ 24 c2
Event: 39.347 Thread 0x0000021ccc25d800 DEOPT PACKING pc=0x0000021cbba6dc50 sp=0x0000003dd79fbf70
Event: 39.347 Thread 0x0000021ccc25d800 DEOPT UNPACKING pc=0x0000021cb3e9a1af sp=0x0000003dd79fbf38 mode 2
Event: 39.827 Thread 0x0000021ccc25d800 DEOPT PACKING pc=0x0000021cb55d14f0 sp=0x0000003dd79fad40
Event: 39.827 Thread 0x0000021ccc25d800 DEOPT UNPACKING pc=0x0000021cb3e9a95e sp=0x0000003dd79fa220 mode 0
Event: 39.948 Thread 0x0000021ccc25d800 Uncommon trap: trap_request=0xffffffc6 fr.pc=0x0000021cbba6dc50 relative=0x00000000000008f0
Event: 39.948 Thread 0x0000021ccc25d800 Uncommon trap: reason=bimorphic_or_optimized_type_check action=maybe_recompile pc=0x0000021cbba6dc50 method=java.lang.Throwable.<init>(Ljava/lang/String;Ljava/lang/Throwable;)V @ 24 c2
Event: 39.948 Thread 0x0000021ccc25d800 DEOPT PACKING pc=0x0000021cbba6dc50 sp=0x0000003dd79fbf70
Event: 39.948 Thread 0x0000021ccc25d800 DEOPT UNPACKING pc=0x0000021cb3e9a1af sp=0x0000003dd79fbf38 mode 2

Classes redefined (0 events):
No events

Internal exceptions (20 events):
Event: 38.696 Thread 0x0000021ccc25d800 Exception <a 'java/lang/ClassNotFoundException'{0x0000000089eb5e08}: org/gradle/internal/extensibility/ExtensionsStorage$ExtensionHolderBeanInfo> (0x0000000089eb5e08) thrown at [./src/hotspot/share/classfile/systemDictionary.cpp, line 231]
Event: 38.696 Thread 0x0000021ccc25d800 Exception <a 'java/lang/ClassNotFoundException'{0x0000000089ece7a0}: org/gradle/internal/extensibility/ExtensionsStorage$ExtensionHolderCustomizer> (0x0000000089ece7a0) thrown at [./src/hotspot/share/classfile/systemDictionary.cpp, line 231]
Event: 38.779 Thread 0x0000021ccc25d800 Exception <a 'java/lang/ClassNotFoundException'{0x0000000089b05988}: org/codehaus/groovy/runtime/NullObjectBeanInfo> (0x0000000089b05988) thrown at [./src/hotspot/share/classfile/systemDictionary.cpp, line 231]
Event: 38.781 Thread 0x0000021ccc25d800 Exception <a 'java/lang/ClassNotFoundException'{0x0000000089ada8f8}: org/codehaus/groovy/runtime/NullObjectCustomizer> (0x0000000089ada8f8) thrown at [./src/hotspot/share/classfile/systemDictionary.cpp, line 231]
Event: 39.832 Thread 0x0000021ccc25d800 Exception <a 'java/lang/ClassNotFoundException'{0x000000008a3363a8}: org/gradle/api/internal/tasks/DefaultSourceSetContainer_DecoratedBeanInfo> (0x000000008a3363a8) thrown at [./src/hotspot/share/classfile/systemDictionary.cpp, line 231]
Event: 39.933 Thread 0x0000021ccc25d800 Exception <a 'java/lang/ClassNotFoundException'{0x000000008a3580e8}: org/gradle/api/internal/tasks/DefaultSourceSetContainerBeanInfo> (0x000000008a3580e8) thrown at [./src/hotspot/share/classfile/systemDictionary.cpp, line 231]
Event: 39.934 Thread 0x0000021ccc25d800 Exception <a 'java/lang/ClassNotFoundException'{0x000000008a37ab60}: org/gradle/api/internal/tasks/DefaultSourceSetContainerCustomizer> (0x000000008a37ab60) thrown at [./src/hotspot/share/classfile/systemDictionary.cpp, line 231]
Event: 39.935 Thread 0x0000021ccc25d800 Exception <a 'java/lang/ClassNotFoundException'{0x000000008a3ab648}: org/gradle/api/internal/tasks/DefaultSourceSetContainer_DecoratedCustomizer> (0x000000008a3ab648) thrown at [./src/hotspot/share/classfile/systemDictionary.cpp, line 231]
Event: 39.956 Thread 0x0000021ccc25d800 Exception <a 'java/lang/NoSuchMethodError'{0x000000008a24dd40}: <clinit>> (0x000000008a24dd40) thrown at [./src/hotspot/share/prims/jni.cpp, line 1365]
Event: 40.361 Thread 0x0000021ccc25d800 Exception <a 'java/lang/NoSuchMethodError'{0x0000000089d54f40}: <clinit>> (0x0000000089d54f40) thrown at [./src/hotspot/share/prims/jni.cpp, line 1365]
Event: 40.362 Thread 0x0000021ccc25d800 Exception <a 'java/lang/NoSuchMethodError'{0x0000000089d65e40}: <clinit>> (0x0000000089d65e40) thrown at [./src/hotspot/share/prims/jni.cpp, line 1365]
Event: 40.363 Thread 0x0000021ccc25d800 Exception <a 'java/lang/NoSuchMethodError'{0x0000000089d7d140}: <clinit>> (0x0000000089d7d140) thrown at [./src/hotspot/share/prims/jni.cpp, line 1365]
Event: 40.364 Thread 0x0000021ccc25d800 Exception <a 'java/lang/NoSuchMethodError'{0x0000000089d8ad40}: <clinit>> (0x0000000089d8ad40) thrown at [./src/hotspot/share/prims/jni.cpp, line 1365]
Event: 40.736 Thread 0x0000021ccc25d800 Exception <a 'java/lang/ClassNotFoundException'{0x0000000089b09868}: org/jetbrains/plugins/gradle/tooling/util/JavaPluginUtilBeanInfo> (0x0000000089b09868) thrown at [./src/hotspot/share/classfile/systemDictionary.cpp, line 231]
Event: 40.736 Thread 0x0000021ccc25d800 Exception <a 'java/lang/ClassNotFoundException'{0x0000000089b1a068}: org/jetbrains/plugins/gradle/tooling/util/JavaPluginUtilCustomizer> (0x0000000089b1a068) thrown at [./src/hotspot/share/classfile/systemDictionary.cpp, line 231]
Event: 40.766 Thread 0x0000021ccc25d800 Exception <a 'java/lang/ClassNotFoundException'{0x0000000089a6b740}: java/util/CollectionBeanInfo> (0x0000000089a6b740) thrown at [./src/hotspot/share/classfile/systemDictionary.cpp, line 231]
Event: 40.766 Thread 0x0000021ccc25d800 Exception <a 'java/lang/ClassNotFoundException'{0x0000000089a74850}: java/util/CollectionCustomizer> (0x0000000089a74850) thrown at [./src/hotspot/share/classfile/systemDictionary.cpp, line 231]
Event: 40.864 Thread 0x0000021ccc25d800 Exception <a 'java/lang/ClassNotFoundException'{0x0000000089aee210}: org/gradle/api/tasks/SourceSetBeanInfo> (0x0000000089aee210) thrown at [./src/hotspot/share/classfile/systemDictionary.cpp, line 231]
Event: 40.865 Thread 0x0000021ccc25d800 Exception <a 'java/lang/ClassNotFoundException'{0x000000008990a2c0}: org/gradle/api/tasks/SourceSetCustomizer> (0x000000008990a2c0) thrown at [./src/hotspot/share/classfile/systemDictionary.cpp, line 231]
Event: 40.867 Thread 0x0000021ccc25d800 Exception <a 'java/lang/ClassNotFoundException'{0x0000000089984198}: java/util/LinkedHashMapBeanInfo> (0x0000000089984198) thrown at [./src/hotspot/share/classfile/systemDictionary.cpp, line 231]

Events (20 events):
Event: 40.864 loading class org/gradle/api/tasks/SourceSetBeanInfo
Event: 40.864 loading class org/gradle/api/tasks/SourceSetBeanInfo done
Event: 40.864 loading class org/gradle/api/tasks/SourceSetBeanInfo
Event: 40.864 loading class org/gradle/api/tasks/SourceSetBeanInfo done
Event: 40.864 loading class org/gradle/api/tasks/SourceSetBeanInfo
Event: 40.864 loading class org/gradle/api/tasks/SourceSetBeanInfo done
Event: 40.864 loading class org/gradle/api/tasks/SourceSetCustomizer
Event: 40.864 loading class org/gradle/api/tasks/SourceSetCustomizer done
Event: 40.865 loading class org/gradle/api/tasks/SourceSetCustomizer
Event: 40.865 loading class org/gradle/api/tasks/SourceSetCustomizer done
Event: 40.865 loading class org/gradle/api/tasks/SourceSetCustomizer
Event: 40.865 loading class org/gradle/api/tasks/SourceSetCustomizer done
Event: 40.866 loading class groovy/runtime/metaclass/java/util/LinkedHashMapMetaClass
Event: 40.866 loading class groovy/runtime/metaclass/java/util/LinkedHashMapMetaClass done
Event: 40.867 loading class java/util/LinkedHashMapBeanInfo
Event: 40.867 loading class java/util/LinkedHashMapBeanInfo done
Event: 40.867 loading class java/util/LinkedHashMapBeanInfo
Event: 40.867 loading class java/util/LinkedHashMapBeanInfo done
Event: 40.867 loading class java/util/HashMapBeanInfo
Event: 40.867 loading class java/util/HashMapBeanInfo done


Dynamic libraries:
0x00007ff6ef890000 - 0x00007ff6ef89a000 	D:\Program Files\Android\Android Studio\jre\bin\java.exe
0x00007ffbe9d20000 - 0x00007ffbe9f29000 	C:\WINDOWS\SYSTEM32\ntdll.dll
0x00007ffbe87e0000 - 0x00007ffbe889d000 	C:\WINDOWS\System32\KERNEL32.DLL
0x00007ffbe7550000 - 0x00007ffbe78cc000 	C:\WINDOWS\System32\KERNELBASE.dll
0x00007ffbe78d0000 - 0x00007ffbe79e1000 	C:\WINDOWS\System32\ucrtbase.dll
0x00007ffbc9400000 - 0x00007ffbc9419000 	D:\Program Files\Android\Android Studio\jre\bin\jli.dll
0x00007ffbe8e10000 - 0x00007ffbe8fbd000 	C:\WINDOWS\System32\USER32.dll
0x00007ffbe7200000 - 0x00007ffbe7226000 	C:\WINDOWS\System32\win32u.dll
0x00007ffbe8b60000 - 0x00007ffbe8b89000 	C:\WINDOWS\System32\GDI32.dll
0x00007ffbe79f0000 - 0x00007ffbe7b09000 	C:\WINDOWS\System32\gdi32full.dll
0x00007ffbe7b10000 - 0x00007ffbe7bad000 	C:\WINDOWS\System32\msvcp_win.dll
0x00007ffbc8f10000 - 0x00007ffbc8f27000 	D:\Program Files\Android\Android Studio\jre\bin\VCRUNTIME140.dll
0x00007ffbd50f0000 - 0x00007ffbd5395000 	C:\WINDOWS\WinSxS\amd64_microsoft.windows.common-controls_6595b64144ccf1df_6.0.22000.120_none_9d947278b86cc467\COMCTL32.dll
0x00007ffbe84a0000 - 0x00007ffbe8543000 	C:\WINDOWS\System32\msvcrt.dll
0x00007ffbe8ce0000 - 0x00007ffbe8d11000 	C:\WINDOWS\System32\IMM32.DLL
0x00007ffbc8180000 - 0x00007ffbc821d000 	D:\Program Files\Android\Android Studio\jre\bin\msvcp140.dll
0x00007ffba29c0000 - 0x00007ffba34a5000 	D:\Program Files\Android\Android Studio\jre\bin\server\jvm.dll
0x00007ffbe9bc0000 - 0x00007ffbe9c6e000 	C:\WINDOWS\System32\ADVAPI32.dll
0x00007ffbe8920000 - 0x00007ffbe89be000 	C:\WINDOWS\System32\sechost.dll
0x00007ffbe92e0000 - 0x00007ffbe9400000 	C:\WINDOWS\System32\RPCRT4.dll
0x00007ffbe9240000 - 0x00007ffbe9248000 	C:\WINDOWS\System32\PSAPI.DLL
0x00007ffbd4850000 - 0x00007ffbd4859000 	C:\WINDOWS\SYSTEM32\WSOCK32.dll
0x00007ffbe88a0000 - 0x00007ffbe890f000 	C:\WINDOWS\System32\WS2_32.dll
0x00007ffbe4370000 - 0x00007ffbe43a3000 	C:\WINDOWS\SYSTEM32\WINMM.dll
0x00007ffbe0340000 - 0x00007ffbe034a000 	C:\WINDOWS\SYSTEM32\VERSION.dll
0x00007ffbe62f0000 - 0x00007ffbe6308000 	C:\WINDOWS\SYSTEM32\kernel.appcore.dll
0x00007ffbd1f30000 - 0x00007ffbd1f41000 	D:\Program Files\Android\Android Studio\jre\bin\verify.dll
0x00007ffbe4140000 - 0x00007ffbe4361000 	C:\WINDOWS\SYSTEM32\DBGHELP.DLL
0x00007ffbe40d0000 - 0x00007ffbe4101000 	C:\WINDOWS\SYSTEM32\dbgcore.DLL
0x00007ffbe7230000 - 0x00007ffbe72af000 	C:\WINDOWS\System32\bcryptPrimitives.dll
0x00007ffbcb750000 - 0x00007ffbcb779000 	D:\Program Files\Android\Android Studio\jre\bin\java.dll
0x00007ffbdeee0000 - 0x00007ffbdeeeb000 	D:\Program Files\Android\Android Studio\jre\bin\jimage.dll
0x00007ffbcb730000 - 0x00007ffbcb748000 	D:\Program Files\Android\Android Studio\jre\bin\zip.dll
0x00007ffbe9400000 - 0x00007ffbe9bb8000 	C:\WINDOWS\System32\SHELL32.dll
0x00007ffbe5360000 - 0x00007ffbe5bc8000 	C:\WINDOWS\SYSTEM32\windows.storage.dll
0x00007ffbe8120000 - 0x00007ffbe8499000 	C:\WINDOWS\System32\combase.dll
0x00007ffbe51f0000 - 0x00007ffbe5356000 	C:\WINDOWS\SYSTEM32\wintypes.dll
0x00007ffbe8d20000 - 0x00007ffbe8e0a000 	C:\WINDOWS\System32\SHCORE.dll
0x00007ffbe8020000 - 0x00007ffbe807d000 	C:\WINDOWS\System32\shlwapi.dll
0x00007ffbe7130000 - 0x00007ffbe7151000 	C:\WINDOWS\SYSTEM32\profapi.dll
0x00007ffbcb710000 - 0x00007ffbcb72a000 	D:\Program Files\Android\Android Studio\jre\bin\net.dll
0x00007ffbdedd0000 - 0x00007ffbdeedc000 	C:\WINDOWS\SYSTEM32\WINHTTP.dll
0x00007ffbe6720000 - 0x00007ffbe6787000 	C:\WINDOWS\system32\mswsock.dll
0x00007ffbcb670000 - 0x00007ffbcb684000 	D:\Program Files\Android\Android Studio\jre\bin\nio.dll
0x00007ffbd1e90000 - 0x00007ffbd1eb7000 	C:\Users\zoki3\.gradle\native\e1d6ef7f7dcc3fd88c89a11ec53ec762bb8ba0a96d01ffa2cd45eb1d1d8dd5c5\windows-amd64\native-platform.dll
0x00007ffbbe5c0000 - 0x00007ffbbe704000 	C:\Users\zoki3\.gradle\native\5664cfc778a61ccfe75a443a1ab52a65af34e5dc3c78e0209fed803814484fcb\windows-amd64\native-platform-file-events.dll
0x00007ffbdc9d0000 - 0x00007ffbdc9da000 	D:\Program Files\Android\Android Studio\jre\bin\management.dll
0x00007ffbdb830000 - 0x00007ffbdb83d000 	D:\Program Files\Android\Android Studio\jre\bin\management_ext.dll
0x00007ffbe6970000 - 0x00007ffbe6988000 	C:\WINDOWS\SYSTEM32\CRYPTSP.dll
0x00007ffbe6250000 - 0x00007ffbe6285000 	C:\WINDOWS\system32\rsaenh.dll
0x00007ffbe6810000 - 0x00007ffbe6839000 	C:\WINDOWS\SYSTEM32\USERENV.dll
0x00007ffbe6af0000 - 0x00007ffbe6b17000 	C:\WINDOWS\SYSTEM32\bcrypt.dll
0x00007ffbe6960000 - 0x00007ffbe696c000 	C:\WINDOWS\SYSTEM32\CRYPTBASE.dll
0x00007ffbe5e20000 - 0x00007ffbe5e4d000 	C:\WINDOWS\SYSTEM32\IPHLPAPI.DLL
0x00007ffbe8fc0000 - 0x00007ffbe8fc9000 	C:\WINDOWS\System32\NSI.dll
0x00007ffbded90000 - 0x00007ffbdeda9000 	C:\WINDOWS\SYSTEM32\dhcpcsvc6.DLL
0x00007ffbe0350000 - 0x00007ffbe036e000 	C:\WINDOWS\SYSTEM32\dhcpcsvc.DLL
0x00007ffbe5e50000 - 0x00007ffbe5f38000 	C:\WINDOWS\SYSTEM32\DNSAPI.dll

dbghelp: loaded successfully - version: 4.0.5 - missing functions: none
symbol engine: initialized successfully - sym options: 0x614 - pdb path: .;D:\Program Files\Android\Android Studio\jre\bin;C:\WINDOWS\SYSTEM32;C:\WINDOWS\WinSxS\amd64_microsoft.windows.common-controls_6595b64144ccf1df_6.0.22000.120_none_9d947278b86cc467;D:\Program Files\Android\Android Studio\jre\bin\server;C:\Users\zoki3\.gradle\native\e1d6ef7f7dcc3fd88c89a11ec53ec762bb8ba0a96d01ffa2cd45eb1d1d8dd5c5\windows-amd64;C:\Users\zoki3\.gradle\native\5664cfc778a61ccfe75a443a1ab52a65af34e5dc3c78e0209fed803814484fcb\windows-amd64

VM Arguments:
jvm_args: --add-opens=java.base/java.util=ALL-UNNAMED --add-opens=java.base/java.lang=ALL-UNNAMED --add-opens=java.base/java.lang.invoke=ALL-UNNAMED --add-opens=java.base/java.util=ALL-UNNAMED --add-opens=java.prefs/java.util.prefs=ALL-UNNAMED --add-opens=java.prefs/java.util.prefs=ALL-UNNAMED --add-opens=java.base/java.nio.charset=ALL-UNNAMED --add-opens=java.base/java.net=ALL-UNNAMED --add-opens=java.base/java.util.concurrent.atomic=ALL-UNNAMED -Xmx2048m -Dfile.encoding=UTF-8 -Duser.country=US -Duser.language=en -Duser.variant 
java_command: org.gradle.launcher.daemon.bootstrap.GradleDaemon 7.3.3
java_class_path (initial): C:\Users\zoki3\.gradle\wrapper\dists\gradle-7.3.3-bin\6a41zxkdtcxs8rphpq6y0069z\gradle-7.3.3\lib\gradle-launcher-7.3.3.jar
Launcher Type: SUN_STANDARD

[Global flags]
     intx CICompilerCount                          = 3                                         {product} {ergonomic}
     uint ConcGCThreads                            = 1                                         {product} {ergonomic}
     uint G1ConcRefinementThreads                  = 4                                         {product} {ergonomic}
   size_t G1HeapRegionSize                         = 1048576                                   {product} {ergonomic}
    uintx GCDrainStackTargetSize                   = 64                                        {product} {ergonomic}
   size_t InitialHeapSize                          = 123731968                                 {product} {ergonomic}
   size_t MarkStackSize                            = 4194304                                   {product} {ergonomic}
   size_t MaxHeapSize                              = 2147483648                                {product} {command line}
   size_t MaxNewSize                               = 1287651328                                {product} {ergonomic}
   size_t MinHeapDeltaBytes                        = 1048576                                   {product} {ergonomic}
    uintx NonNMethodCodeHeapSize                   = 5830732                                {pd product} {ergonomic}
    uintx NonProfiledCodeHeapSize                  = 122913754                              {pd product} {ergonomic}
    uintx ProfiledCodeHeapSize                     = 122913754                              {pd product} {ergonomic}
    uintx ReservedCodeCacheSize                    = 251658240                              {pd product} {ergonomic}
     bool SegmentedCodeCache                       = true                                      {product} {ergonomic}
     bool UseCompressedClassPointers               = true                                 {lp64_product} {ergonomic}
     bool UseCompressedOops                        = true                                 {lp64_product} {ergonomic}
     bool UseG1GC                                  = true                                      {product} {ergonomic}
     bool UseLargePagesIndividualAllocation        = false                                  {pd product} {ergonomic}

Logging:
Log output configuration:
 #0: stdout all=warning uptime,level,tags
 #1: stderr all=off uptime,level,tags

Environment Variables:
PATH=d:\WinAVR-20100110\bin;d:\WinAVR-20100110\utils\bin;C:\Program Files (x86)\Common Files\Oracle\Java\javapath;C:\Program Files (x86)\Common Files\Intel\Shared Libraries\redist\intel64\compiler;C:\ProgramData\Oracle\Java\javapath;C:\WINDOWS\system32;C:\WINDOWS;C:\WINDOWS\System32\Wbem;C:\WINDOWS\System32\WindowsPowerShell\v1.0\;C:\WINDOWS\System32\OpenSSH\;E:\Program Files\MATLAB\R2016a\runtime\win64;E:\Program Files\MATLAB\R2016a\bin;E:\Program Files\MATLAB\R2016a\polyspace\bin;C:\Program Files\dotnet\;C:\Program Files\Microsoft SQL Server\130\Tools\Binn\;C:\Program Files\Microsoft SQL Server\Client SDK\ODBC\170\Tools\Binn\;D:\GHDL\GHDL\bin;D:\GHDL\gtkwave\bin;D:\GHDL\GHDL;D:\GHDL\gtkwave;D:\Program Files (x86)\mingw-w64\i686-8.1.0-posix-dwarf-rt_v6-rev0\mingw32\bin;C:\ProgramData\Package Cache\1C153C601F02CD7C854A775751D0430DFED468E1\d\Program Files\Microchip\xc8\v2.31\bin;d:\Program Files\Git\cmd;d:\Program Files\LLVM\bin;C:\Program Files\LLVM\bin;D:\Program Files\nodejs\;C:\Users\zoki3\AppData\Local\Microsoft\WindowsApps;C:\Users\zoki3\.dotnet\tools;d:\Exercism;C:\Users\zoki3\AppData\Local\atom\bin;D:\Program Files (x86)\mingw-w64\i686-8.1.0-posix-dwarf-rt_v6-rev0\mingw32\bin;;d:\Users\zoki3\AppData\Local\Programs\Microsoft VS Code\bin;C:\Users\zoki3\AppData\Roaming\npm
USERNAME=zoki3
OS=Windows_NT
PROCESSOR_IDENTIFIER=AMD64 Family 23 Model 96 Stepping 1, AuthenticAMD



---------------  S Y S T E M  ---------------

OS: Windows 10 , 64 bit Build 22000 (10.0.22000.708)
OS uptime: 10 days 20:15 hours

CPU:total 4 (initial active 4) (4 cores per cpu, 1 threads per core) family 23 model 96 stepping 1 microcode 0x0, cmov, cx8, fxsr, mmx, sse, sse2, sse3, ssse3, sse4.1, sse4.2, popcnt, avx, avx2, aes, clmul, mmxext, 3dnowpref, lzcnt, sse4a, tsc, tscinvbit, tscinv, bmi1, bmi2, adx, sha, fma

Memory: 4k page, system-wide physical 7543M (349M free)
TotalPageFile size 22143M (AvailPageFile size 2M)
current process WorkingSet (physical memory assigned to process): 377M, peak: 399M
current process commit charge ("private bytes"): 429M, peak: 448M

vm_info: OpenJDK 64-Bit Server VM (11.0.12+7-b1504.28-7817840) for windows-amd64 JRE (11.0.12+7-b1504.28-7817840), built on Oct 13 2021 22:12:33 by "builder" with MS VC++ 14.0 (VS2015)

END.
