#
# There is insufficient memory for the Java Runtime Environment to continue.
# Native memory allocation (malloc) failed to allocate 2096176 bytes for Chunk::new
# Possible reasons:
#   The system is out of physical RAM or swap space
#   The process is running with CompressedOops enabled, and the Java Heap may be blocking the growth of the native heap
# Possible solutions:
#   Reduce memory load on the system
#   Increase physical memory or swap space
#   Check if swap backing store is full
#   Decrease Java heap size (-Xmx/-Xms)
#   Decrease number of Java threads
#   Decrease Java thread stack sizes (-Xss)
#   Set larger code cache with -XX:ReservedCodeCacheSize=
#   JVM is running with Unscaled Compressed Oops mode in which the Java heap is
#     placed in the first 4GB address space. The Java Heap base address is the
#     maximum limit for the native heap growth. Please use -XX:HeapBaseMinAddress
#     to set the Java Heap base and to place the Java Heap above 4GB virtual address.
# This output file may be truncated or incomplete.
#
#  Out of Memory Error (./src/hotspot/share/memory/arena.cpp:197), pid=45784, tid=36984
#
# JRE version: OpenJDK Runtime Environment (11.0.12+7) (build 11.0.12+7-b1504.28-7817840)
# Java VM: OpenJDK 64-Bit Server VM (11.0.12+7-b1504.28-7817840, mixed mode, tiered, compressed oops, g1 gc, windows-amd64)
# No core dump will be written. Minidumps are not enabled by default on client versions of Windows
#

---------------  S U M M A R Y ------------

Command Line: --add-opens=java.base/java.util=ALL-UNNAMED --add-opens=java.base/java.lang=ALL-UNNAMED --add-opens=java.base/java.lang.invoke=ALL-UNNAMED --add-opens=java.base/java.util=ALL-UNNAMED --add-opens=java.prefs/java.util.prefs=ALL-UNNAMED --add-opens=java.prefs/java.util.prefs=ALL-UNNAMED --add-opens=java.base/java.nio.charset=ALL-UNNAMED --add-opens=java.base/java.net=ALL-UNNAMED --add-opens=java.base/java.util.concurrent.atomic=ALL-UNNAMED -Xmx2048m -Dfile.encoding=UTF-8 -Duser.country=US -Duser.language=en -Duser.variant org.gradle.launcher.daemon.bootstrap.GradleDaemon 7.3.3

Host: AMD Ryzen 3 4300U with Radeon Graphics         , 4 cores, 7G,  Windows 10 , 64 bit Build 22000 (10.0.22000.708)
Time: Fri Nov 25 07:18:11 2022 Central European Standard Time elapsed time: 21.306455 seconds (0d 0h 0m 21s)

---------------  T H R E A D  ---------------

Current thread (0x000002a3f6725000):  JavaThread "C2 CompilerThread0" daemon [_thread_in_native, id=36984, stack(0x000000c4c0a00000,0x000000c4c0b00000)]


Current CompileTask:
C2:  21306 3728       4       org.codehaus.groovy.runtime.metaclass.MetaMethodIndex::addMethodToList (131 bytes)

Stack: [0x000000c4c0a00000,0x000000c4c0b00000]
Native frames: (J=compiled Java code, j=interpreted, Vv=VM code, C=native code)
V  [jvm.dll+0x5fbcea]
V  [jvm.dll+0x731905]
V  [jvm.dll+0x732f1d]
V  [jvm.dll+0x7335d3]
V  [jvm.dll+0x247bf8]
V  [jvm.dll+0xc018c]
V  [jvm.dll+0xc06cc]
V  [jvm.dll+0x35b31d]
V  [jvm.dll+0x328803]
V  [jvm.dll+0x327cfa]
V  [jvm.dll+0x200602]
V  [jvm.dll+0x1ff794]
V  [jvm.dll+0x18868c]
V  [jvm.dll+0x20e0d7]
V  [jvm.dll+0x20c901]
V  [jvm.dll+0x6f9b7f]
V  [jvm.dll+0x6f26a5]
V  [jvm.dll+0x5fabf6]
C  [ucrtbase.dll+0x26c0c]
C  [KERNEL32.DLL+0x154e0]
C  [ntdll.dll+0x485b]


---------------  P R O C E S S  ---------------

Threads class SMR info:
_java_thread_list=0x000002a3fb2b7ec0, length=35, elements={
0x000002a3dabaf800, 0x000002a3f6701800, 0x000002a3f670a800, 0x000002a3f70b2800,
0x000002a3f6723800, 0x000002a3f6724000, 0x000002a3f6725000, 0x000002a3f70e1000,
0x000002a3f70e4800, 0x000002a3f71cf800, 0x000002a3f85f0000, 0x000002a3f8705000,
0x000002a3f8644000, 0x000002a3f81bc000, 0x000002a3f89d0800, 0x000002a3f903a800,
0x000002a3f7d4a000, 0x000002a3f8e90800, 0x000002a3f8e91000, 0x000002a3f7d6e000,
0x000002a3f7d6f800, 0x000002a3f7d6e800, 0x000002a3f7d70000, 0x000002a3f7d6c000,
0x000002a3f7d72800, 0x000002a3f7d71000, 0x000002a3f7d72000, 0x000002a3f7d6d000,
0x000002a3f8820800, 0x000002a3f881d800, 0x000002a3f881b800, 0x000002a3f881f800,
0x000002a3f881e000, 0x000002a3f881f000, 0x000002a3f8821800
}

Java Threads: ( => current thread )
  0x000002a3dabaf800 JavaThread "main" [_thread_blocked, id=16204, stack(0x000000c4bfe00000,0x000000c4bff00000)]
  0x000002a3f6701800 JavaThread "Reference Handler" daemon [_thread_blocked, id=45928, stack(0x000000c4c0500000,0x000000c4c0600000)]
  0x000002a3f670a800 JavaThread "Finalizer" daemon [_thread_blocked, id=28104, stack(0x000000c4c0600000,0x000000c4c0700000)]
  0x000002a3f70b2800 JavaThread "Signal Dispatcher" daemon [_thread_blocked, id=42328, stack(0x000000c4c0700000,0x000000c4c0800000)]
  0x000002a3f6723800 JavaThread "Attach Listener" daemon [_thread_blocked, id=23920, stack(0x000000c4c0800000,0x000000c4c0900000)]
  0x000002a3f6724000 JavaThread "Service Thread" daemon [_thread_blocked, id=40988, stack(0x000000c4c0900000,0x000000c4c0a00000)]
=>0x000002a3f6725000 JavaThread "C2 CompilerThread0" daemon [_thread_in_native, id=36984, stack(0x000000c4c0a00000,0x000000c4c0b00000)]
  0x000002a3f70e1000 JavaThread "C1 CompilerThread0" daemon [_thread_blocked, id=49456, stack(0x000000c4c0b00000,0x000000c4c0c00000)]
  0x000002a3f70e4800 JavaThread "Sweeper thread" daemon [_thread_blocked, id=16160, stack(0x000000c4c0c00000,0x000000c4c0d00000)]
  0x000002a3f71cf800 JavaThread "Common-Cleaner" daemon [_thread_blocked, id=34472, stack(0x000000c4c0d00000,0x000000c4c0e00000)]
  0x000002a3f85f0000 JavaThread "Daemon health stats" [_thread_blocked, id=16192, stack(0x000000c4c1000000,0x000000c4c1100000)]
  0x000002a3f8705000 JavaThread "Incoming local TCP Connector on port 59627" [_thread_in_native, id=10532, stack(0x000000c4c1100000,0x000000c4c1200000)]
  0x000002a3f8644000 JavaThread "Daemon periodic checks" [_thread_blocked, id=2644, stack(0x000000c4c1200000,0x000000c4c1300000)]
  0x000002a3f81bc000 JavaThread "Daemon" [_thread_blocked, id=34740, stack(0x000000c4c1300000,0x000000c4c1400000)]
  0x000002a3f89d0800 JavaThread "Handler for socket connection from /127.0.0.1:59627 to /127.0.0.1:59629" [_thread_in_native, id=18964, stack(0x000000c4c1400000,0x000000c4c1500000)]
  0x000002a3f903a800 JavaThread "Cancel handler" [_thread_blocked, id=45276, stack(0x000000c4c1500000,0x000000c4c1600000)]
  0x000002a3f7d4a000 JavaThread "Daemon worker" [_thread_in_vm, id=47464, stack(0x000000c4c1600000,0x000000c4c1700000)]
  0x000002a3f8e90800 JavaThread "Asynchronous log dispatcher for DefaultDaemonConnection: socket connection from /127.0.0.1:59627 to /127.0.0.1:59629" [_thread_blocked, id=46996, stack(0x000000c4c1700000,0x000000c4c1800000)]
  0x000002a3f8e91000 JavaThread "Stdin handler" [_thread_blocked, id=40532, stack(0x000000c4c1800000,0x000000c4c1900000)]
  0x000002a3f7d6e000 JavaThread "Daemon client event forwarder" [_thread_blocked, id=3080, stack(0x000000c4c1900000,0x000000c4c1a00000)]
  0x000002a3f7d6f800 JavaThread "Cache worker for journal cache (C:\Users\zoki3\.gradle\caches\journal-1)" [_thread_in_native, id=48504, stack(0x000000c4c1c00000,0x000000c4c1d00000)]
  0x000002a3f7d6e800 JavaThread "File lock request listener" [_thread_in_native, id=28336, stack(0x000000c4c1d00000,0x000000c4c1e00000)]
  0x000002a3f7d70000 JavaThread "Cache worker for file hash cache (C:\Users\zoki3\.gradle\caches\7.3.3\fileHashes)" [_thread_blocked, id=43644, stack(0x000000c4c1e00000,0x000000c4c1f00000)]
  0x000002a3f7d6c000 JavaThread "Cache worker for file hash cache (D:\ETES\explorengv2\.gradle\7.3.3\fileHashes)" [_thread_blocked, id=38516, stack(0x000000c4c1f00000,0x000000c4c2000000)]
  0x000002a3f7d72800 JavaThread "File watcher server" daemon [_thread_in_native, id=43668, stack(0x000000c4c2000000,0x000000c4c2100000)]
  0x000002a3f7d71000 JavaThread "File watcher consumer" daemon [_thread_blocked, id=46680, stack(0x000000c4c2100000,0x000000c4c2200000)]
  0x000002a3f7d72000 JavaThread "jar transforms" [_thread_blocked, id=34916, stack(0x000000c4c2200000,0x000000c4c2300000)]
  0x000002a3f7d6d000 JavaThread "jar transforms Thread 2" [_thread_blocked, id=43696, stack(0x000000c4c2300000,0x000000c4c2400000)]
  0x000002a3f8820800 JavaThread "jar transforms Thread 3" [_thread_blocked, id=33488, stack(0x000000c4c2400000,0x000000c4c2500000)]
  0x000002a3f881d800 JavaThread "jar transforms Thread 4" [_thread_blocked, id=15092, stack(0x000000c4c2500000,0x000000c4c2600000)]
  0x000002a3f881b800 JavaThread "Cache worker for checksums cache (D:\ETES\explorengv2\.gradle\7.3.3\checksums)" [_thread_blocked, id=50704, stack(0x000000c4c2600000,0x000000c4c2700000)]
  0x000002a3f881f800 JavaThread "Cache worker for cache directory md-supplier (C:\Users\zoki3\.gradle\caches\7.3.3\md-supplier)" [_thread_blocked, id=50088, stack(0x000000c4c2700000,0x000000c4c2800000)]
  0x000002a3f881e000 JavaThread "Cache worker for cache directory md-rule (C:\Users\zoki3\.gradle\caches\7.3.3\md-rule)" [_thread_blocked, id=3228, stack(0x000000c4c2800000,0x000000c4c2900000)]
  0x000002a3f881f000 JavaThread "Cache worker for execution history cache (C:\Users\zoki3\.gradle\caches\7.3.3\executionHistory)" [_thread_blocked, id=30872, stack(0x000000c4c2900000,0x000000c4c2a00000)]
  0x000002a3f8821800 JavaThread "Cache worker for file content cache (C:\Users\zoki3\.gradle\caches\7.3.3\fileContent)" [_thread_blocked, id=48456, stack(0x000000c4c2a00000,0x000000c4c2b00000)]

Other Threads:
  0x000002a3f66fd800 VMThread "VM Thread" [stack: 0x000000c4c0400000,0x000000c4c0500000] [id=40620]
  0x000002a3f7208000 WatcherThread [stack: 0x000000c4c0e00000,0x000000c4c0f00000] [id=2068]
  0x000002a3dabc9800 GCTaskThread "GC Thread#0" [stack: 0x000000c4bff00000,0x000000c4c0000000] [id=47548]
  0x000002a3f796d000 GCTaskThread "GC Thread#1" [stack: 0x000000c4c0f00000,0x000000c4c1000000] [id=17356]
  0x000002a3f8ecc000 GCTaskThread "GC Thread#2" [stack: 0x000000c4c1a00000,0x000000c4c1b00000] [id=19668]
  0x000002a3f8ebc000 GCTaskThread "GC Thread#3" [stack: 0x000000c4c1b00000,0x000000c4c1c00000] [id=49480]
  0x000002a3dabf9800 ConcurrentGCThread "G1 Main Marker" [stack: 0x000000c4c0000000,0x000000c4c0100000] [id=43944]
  0x000002a3dabfb800 ConcurrentGCThread "G1 Conc#0" [stack: 0x000000c4c0100000,0x000000c4c0200000] [id=44072]
  0x000002a3dac76800 ConcurrentGCThread "G1 Refine#0" [stack: 0x000000c4c0200000,0x000000c4c0300000] [id=14312]
  0x000002a3dac7a800 ConcurrentGCThread "G1 Young RemSet Sampling" [stack: 0x000000c4c0300000,0x000000c4c0400000] [id=13212]

Threads with active compile tasks:
C2 CompilerThread0  21335 3728       4       org.codehaus.groovy.runtime.metaclass.MetaMethodIndex::addMethodToList (131 bytes)

VM state:not at safepoint (normal execution)

VM Mutex/Monitor currently owned by a thread: None

Heap address: 0x0000000080000000, size: 2048 MB, Compressed Oops mode: 32-bit
Narrow klass base: 0x0000000000000000, Narrow klass shift: 3
Compressed class space size: 1073741824 Address: 0x0000000100000000

Heap:
 garbage-first heap   total 120832K, used 42611K [0x0000000080000000, 0x0000000100000000)
  region size 1024K, 9 young (9216K), 6 survivors (6144K)
 Metaspace       used 41462K, capacity 42531K, committed 42828K, reserved 1087488K
  class space    used 5265K, capacity 5632K, committed 5708K, reserved 1048576K
Heap Regions: E=young(eden), S=young(survivor), O=old, HS=humongous(starts), HC=humongous(continues), CS=collection set, F=free, A=archive, TAMS=top-at-mark-start (previous, next)
|   0|0x0000000080000000, 0x0000000080100000, 0x0000000080100000|100%| O|  |TAMS 0x0000000080100000, 0x0000000080000000| Untracked 
|   1|0x0000000080100000, 0x0000000080200000, 0x0000000080200000|100%| O|  |TAMS 0x0000000080200000, 0x0000000080100000| Untracked 
|   2|0x0000000080200000, 0x0000000080300000, 0x0000000080300000|100%| O|  |TAMS 0x0000000080300000, 0x0000000080200000| Untracked 
|   3|0x0000000080300000, 0x0000000080400000, 0x0000000080400000|100%|HS|  |TAMS 0x0000000080400000, 0x0000000080300000| Complete 
|   4|0x0000000080400000, 0x0000000080500000, 0x0000000080500000|100%|HC|  |TAMS 0x0000000080500000, 0x0000000080400000| Complete 
|   5|0x0000000080500000, 0x0000000080600000, 0x0000000080600000|100%|HC|  |TAMS 0x0000000080600000, 0x0000000080500000| Complete 
|   6|0x0000000080600000, 0x0000000080700000, 0x0000000080700000|100%| O|  |TAMS 0x0000000080700000, 0x0000000080600000| Untracked 
|   7|0x0000000080700000, 0x0000000080800000, 0x0000000080800000|100%| O|  |TAMS 0x0000000080800000, 0x0000000080700000| Untracked 
|   8|0x0000000080800000, 0x0000000080900000, 0x0000000080900000|100%| O|  |TAMS 0x0000000080900000, 0x0000000080800000| Untracked 
|   9|0x0000000080900000, 0x0000000080a00000, 0x0000000080a00000|100%| O|  |TAMS 0x0000000080a00000, 0x0000000080900000| Untracked 
|  10|0x0000000080a00000, 0x0000000080b00000, 0x0000000080b00000|100%| O|  |TAMS 0x0000000080b00000, 0x0000000080a00000| Untracked 
|  11|0x0000000080b00000, 0x0000000080c00000, 0x0000000080c00000|100%| O|  |TAMS 0x0000000080c00000, 0x0000000080b00000| Untracked 
|  12|0x0000000080c00000, 0x0000000080d00000, 0x0000000080d00000|100%| O|  |TAMS 0x0000000080d00000, 0x0000000080c00000| Untracked 
|  13|0x0000000080d00000, 0x0000000080e00000, 0x0000000080e00000|100%| O|  |TAMS 0x0000000080e00000, 0x0000000080d00000| Untracked 
|  14|0x0000000080e00000, 0x0000000080f00000, 0x0000000080f00000|100%| O|  |TAMS 0x0000000080f00000, 0x0000000080e00000| Untracked 
|  15|0x0000000080f00000, 0x0000000081000000, 0x0000000081000000|100%| O|  |TAMS 0x0000000081000000, 0x0000000080f00000| Untracked 
|  16|0x0000000081000000, 0x0000000081100000, 0x0000000081100000|100%| O|  |TAMS 0x0000000081100000, 0x0000000081000000| Untracked 
|  17|0x0000000081100000, 0x0000000081200000, 0x0000000081200000|100%|HS|  |TAMS 0x0000000081200000, 0x0000000081100000| Complete 
|  18|0x0000000081200000, 0x0000000081300000, 0x0000000081300000|100%|HC|  |TAMS 0x0000000081300000, 0x0000000081200000| Complete 
|  19|0x0000000081300000, 0x0000000081400000, 0x0000000081400000|100%|HS|  |TAMS 0x0000000081400000, 0x0000000081300000| Complete 
|  20|0x0000000081400000, 0x0000000081500000, 0x0000000081500000|100%|HC|  |TAMS 0x0000000081500000, 0x0000000081400000| Complete 
|  21|0x0000000081500000, 0x0000000081600000, 0x0000000081600000|100%|HC|  |TAMS 0x0000000081600000, 0x0000000081500000| Complete 
|  22|0x0000000081600000, 0x0000000081700000, 0x0000000081700000|100%|HS|  |TAMS 0x0000000081700000, 0x0000000081600000| Complete 
|  23|0x0000000081700000, 0x0000000081800000, 0x0000000081800000|100%|HS|  |TAMS 0x0000000081800000, 0x0000000081700000| Complete 
|  24|0x0000000081800000, 0x0000000081900000, 0x0000000081900000|100%|HC|  |TAMS 0x0000000081900000, 0x0000000081800000| Complete 
|  25|0x0000000081900000, 0x0000000081a00000, 0x0000000081a00000|100%|HC|  |TAMS 0x0000000081a00000, 0x0000000081900000| Complete 
|  26|0x0000000081a00000, 0x0000000081b00000, 0x0000000081b00000|100%|HC|  |TAMS 0x0000000081b00000, 0x0000000081a00000| Complete 
|  27|0x0000000081b00000, 0x0000000081c00000, 0x0000000081c00000|100%| O|  |TAMS 0x0000000081c00000, 0x0000000081b00000| Untracked 
|  28|0x0000000081c00000, 0x0000000081d00000, 0x0000000081d00000|100%| O|  |TAMS 0x0000000081d00000, 0x0000000081c00000| Untracked 
|  29|0x0000000081d00000, 0x0000000081e00000, 0x0000000081e00000|100%| O|  |TAMS 0x0000000081e00000, 0x0000000081d00000| Untracked 
|  30|0x0000000081e00000, 0x0000000081f00000, 0x0000000081f00000|100%| O|  |TAMS 0x0000000081f00000, 0x0000000081e00000| Untracked 
|  31|0x0000000081f00000, 0x0000000082000000, 0x0000000082000000|100%| O|  |TAMS 0x0000000082000000, 0x0000000081f00000| Untracked 
|  32|0x0000000082000000, 0x0000000082100000, 0x0000000082100000|100%| O|  |TAMS 0x00000000820b8a00, 0x0000000082000000| Untracked 
|  33|0x0000000082100000, 0x0000000082100000, 0x0000000082200000|  0%| F|  |TAMS 0x0000000082100000, 0x0000000082100000| Untracked 
|  34|0x0000000082200000, 0x0000000082200000, 0x0000000082300000|  0%| F|  |TAMS 0x0000000082200000, 0x0000000082200000| Untracked 
|  35|0x0000000082300000, 0x0000000082300000, 0x0000000082400000|  0%| F|  |TAMS 0x0000000082300000, 0x0000000082300000| Untracked 
|  36|0x0000000082400000, 0x000000008249cc00, 0x0000000082500000| 61%| O|  |TAMS 0x0000000082400000, 0x0000000082400000| Untracked 
|  37|0x0000000082500000, 0x0000000082500000, 0x0000000082600000|  0%| F|  |TAMS 0x0000000082500000, 0x0000000082500000| Untracked 
|  38|0x0000000082600000, 0x0000000082600000, 0x0000000082700000|  0%| F|  |TAMS 0x0000000082600000, 0x0000000082600000| Untracked 
|  39|0x0000000082700000, 0x0000000082700000, 0x0000000082800000|  0%| F|  |TAMS 0x0000000082700000, 0x0000000082700000| Untracked 
|  40|0x0000000082800000, 0x0000000082800000, 0x0000000082900000|  0%| F|  |TAMS 0x0000000082800000, 0x0000000082800000| Untracked 
|  41|0x0000000082900000, 0x0000000082900000, 0x0000000082a00000|  0%| F|  |TAMS 0x0000000082900000, 0x0000000082900000| Untracked 
|  42|0x0000000082a00000, 0x0000000082a00000, 0x0000000082b00000|  0%| F|  |TAMS 0x0000000082a00000, 0x0000000082a00000| Untracked 
|  43|0x0000000082b00000, 0x0000000082b00000, 0x0000000082c00000|  0%| F|  |TAMS 0x0000000082b00000, 0x0000000082b00000| Untracked 
|  44|0x0000000082c00000, 0x0000000082c00000, 0x0000000082d00000|  0%| F|  |TAMS 0x0000000082c00000, 0x0000000082c00000| Untracked 
|  45|0x0000000082d00000, 0x0000000082d00000, 0x0000000082e00000|  0%| F|  |TAMS 0x0000000082d00000, 0x0000000082d00000| Untracked 
|  46|0x0000000082e00000, 0x0000000082e00000, 0x0000000082f00000|  0%| F|  |TAMS 0x0000000082e00000, 0x0000000082e00000| Untracked 
|  47|0x0000000082f00000, 0x0000000082f00000, 0x0000000083000000|  0%| F|  |TAMS 0x0000000082f00000, 0x0000000082f00000| Untracked 
|  48|0x0000000083000000, 0x0000000083000000, 0x0000000083100000|  0%| F|  |TAMS 0x0000000083000000, 0x0000000083000000| Untracked 
|  49|0x0000000083100000, 0x0000000083100000, 0x0000000083200000|  0%| F|  |TAMS 0x0000000083100000, 0x0000000083100000| Untracked 
|  50|0x0000000083200000, 0x0000000083200000, 0x0000000083300000|  0%| F|  |TAMS 0x0000000083200000, 0x0000000083200000| Untracked 
|  51|0x0000000083300000, 0x0000000083300000, 0x0000000083400000|  0%| F|  |TAMS 0x0000000083300000, 0x0000000083300000| Untracked 
|  52|0x0000000083400000, 0x0000000083400000, 0x0000000083500000|  0%| F|  |TAMS 0x0000000083400000, 0x0000000083400000| Untracked 
|  53|0x0000000083500000, 0x0000000083500000, 0x0000000083600000|  0%| F|  |TAMS 0x0000000083500000, 0x0000000083500000| Untracked 
|  54|0x0000000083600000, 0x0000000083600000, 0x0000000083700000|  0%| F|  |TAMS 0x0000000083600000, 0x0000000083600000| Untracked 
|  55|0x0000000083700000, 0x0000000083700000, 0x0000000083800000|  0%| F|  |TAMS 0x0000000083700000, 0x0000000083700000| Untracked 
|  56|0x0000000083800000, 0x0000000083800000, 0x0000000083900000|  0%| F|  |TAMS 0x0000000083800000, 0x0000000083800000| Untracked 
|  57|0x0000000083900000, 0x0000000083900000, 0x0000000083a00000|  0%| F|  |TAMS 0x0000000083900000, 0x0000000083900000| Untracked 
|  58|0x0000000083a00000, 0x0000000083a00000, 0x0000000083b00000|  0%| F|  |TAMS 0x0000000083a00000, 0x0000000083a00000| Untracked 
|  59|0x0000000083b00000, 0x0000000083b00000, 0x0000000083c00000|  0%| F|  |TAMS 0x0000000083b00000, 0x0000000083b00000| Untracked 
|  60|0x0000000083c00000, 0x0000000083c00000, 0x0000000083d00000|  0%| F|  |TAMS 0x0000000083c00000, 0x0000000083c00000| Untracked 
|  61|0x0000000083d00000, 0x0000000083d00000, 0x0000000083e00000|  0%| F|  |TAMS 0x0000000083d00000, 0x0000000083d00000| Untracked 
|  62|0x0000000083e00000, 0x0000000083e00000, 0x0000000083f00000|  0%| F|  |TAMS 0x0000000083e00000, 0x0000000083e00000| Untracked 
|  63|0x0000000083f00000, 0x0000000083f00000, 0x0000000084000000|  0%| F|  |TAMS 0x0000000083f00000, 0x0000000083f00000| Untracked 
|  64|0x0000000084000000, 0x0000000084100000, 0x0000000084100000|100%| S|CS|TAMS 0x0000000084000000, 0x0000000084000000| Complete 
|  65|0x0000000084100000, 0x0000000084200000, 0x0000000084200000|100%| S|CS|TAMS 0x0000000084100000, 0x0000000084100000| Complete 
|  66|0x0000000084200000, 0x0000000084300000, 0x0000000084300000|100%| S|CS|TAMS 0x0000000084200000, 0x0000000084200000| Complete 
|  67|0x0000000084300000, 0x0000000084400000, 0x0000000084400000|100%| S|CS|TAMS 0x0000000084300000, 0x0000000084300000| Complete 
|  68|0x0000000084400000, 0x0000000084500000, 0x0000000084500000|100%| S|CS|TAMS 0x0000000084400000, 0x0000000084400000| Complete 
|  69|0x0000000084500000, 0x0000000084600000, 0x0000000084600000|100%| S|CS|TAMS 0x0000000084500000, 0x0000000084500000| Complete 
|  70|0x0000000084600000, 0x0000000084600000, 0x0000000084700000|  0%| F|  |TAMS 0x0000000084600000, 0x0000000084600000| Untracked 
|  71|0x0000000084700000, 0x0000000084700000, 0x0000000084800000|  0%| F|  |TAMS 0x0000000084700000, 0x0000000084700000| Untracked 
|  72|0x0000000084800000, 0x0000000084800000, 0x0000000084900000|  0%| F|  |TAMS 0x0000000084800000, 0x0000000084800000| Untracked 
|  73|0x0000000084900000, 0x0000000084900000, 0x0000000084a00000|  0%| F|  |TAMS 0x0000000084900000, 0x0000000084900000| Untracked 
|  74|0x0000000084a00000, 0x0000000084a00000, 0x0000000084b00000|  0%| F|  |TAMS 0x0000000084a00000, 0x0000000084a00000| Untracked 
|  75|0x0000000084b00000, 0x0000000084b00000, 0x0000000084c00000|  0%| F|  |TAMS 0x0000000084b00000, 0x0000000084b00000| Untracked 
|  76|0x0000000084c00000, 0x0000000084c00000, 0x0000000084d00000|  0%| F|  |TAMS 0x0000000084c00000, 0x0000000084c00000| Untracked 
|  77|0x0000000084d00000, 0x0000000084d00000, 0x0000000084e00000|  0%| F|  |TAMS 0x0000000084d00000, 0x0000000084d00000| Untracked 
|  78|0x0000000084e00000, 0x0000000084e00000, 0x0000000084f00000|  0%| F|  |TAMS 0x0000000084e00000, 0x0000000084e00000| Untracked 
|  79|0x0000000084f00000, 0x0000000084f00000, 0x0000000085000000|  0%| F|  |TAMS 0x0000000084f00000, 0x0000000084f00000| Untracked 
|  80|0x0000000085000000, 0x0000000085000000, 0x0000000085100000|  0%| F|  |TAMS 0x0000000085000000, 0x0000000085000000| Untracked 
|  81|0x0000000085100000, 0x0000000085100000, 0x0000000085200000|  0%| F|  |TAMS 0x0000000085100000, 0x0000000085100000| Untracked 
|  82|0x0000000085200000, 0x0000000085200000, 0x0000000085300000|  0%| F|  |TAMS 0x0000000085200000, 0x0000000085200000| Untracked 
|  83|0x0000000085300000, 0x0000000085300000, 0x0000000085400000|  0%| F|  |TAMS 0x0000000085300000, 0x0000000085300000| Untracked 
|  84|0x0000000085400000, 0x0000000085400000, 0x0000000085500000|  0%| F|  |TAMS 0x0000000085400000, 0x0000000085400000| Untracked 
|  85|0x0000000085500000, 0x0000000085500000, 0x0000000085600000|  0%| F|  |TAMS 0x0000000085500000, 0x0000000085500000| Untracked 
|  86|0x0000000085600000, 0x0000000085600000, 0x0000000085700000|  0%| F|  |TAMS 0x0000000085600000, 0x0000000085600000| Untracked 
|  87|0x0000000085700000, 0x0000000085700000, 0x0000000085800000|  0%| F|  |TAMS 0x0000000085700000, 0x0000000085700000| Untracked 
|  88|0x0000000085800000, 0x0000000085800000, 0x0000000085900000|  0%| F|  |TAMS 0x0000000085800000, 0x0000000085800000| Untracked 
|  89|0x0000000085900000, 0x0000000085900000, 0x0000000085a00000|  0%| F|  |TAMS 0x0000000085900000, 0x0000000085900000| Untracked 
|  90|0x0000000085a00000, 0x0000000085a00000, 0x0000000085b00000|  0%| F|  |TAMS 0x0000000085a00000, 0x0000000085a00000| Untracked 
|  91|0x0000000085b00000, 0x0000000085b00000, 0x0000000085c00000|  0%| F|  |TAMS 0x0000000085b00000, 0x0000000085b00000| Untracked 
|  92|0x0000000085c00000, 0x0000000085c00000, 0x0000000085d00000|  0%| F|  |TAMS 0x0000000085c00000, 0x0000000085c00000| Untracked 
|  93|0x0000000085d00000, 0x0000000085d00000, 0x0000000085e00000|  0%| F|  |TAMS 0x0000000085d00000, 0x0000000085d00000| Untracked 
|  94|0x0000000085e00000, 0x0000000085e00000, 0x0000000085f00000|  0%| F|  |TAMS 0x0000000085e00000, 0x0000000085e00000| Untracked 
|  95|0x0000000085f00000, 0x0000000085f00000, 0x0000000086000000|  0%| F|  |TAMS 0x0000000085f00000, 0x0000000085f00000| Untracked 
|  96|0x0000000086000000, 0x0000000086000000, 0x0000000086100000|  0%| F|  |TAMS 0x0000000086000000, 0x0000000086000000| Untracked 
|  97|0x0000000086100000, 0x0000000086100000, 0x0000000086200000|  0%| F|  |TAMS 0x0000000086100000, 0x0000000086100000| Untracked 
|  98|0x0000000086200000, 0x0000000086200000, 0x0000000086300000|  0%| F|  |TAMS 0x0000000086200000, 0x0000000086200000| Untracked 
|  99|0x0000000086300000, 0x0000000086300000, 0x0000000086400000|  0%| F|  |TAMS 0x0000000086300000, 0x0000000086300000| Untracked 
| 100|0x0000000086400000, 0x0000000086400000, 0x0000000086500000|  0%| F|  |TAMS 0x0000000086400000, 0x0000000086400000| Untracked 
| 101|0x0000000086500000, 0x0000000086500000, 0x0000000086600000|  0%| F|  |TAMS 0x0000000086500000, 0x0000000086500000| Untracked 
| 102|0x0000000086600000, 0x0000000086600000, 0x0000000086700000|  0%| F|  |TAMS 0x0000000086600000, 0x0000000086600000| Untracked 
| 103|0x0000000086700000, 0x0000000086700000, 0x0000000086800000|  0%| F|  |TAMS 0x0000000086700000, 0x0000000086700000| Untracked 
| 104|0x0000000086800000, 0x0000000086800000, 0x0000000086900000|  0%| F|  |TAMS 0x0000000086800000, 0x0000000086800000| Untracked 
| 105|0x0000000086900000, 0x0000000086900000, 0x0000000086a00000|  0%| F|  |TAMS 0x0000000086900000, 0x0000000086900000| Untracked 
| 106|0x0000000086a00000, 0x0000000086a00000, 0x0000000086b00000|  0%| F|  |TAMS 0x0000000086a00000, 0x0000000086a00000| Untracked 
| 107|0x0000000086b00000, 0x0000000086b00000, 0x0000000086c00000|  0%| F|  |TAMS 0x0000000086b00000, 0x0000000086b00000| Untracked 
| 108|0x0000000086c00000, 0x0000000086c00000, 0x0000000086d00000|  0%| F|  |TAMS 0x0000000086c00000, 0x0000000086c00000| Untracked 
| 109|0x0000000086d00000, 0x0000000086d00000, 0x0000000086e00000|  0%| F|  |TAMS 0x0000000086d00000, 0x0000000086d00000| Untracked 
| 110|0x0000000086e00000, 0x0000000086e00000, 0x0000000086f00000|  0%| F|  |TAMS 0x0000000086e00000, 0x0000000086e00000| Untracked 
| 111|0x0000000086f00000, 0x0000000086f00000, 0x0000000087000000|  0%| F|  |TAMS 0x0000000086f00000, 0x0000000086f00000| Untracked 
| 112|0x0000000087000000, 0x0000000087000000, 0x0000000087100000|  0%| F|  |TAMS 0x0000000087000000, 0x0000000087000000| Untracked 
| 113|0x0000000087100000, 0x0000000087100000, 0x0000000087200000|  0%| F|  |TAMS 0x0000000087100000, 0x0000000087100000| Untracked 
| 114|0x0000000087200000, 0x0000000087200000, 0x0000000087300000|  0%| F|  |TAMS 0x0000000087200000, 0x0000000087200000| Untracked 
| 115|0x0000000087300000, 0x00000000873af1c0, 0x0000000087400000| 68%| E|  |TAMS 0x0000000087300000, 0x0000000087300000| Complete 
| 116|0x0000000087400000, 0x0000000087500000, 0x0000000087500000|100%| E|CS|TAMS 0x0000000087400000, 0x0000000087400000| Complete 
| 117|0x0000000087500000, 0x0000000087600000, 0x0000000087600000|100%| E|CS|TAMS 0x0000000087500000, 0x0000000087500000| Complete 

Card table byte_map: [0x000002a3ef8c0000,0x000002a3efcc0000] _byte_map_base: 0x000002a3ef4c0000

Marking Bits (Prev, Next): (CMBitMap*) 0x000002a3dabf0328, (CMBitMap*) 0x000002a3dabf0360
 Prev Bits: [0x000002a3f00c0000, 0x000002a3f20c0000)
 Next Bits: [0x000002a3f20c0000, 0x000002a3f40c0000)

Polling page: 0x000002a3dac90000

Metaspace:

Usage:
  Non-class:     36.03 MB capacity,    35.35 MB ( 98%) used,   600.38 KB (  2%) free+waste,   101.75 KB ( <1%) overhead. 
      Class:      5.50 MB capacity,     5.14 MB ( 93%) used,   317.27 KB (  6%) free+waste,    48.81 KB ( <1%) overhead. 
       Both:     41.53 MB capacity,    40.49 MB ( 97%) used,   917.65 KB (  2%) free+waste,   150.56 KB ( <1%) overhead. 

Virtual space:
  Non-class space:       38.00 MB reserved,      36.25 MB ( 95%) committed 
      Class space:        1.00 GB reserved,       5.57 MB ( <1%) committed 
             Both:        1.04 GB reserved,      41.82 MB (  4%) committed 

Chunk freelists:
   Non-Class:  29.00 KB
       Class:  0 bytes
        Both:  29.00 KB

MaxMetaspaceSize: 17179869184.00 GB
CompressedClassSpaceSize: 1.00 GB
Initial GC threshold: 20.80 MB
Current GC threshold: 58.88 MB
CDS: off

CodeHeap 'non-profiled nmethods': size=120064Kb used=1872Kb max_used=1872Kb free=118192Kb
 bounds [0x000002a3e7950000, 0x000002a3e7bc0000, 0x000002a3eee90000]
CodeHeap 'profiled nmethods': size=120000Kb used=8150Kb max_used=8150Kb free=111849Kb
 bounds [0x000002a3e0420000, 0x000002a3e0c20000, 0x000002a3e7950000]
CodeHeap 'non-nmethods': size=5696Kb used=2282Kb max_used=2308Kb free=3414Kb
 bounds [0x000002a3dfe90000, 0x000002a3e0100000, 0x000002a3e0420000]
 total_blobs=4503 nmethods=3729 adapters=685
 compilation: enabled
              stopped_count=0, restarted_count=0
 full_count=0

Compilation events (20 events):
Event: 21.157 Thread 0x000002a3f70e1000 nmethod 3725 0x000002a3e7b23a10 code [0x000002a3e7b23bc0, 0x000002a3e7b23c78]
Event: 21.162 Thread 0x000002a3f70e1000 3726       3       org.codehaus.groovy.reflection.CachedClass::addSubclassExpandos (138 bytes)
Event: 21.162 Thread 0x000002a3f70e1000 nmethod 3726 0x000002a3e0c0db10 code [0x000002a3e0c0ddc0, 0x000002a3e0c0ecf8]
Event: 21.162 Thread 0x000002a3f70e1000 3727       3       com.google.common.cache.LocalCache::nullEntry (4 bytes)
Event: 21.162 Thread 0x000002a3f70e1000 nmethod 3727 0x000002a3e0c0f110 code [0x000002a3e0c0f2c0, 0x000002a3e0c0f3b8]
Event: 21.165 Thread 0x000002a3f6725000 3728       4       org.codehaus.groovy.runtime.metaclass.MetaMethodIndex::addMethodToList (131 bytes)
Event: 21.185 Thread 0x000002a3f70e1000 3730       3       org.codehaus.groovy.reflection.CachedClass::getMethods (11 bytes)
Event: 21.185 Thread 0x000002a3f70e1000 nmethod 3730 0x000002a3e0c0f490 code [0x000002a3e0c0f660, 0x000002a3e0c0f908]
Event: 21.185 Thread 0x000002a3f70e1000 3731       3       java.beans.PropertyDescriptor::getPropertyType0 (22 bytes)
Event: 21.186 Thread 0x000002a3f70e1000 nmethod 3731 0x000002a3e0c0fa10 code [0x000002a3e0c0fbe0, 0x000002a3e0c0fee8]
Event: 21.195 Thread 0x000002a3f70e1000 3732       3       groovy.lang.MetaClassImpl::establishStaticMetaProperty (262 bytes)
Event: 21.196 Thread 0x000002a3f70e1000 nmethod 3732 0x000002a3e0c10010 code [0x000002a3e0c10300, 0x000002a3e0c11b18]
Event: 21.217 Thread 0x000002a3f70e1000 3734       3       groovyjarjarasm.asm.SymbolTable::get (13 bytes)
Event: 21.217 Thread 0x000002a3f70e1000 nmethod 3734 0x000002a3e0c12090 code [0x000002a3e0c12240, 0x000002a3e0c12398]
Event: 21.267 Thread 0x000002a3f70e1000 3735       3       java.util.Hashtable$Enumerator::nextElement (111 bytes)
Event: 21.268 Thread 0x000002a3f70e1000 nmethod 3735 0x000002a3e0c12490 code [0x000002a3e0c12680, 0x000002a3e0c12b68]
Event: 21.268 Thread 0x000002a3f70e1000 3736       1       java.util.TreeMap::size (5 bytes)
Event: 21.268 Thread 0x000002a3f70e1000 nmethod 3736 0x000002a3e7b23d10 code [0x000002a3e7b23ec0, 0x000002a3e7b23f78]
Event: 21.268 Thread 0x000002a3f70e1000 3737       3       java.lang.ThreadLocal$ThreadLocalMap::getEntryAfterMiss (63 bytes)
Event: 21.268 Thread 0x000002a3f70e1000 nmethod 3737 0x000002a3e0c12d10 code [0x000002a3e0c12f00, 0x000002a3e0c13448]

GC Heap History (18 events):
Event: 2.964 GC heap before
{Heap before GC invocations=0 (full 0):
 garbage-first heap   total 120832K, used 20480K [0x0000000080000000, 0x0000000100000000)
  region size 1024K, 14 young (14336K), 0 survivors (0K)
 Metaspace       used 6746K, capacity 6933K, committed 7168K, reserved 1056768K
  class space    used 582K, capacity 650K, committed 768K, reserved 1048576K
}
Event: 2.968 GC heap after
{Heap after GC invocations=1 (full 0):
 garbage-first heap   total 120832K, used 7572K [0x0000000080000000, 0x0000000100000000)
  region size 1024K, 2 young (2048K), 2 survivors (2048K)
 Metaspace       used 6746K, capacity 6933K, committed 7168K, reserved 1056768K
  class space    used 582K, capacity 650K, committed 768K, reserved 1048576K
}
Event: 3.557 GC heap before
{Heap before GC invocations=1 (full 0):
 garbage-first heap   total 120832K, used 19860K [0x0000000080000000, 0x0000000100000000)
  region size 1024K, 14 young (14336K), 2 survivors (2048K)
 Metaspace       used 9902K, capacity 10126K, committed 10368K, reserved 1058816K
  class space    used 1028K, capacity 1102K, committed 1152K, reserved 1048576K
}
Event: 3.560 GC heap after
{Heap after GC invocations=2 (full 0):
 garbage-first heap   total 120832K, used 9239K [0x0000000080000000, 0x0000000100000000)
  region size 1024K, 2 young (2048K), 2 survivors (2048K)
 Metaspace       used 9902K, capacity 10126K, committed 10368K, reserved 1058816K
  class space    used 1028K, capacity 1102K, committed 1152K, reserved 1048576K
}
Event: 4.032 GC heap before
{Heap before GC invocations=2 (full 0):
 garbage-first heap   total 120832K, used 40983K [0x0000000080000000, 0x0000000100000000)
  region size 1024K, 32 young (32768K), 2 survivors (2048K)
 Metaspace       used 10881K, capacity 11081K, committed 11264K, reserved 1058816K
  class space    used 1131K, capacity 1207K, committed 1280K, reserved 1048576K
}
Event: 4.035 GC heap after
{Heap after GC invocations=3 (full 0):
 garbage-first heap   total 120832K, used 11466K [0x0000000080000000, 0x0000000100000000)
  region size 1024K, 4 young (4096K), 4 survivors (4096K)
 Metaspace       used 10881K, capacity 11081K, committed 11264K, reserved 1058816K
  class space    used 1131K, capacity 1207K, committed 1280K, reserved 1048576K
}
Event: 15.421 GC heap before
{Heap before GC invocations=3 (full 0):
 garbage-first heap   total 120832K, used 61642K [0x0000000080000000, 0x0000000100000000)
  region size 1024K, 53 young (54272K), 4 survivors (4096K)
 Metaspace       used 19244K, capacity 19644K, committed 19968K, reserved 1067008K
  class space    used 2310K, capacity 2456K, committed 2560K, reserved 1048576K
}
Event: 15.488 GC heap after
{Heap after GC invocations=4 (full 0):
 garbage-first heap   total 120832K, used 16214K [0x0000000080000000, 0x0000000100000000)
  region size 1024K, 7 young (7168K), 7 survivors (7168K)
 Metaspace       used 19244K, capacity 19644K, committed 19968K, reserved 1067008K
  class space    used 2310K, capacity 2456K, committed 2560K, reserved 1048576K
}
Event: 15.887 GC heap before
{Heap before GC invocations=4 (full 0):
 garbage-first heap   total 120832K, used 31574K [0x0000000080000000, 0x0000000100000000)
  region size 1024K, 23 young (23552K), 7 survivors (7168K)
 Metaspace       used 20688K, capacity 21157K, committed 21248K, reserved 1067008K
  class space    used 2533K, capacity 2726K, committed 2816K, reserved 1048576K
}
Event: 15.892 GC heap after
{Heap after GC invocations=5 (full 0):
 garbage-first heap   total 120832K, used 17412K [0x0000000080000000, 0x0000000100000000)
  region size 1024K, 5 young (5120K), 5 survivors (5120K)
 Metaspace       used 20688K, capacity 21157K, committed 21248K, reserved 1067008K
  class space    used 2533K, capacity 2726K, committed 2816K, reserved 1048576K
}
Event: 17.410 GC heap before
{Heap before GC invocations=6 (full 0):
 garbage-first heap   total 120832K, used 62468K [0x0000000080000000, 0x0000000100000000)
  region size 1024K, 49 young (50176K), 5 survivors (5120K)
 Metaspace       used 25603K, capacity 26118K, committed 26368K, reserved 1073152K
  class space    used 3281K, capacity 3469K, committed 3584K, reserved 1048576K
}
Event: 17.415 GC heap after
{Heap after GC invocations=7 (full 0):
 garbage-first heap   total 120832K, used 19471K [0x0000000080000000, 0x0000000100000000)
  region size 1024K, 3 young (3072K), 3 survivors (3072K)
 Metaspace       used 25603K, capacity 26118K, committed 26368K, reserved 1073152K
  class space    used 3281K, capacity 3469K, committed 3584K, reserved 1048576K
}
Event: 18.347 GC heap before
{Heap before GC invocations=7 (full 0):
 garbage-first heap   total 120832K, used 77839K [0x0000000080000000, 0x0000000100000000)
  region size 1024K, 50 young (51200K), 3 survivors (3072K)
 Metaspace       used 29957K, capacity 30810K, committed 30976K, reserved 1075200K
  class space    used 3975K, capacity 4288K, committed 4352K, reserved 1048576K
}
Event: 18.352 GC heap after
{Heap after GC invocations=8 (full 0):
 garbage-first heap   total 120832K, used 33836K [0x0000000080000000, 0x0000000100000000)
  region size 1024K, 7 young (7168K), 7 survivors (7168K)
 Metaspace       used 29957K, capacity 30810K, committed 30976K, reserved 1075200K
  class space    used 3975K, capacity 4288K, committed 4352K, reserved 1048576K
}
Event: 18.890 GC heap before
{Heap before GC invocations=8 (full 0):
 garbage-first heap   total 120832K, used 68652K [0x0000000080000000, 0x0000000100000000)
  region size 1024K, 42 young (43008K), 7 survivors (7168K)
 Metaspace       used 34855K, capacity 35785K, committed 35840K, reserved 1081344K
  class space    used 4644K, capacity 4987K, committed 4992K, reserved 1048576K
}
Event: 18.899 GC heap after
{Heap after GC invocations=9 (full 0):
 garbage-first heap   total 120832K, used 35964K [0x0000000080000000, 0x0000000100000000)
  region size 1024K, 3 young (3072K), 3 survivors (3072K)
 Metaspace       used 34855K, capacity 35785K, committed 35840K, reserved 1081344K
  class space    used 4644K, capacity 4987K, committed 4992K, reserved 1048576K
}
Event: 20.885 GC heap before
{Heap before GC invocations=10 (full 0):
 garbage-first heap   total 120832K, used 84092K [0x0000000080000000, 0x0000000100000000)
  region size 1024K, 48 young (49152K), 3 survivors (3072K)
 Metaspace       used 41248K, capacity 42372K, committed 42572K, reserved 1085440K
  class space    used 5242K, capacity 5623K, committed 5708K, reserved 1048576K
}
Event: 20.894 GC heap after
{Heap after GC invocations=11 (full 0):
 garbage-first heap   total 120832K, used 40563K [0x0000000080000000, 0x0000000100000000)
  region size 1024K, 6 young (6144K), 6 survivors (6144K)
 Metaspace       used 41248K, capacity 42372K, committed 42572K, reserved 1085440K
  class space    used 5242K, capacity 5623K, committed 5708K, reserved 1048576K
}

Deoptimization events (20 events):
Event: 20.785 Thread 0x000002a3f7d4a000 Uncommon trap: trap_request=0xffffffde fr.pc=0x000002a3e7b02790 relative=0x0000000000000470
Event: 20.785 Thread 0x000002a3f7d4a000 Uncommon trap: reason=class_check action=maybe_recompile pc=0x000002a3e7b02790 method=java.util.regex.Pattern$Start.match(Ljava/util/regex/Matcher;ILjava/lang/CharSequence;)Z @ 44 c2
Event: 20.785 Thread 0x000002a3f7d4a000 DEOPT PACKING pc=0x000002a3e7b02790 sp=0x000000c4c16f6e50
Event: 20.785 Thread 0x000002a3f7d4a000 DEOPT UNPACKING pc=0x000002a3dfeda1af sp=0x000000c4c16f6d18 mode 2
Event: 20.785 Thread 0x000002a3f7d4a000 Uncommon trap: trap_request=0xffffffde fr.pc=0x000002a3e7af934c relative=0x000000000000044c
Event: 20.785 Thread 0x000002a3f7d4a000 Uncommon trap: reason=class_check action=maybe_recompile pc=0x000002a3e7af934c method=java.util.regex.Pattern$Start.match(Ljava/util/regex/Matcher;ILjava/lang/CharSequence;)Z @ 44 c2
Event: 20.785 Thread 0x000002a3f7d4a000 DEOPT PACKING pc=0x000002a3e7af934c sp=0x000000c4c16f6de0
Event: 20.785 Thread 0x000002a3f7d4a000 DEOPT UNPACKING pc=0x000002a3dfeda1af sp=0x000000c4c16f6d20 mode 2
Event: 20.903 Thread 0x000002a3f8820800 Uncommon trap: trap_request=0xffffff4d fr.pc=0x000002a3e7a8bae8 relative=0x00000000000004a8
Event: 20.903 Thread 0x000002a3f8820800 Uncommon trap: reason=unstable_if action=reinterpret pc=0x000002a3e7a8bae8 method=java.lang.StringLatin1.regionMatchesCI([BI[BII)Z @ 66 c2
Event: 20.903 Thread 0x000002a3f8820800 DEOPT PACKING pc=0x000002a3e7a8bae8 sp=0x000000c4c24fe1e0
Event: 20.903 Thread 0x000002a3f8820800 DEOPT UNPACKING pc=0x000002a3dfeda1af sp=0x000000c4c24fe058 mode 2
Event: 20.903 Thread 0x000002a3f8820800 Uncommon trap: trap_request=0xffffff4d fr.pc=0x000002a3e7a333fc relative=0x000000000000059c
Event: 20.903 Thread 0x000002a3f8820800 Uncommon trap: reason=unstable_if action=reinterpret pc=0x000002a3e7a333fc method=java.lang.StringLatin1.regionMatchesCI([BI[BII)Z @ 66 c2
Event: 20.903 Thread 0x000002a3f8820800 DEOPT PACKING pc=0x000002a3e7a333fc sp=0x000000c4c24fe1d0
Event: 20.903 Thread 0x000002a3f8820800 DEOPT UNPACKING pc=0x000002a3dfeda1af sp=0x000000c4c24fe0d0 mode 2
Event: 21.086 Thread 0x000002a3f8820800 Uncommon trap: trap_request=0xffffff4d fr.pc=0x000002a3e7a32754 relative=0x0000000000000414
Event: 21.086 Thread 0x000002a3f8820800 Uncommon trap: reason=unstable_if action=reinterpret pc=0x000002a3e7a32754 method=java.lang.StringLatin1.regionMatchesCI([BI[BII)Z @ 66 c2
Event: 21.086 Thread 0x000002a3f8820800 DEOPT PACKING pc=0x000002a3e7a32754 sp=0x000000c4c24fe0d0
Event: 21.086 Thread 0x000002a3f8820800 DEOPT UNPACKING pc=0x000002a3dfeda1af sp=0x000000c4c24fe060 mode 2

Classes redefined (0 events):
No events

Internal exceptions (20 events):
Event: 20.657 Thread 0x000002a3f7d4a000 Exception <a 'java/lang/ClassNotFoundException'{0x0000000085373b18}: ijmapper_bb8jpluo0ogd9fus9te6b9b9wCustomizer> (0x0000000085373b18) thrown at [./src/hotspot/share/classfile/systemDictionary.cpp, line 231]
Event: 20.674 Thread 0x000002a3f7d4a000 Exception <a 'java/lang/ClassNotFoundException'{0x0000000084f56fa8}: org/gradle/internal/extensibility/DefaultExtraPropertiesExtensionBeanInfo> (0x0000000084f56fa8) thrown at [./src/hotspot/share/classfile/systemDictionary.cpp, line 231]
Event: 20.674 Thread 0x000002a3f7d4a000 Exception <a 'java/lang/ClassNotFoundException'{0x0000000084f709d8}: org/gradle/internal/extensibility/DefaultExtraPropertiesExtensionCustomizer> (0x0000000084f709d8) thrown at [./src/hotspot/share/classfile/systemDictionary.cpp, line 231]
Event: 20.710 Thread 0x000002a3f7d4a000 Exception <a 'java/lang/ClassNotFoundException'{0x0000000084daa418}: org/gradle/invocation/DefaultGradle_DecoratedBeanInfo> (0x0000000084daa418) thrown at [./src/hotspot/share/classfile/systemDictionary.cpp, line 231]
Event: 20.711 Thread 0x000002a3f7d4a000 Exception <a 'java/lang/ClassNotFoundException'{0x0000000084dcc330}: org/gradle/invocation/DefaultGradleBeanInfo> (0x0000000084dcc330) thrown at [./src/hotspot/share/classfile/systemDictionary.cpp, line 231]
Event: 20.711 Thread 0x000002a3f7d4a000 Exception <a 'java/lang/ClassNotFoundException'{0x0000000084df2340}: org/gradle/api/internal/project/AbstractPluginAwareBeanInfo> (0x0000000084df2340) thrown at [./src/hotspot/share/classfile/systemDictionary.cpp, line 231]
Event: 20.712 Thread 0x000002a3f7d4a000 Exception <a 'java/lang/ClassNotFoundException'{0x0000000084c188b8}: org/gradle/api/internal/project/AbstractPluginAwareCustomizer> (0x0000000084c188b8) thrown at [./src/hotspot/share/classfile/systemDictionary.cpp, line 231]
Event: 20.713 Thread 0x000002a3f7d4a000 Exception <a 'java/lang/ClassNotFoundException'{0x0000000084c40a98}: org/gradle/invocation/DefaultGradleCustomizer> (0x0000000084c40a98) thrown at [./src/hotspot/share/classfile/systemDictionary.cpp, line 231]
Event: 20.715 Thread 0x000002a3f7d4a000 Exception <a 'java/lang/ClassNotFoundException'{0x0000000084c968a0}: org/gradle/invocation/DefaultGradle_DecoratedCustomizer> (0x0000000084c968a0) thrown at [./src/hotspot/share/classfile/systemDictionary.cpp, line 231]
Event: 20.782 Thread 0x000002a3f7d4a000 Exception <a 'java/lang/ClassNotFoundException'{0x0000000084834530}: groovy/lang/Closure$1BeanInfo> (0x0000000084834530) thrown at [./src/hotspot/share/classfile/systemDictionary.cpp, line 231]
Event: 20.783 Thread 0x000002a3f7d4a000 Exception <a 'java/lang/ClassNotFoundException'{0x00000000848668f0}: groovy/lang/ClosureBeanInfo> (0x00000000848668f0) thrown at [./src/hotspot/share/classfile/systemDictionary.cpp, line 231]
Event: 20.784 Thread 0x000002a3f7d4a000 Exception <a 'java/lang/ClassNotFoundException'{0x0000000084898d40}: groovy/lang/ClosureCustomizer> (0x0000000084898d40) thrown at [./src/hotspot/share/classfile/systemDictionary.cpp, line 231]
Event: 20.786 Thread 0x000002a3f7d4a000 Exception <a 'java/lang/ClassNotFoundException'{0x00000000848eccb8}: groovy/lang/Closure$1Customizer> (0x00000000848eccb8) thrown at [./src/hotspot/share/classfile/systemDictionary.cpp, line 231]
Event: 20.830 Thread 0x000002a3f8820800 Exception <a 'sun/nio/fs/WindowsException'{0x0000000084625be8}> (0x0000000084625be8) thrown at [./src/hotspot/share/prims/jni.cpp, line 615]
Event: 21.117 Thread 0x000002a3f8820800 Exception <a 'sun/nio/fs/WindowsException'{0x00000000875dfe30}> (0x00000000875dfe30) thrown at [./src/hotspot/share/prims/jni.cpp, line 615]
Event: 21.143 Thread 0x000002a3f8820800 Exception <a 'sun/nio/fs/WindowsException'{0x00000000875e0040}> (0x00000000875e0040) thrown at [./src/hotspot/share/prims/jni.cpp, line 615]
Event: 21.173 Thread 0x000002a3f7d4a000 Exception <a 'java/lang/ClassNotFoundException'{0x000000008747f188}: sync_studio_tooling1_ay1fjb3ycsbq7mjclk0cdcz1uBeanInfo> (0x000000008747f188) thrown at [./src/hotspot/share/classfile/systemDictionary.cpp, line 231]
Event: 21.184 Thread 0x000002a3f7d4a000 Exception <a 'java/lang/ClassNotFoundException'{0x000000008748b858}: sync_studio_tooling1_ay1fjb3ycsbq7mjclk0cdcz1uCustomizer> (0x000000008748b858) thrown at [./src/hotspot/share/classfile/systemDictionary.cpp, line 231]
Event: 21.255 Thread 0x000002a3f7d4a000 Exception <a 'java/lang/ClassNotFoundException'{0x000000008732b578}: org/gradle/internal/metaobject/ConfigureDelegateBeanInfo> (0x000000008732b578) thrown at [./src/hotspot/share/classfile/systemDictionary.cpp, line 231]
Event: 21.267 Thread 0x000002a3f7d4a000 Exception <a 'java/lang/ClassNotFoundException'{0x000000008734ff58}: org/gradle/internal/metaobject/ConfigureDelegateCustomizer> (0x000000008734ff58) thrown at [./src/hotspot/share/classfile/systemDictionary.cpp, line 231]

Events (20 events):
Event: 21.253 loading class org/gradle/internal/metaobject/ConfigureDelegateBeanInfo
Event: 21.253 loading class org/gradle/internal/metaobject/ConfigureDelegateBeanInfo done
Event: 21.254 loading class org/gradle/internal/metaobject/ConfigureDelegateBeanInfo
Event: 21.254 loading class org/gradle/internal/metaobject/ConfigureDelegateBeanInfo done
Event: 21.254 loading class org/gradle/internal/metaobject/ConfigureDelegateBeanInfo
Event: 21.254 loading class org/gradle/internal/metaobject/ConfigureDelegateBeanInfo done
Event: 21.255 loading class org/gradle/internal/metaobject/ConfigureDelegateBeanInfo
Event: 21.255 loading class org/gradle/internal/metaobject/ConfigureDelegateBeanInfo done
Event: 21.255 loading class org/gradle/internal/metaobject/ConfigureDelegateCustomizer
Event: 21.255 loading class org/gradle/internal/metaobject/ConfigureDelegateCustomizer done
Event: 21.267 loading class org/gradle/internal/metaobject/ConfigureDelegateCustomizer
Event: 21.267 loading class org/gradle/internal/metaobject/ConfigureDelegateCustomizer done
Event: 21.267 loading class org/gradle/internal/metaobject/ConfigureDelegateCustomizer
Event: 21.267 loading class org/gradle/internal/metaobject/ConfigureDelegateCustomizer done
Event: 21.267 loading class org/gradle/internal/metaobject/ConfigureDelegateCustomizer
Event: 21.267 loading class org/gradle/internal/metaobject/ConfigureDelegateCustomizer done
Event: 21.272 loading class org/gradle/api/InvalidActionClosureException
Event: 21.272 loading class org/gradle/api/InvalidActionClosureException done
Event: 21.295 loading class org/codehaus/groovy/reflection/AccessPermissionChecker
Event: 21.295 loading class org/codehaus/groovy/reflection/AccessPermissionChecker done


Dynamic libraries:
0x00007ff7653c0000 - 0x00007ff7653ca000 	D:\Program Files\Android\Android Studio\jre\bin\java.exe
0x00007ffbe9d20000 - 0x00007ffbe9f29000 	C:\WINDOWS\SYSTEM32\ntdll.dll
0x00007ffbe87e0000 - 0x00007ffbe889d000 	C:\WINDOWS\System32\KERNEL32.DLL
0x00007ffbe7550000 - 0x00007ffbe78cc000 	C:\WINDOWS\System32\KERNELBASE.dll
0x00007ffbe78d0000 - 0x00007ffbe79e1000 	C:\WINDOWS\System32\ucrtbase.dll
0x00007ffbc9400000 - 0x00007ffbc9419000 	D:\Program Files\Android\Android Studio\jre\bin\jli.dll
0x00007ffbe8e10000 - 0x00007ffbe8fbd000 	C:\WINDOWS\System32\USER32.dll
0x00007ffbe7200000 - 0x00007ffbe7226000 	C:\WINDOWS\System32\win32u.dll
0x00007ffbe8b60000 - 0x00007ffbe8b89000 	C:\WINDOWS\System32\GDI32.dll
0x00007ffbe79f0000 - 0x00007ffbe7b09000 	C:\WINDOWS\System32\gdi32full.dll
0x00007ffbe7b10000 - 0x00007ffbe7bad000 	C:\WINDOWS\System32\msvcp_win.dll
0x00007ffbd50f0000 - 0x00007ffbd5395000 	C:\WINDOWS\WinSxS\amd64_microsoft.windows.common-controls_6595b64144ccf1df_6.0.22000.120_none_9d947278b86cc467\COMCTL32.dll
0x00007ffbe84a0000 - 0x00007ffbe8543000 	C:\WINDOWS\System32\msvcrt.dll
0x00007ffbc8ce0000 - 0x00007ffbc8cf7000 	D:\Program Files\Android\Android Studio\jre\bin\VCRUNTIME140.dll
0x00007ffbe8ce0000 - 0x00007ffbe8d11000 	C:\WINDOWS\System32\IMM32.DLL
0x00007ffbc8150000 - 0x00007ffbc81ed000 	D:\Program Files\Android\Android Studio\jre\bin\msvcp140.dll
0x00007ffba29c0000 - 0x00007ffba34a5000 	D:\Program Files\Android\Android Studio\jre\bin\server\jvm.dll
0x00007ffbe9bc0000 - 0x00007ffbe9c6e000 	C:\WINDOWS\System32\ADVAPI32.dll
0x00007ffbe8920000 - 0x00007ffbe89be000 	C:\WINDOWS\System32\sechost.dll
0x00007ffbe92e0000 - 0x00007ffbe9400000 	C:\WINDOWS\System32\RPCRT4.dll
0x00007ffbe9240000 - 0x00007ffbe9248000 	C:\WINDOWS\System32\PSAPI.DLL
0x00007ffbd4850000 - 0x00007ffbd4859000 	C:\WINDOWS\SYSTEM32\WSOCK32.dll
0x00007ffbe88a0000 - 0x00007ffbe890f000 	C:\WINDOWS\System32\WS2_32.dll
0x00007ffbe4370000 - 0x00007ffbe43a3000 	C:\WINDOWS\SYSTEM32\WINMM.dll
0x00007ffbe0340000 - 0x00007ffbe034a000 	C:\WINDOWS\SYSTEM32\VERSION.dll
0x00007ffbe62f0000 - 0x00007ffbe6308000 	C:\WINDOWS\SYSTEM32\kernel.appcore.dll
0x00007ffbd1f30000 - 0x00007ffbd1f41000 	D:\Program Files\Android\Android Studio\jre\bin\verify.dll
0x00007ffbe4140000 - 0x00007ffbe4361000 	C:\WINDOWS\SYSTEM32\DBGHELP.DLL
0x00007ffbe40d0000 - 0x00007ffbe4101000 	C:\WINDOWS\SYSTEM32\dbgcore.DLL
0x00007ffbe7230000 - 0x00007ffbe72af000 	C:\WINDOWS\System32\bcryptPrimitives.dll
0x00007ffbcb750000 - 0x00007ffbcb779000 	D:\Program Files\Android\Android Studio\jre\bin\java.dll
0x00007ffbdeee0000 - 0x00007ffbdeeeb000 	D:\Program Files\Android\Android Studio\jre\bin\jimage.dll
0x00007ffbcb730000 - 0x00007ffbcb748000 	D:\Program Files\Android\Android Studio\jre\bin\zip.dll
0x00007ffbe9400000 - 0x00007ffbe9bb8000 	C:\WINDOWS\System32\SHELL32.dll
0x00007ffbe5360000 - 0x00007ffbe5bc8000 	C:\WINDOWS\SYSTEM32\windows.storage.dll
0x00007ffbe8120000 - 0x00007ffbe8499000 	C:\WINDOWS\System32\combase.dll
0x00007ffbe51f0000 - 0x00007ffbe5356000 	C:\WINDOWS\SYSTEM32\wintypes.dll
0x00007ffbe8d20000 - 0x00007ffbe8e0a000 	C:\WINDOWS\System32\SHCORE.dll
0x00007ffbe8020000 - 0x00007ffbe807d000 	C:\WINDOWS\System32\shlwapi.dll
0x00007ffbe7130000 - 0x00007ffbe7151000 	C:\WINDOWS\SYSTEM32\profapi.dll
0x00007ffbcb710000 - 0x00007ffbcb72a000 	D:\Program Files\Android\Android Studio\jre\bin\net.dll
0x00007ffbdedd0000 - 0x00007ffbdeedc000 	C:\WINDOWS\SYSTEM32\WINHTTP.dll
0x00007ffbe6720000 - 0x00007ffbe6787000 	C:\WINDOWS\system32\mswsock.dll
0x00007ffbcb670000 - 0x00007ffbcb684000 	D:\Program Files\Android\Android Studio\jre\bin\nio.dll
0x00007ffbd1e90000 - 0x00007ffbd1eb7000 	C:\Users\zoki3\.gradle\native\e1d6ef7f7dcc3fd88c89a11ec53ec762bb8ba0a96d01ffa2cd45eb1d1d8dd5c5\windows-amd64\native-platform.dll
0x00007ffbb1ae0000 - 0x00007ffbb1c24000 	C:\Users\zoki3\.gradle\native\5664cfc778a61ccfe75a443a1ab52a65af34e5dc3c78e0209fed803814484fcb\windows-amd64\native-platform-file-events.dll
0x00007ffbdc9d0000 - 0x00007ffbdc9da000 	D:\Program Files\Android\Android Studio\jre\bin\management.dll
0x00007ffbdb830000 - 0x00007ffbdb83d000 	D:\Program Files\Android\Android Studio\jre\bin\management_ext.dll
0x00007ffbe6970000 - 0x00007ffbe6988000 	C:\WINDOWS\SYSTEM32\CRYPTSP.dll
0x00007ffbe6250000 - 0x00007ffbe6285000 	C:\WINDOWS\system32\rsaenh.dll
0x00007ffbe6810000 - 0x00007ffbe6839000 	C:\WINDOWS\SYSTEM32\USERENV.dll
0x00007ffbe6af0000 - 0x00007ffbe6b17000 	C:\WINDOWS\SYSTEM32\bcrypt.dll
0x00007ffbe6960000 - 0x00007ffbe696c000 	C:\WINDOWS\SYSTEM32\CRYPTBASE.dll
0x00007ffbe5e20000 - 0x00007ffbe5e4d000 	C:\WINDOWS\SYSTEM32\IPHLPAPI.DLL
0x00007ffbe8fc0000 - 0x00007ffbe8fc9000 	C:\WINDOWS\System32\NSI.dll
0x00007ffbded90000 - 0x00007ffbdeda9000 	C:\WINDOWS\SYSTEM32\dhcpcsvc6.DLL
0x00007ffbe0350000 - 0x00007ffbe036e000 	C:\WINDOWS\SYSTEM32\dhcpcsvc.DLL
0x00007ffbe5e50000 - 0x00007ffbe5f38000 	C:\WINDOWS\SYSTEM32\DNSAPI.dll

dbghelp: loaded successfully - version: 4.0.5 - missing functions: none
symbol engine: initialized successfully - sym options: 0x614 - pdb path: .;D:\Program Files\Android\Android Studio\jre\bin;C:\WINDOWS\SYSTEM32;C:\WINDOWS\WinSxS\amd64_microsoft.windows.common-controls_6595b64144ccf1df_6.0.22000.120_none_9d947278b86cc467;D:\Program Files\Android\Android Studio\jre\bin\server;C:\Users\zoki3\.gradle\native\e1d6ef7f7dcc3fd88c89a11ec53ec762bb8ba0a96d01ffa2cd45eb1d1d8dd5c5\windows-amd64;C:\Users\zoki3\.gradle\native\5664cfc778a61ccfe75a443a1ab52a65af34e5dc3c78e0209fed803814484fcb\windows-amd64

VM Arguments:
jvm_args: --add-opens=java.base/java.util=ALL-UNNAMED --add-opens=java.base/java.lang=ALL-UNNAMED --add-opens=java.base/java.lang.invoke=ALL-UNNAMED --add-opens=java.base/java.util=ALL-UNNAMED --add-opens=java.prefs/java.util.prefs=ALL-UNNAMED --add-opens=java.prefs/java.util.prefs=ALL-UNNAMED --add-opens=java.base/java.nio.charset=ALL-UNNAMED --add-opens=java.base/java.net=ALL-UNNAMED --add-opens=java.base/java.util.concurrent.atomic=ALL-UNNAMED -Xmx2048m -Dfile.encoding=UTF-8 -Duser.country=US -Duser.language=en -Duser.variant 
java_command: org.gradle.launcher.daemon.bootstrap.GradleDaemon 7.3.3
java_class_path (initial): C:\Users\zoki3\.gradle\wrapper\dists\gradle-7.3.3-bin\6a41zxkdtcxs8rphpq6y0069z\gradle-7.3.3\lib\gradle-launcher-7.3.3.jar
Launcher Type: SUN_STANDARD

[Global flags]
     intx CICompilerCount                          = 3                                         {product} {ergonomic}
     uint ConcGCThreads                            = 1                                         {product} {ergonomic}
     uint G1ConcRefinementThreads                  = 4                                         {product} {ergonomic}
   size_t G1HeapRegionSize                         = 1048576                                   {product} {ergonomic}
    uintx GCDrainStackTargetSize                   = 64                                        {product} {ergonomic}
   size_t InitialHeapSize                          = 123731968                                 {product} {ergonomic}
   size_t MarkStackSize                            = 4194304                                   {product} {ergonomic}
   size_t MaxHeapSize                              = 2147483648                                {product} {command line}
   size_t MaxNewSize                               = 1287651328                                {product} {ergonomic}
   size_t MinHeapDeltaBytes                        = 1048576                                   {product} {ergonomic}
    uintx NonNMethodCodeHeapSize                   = 5830732                                {pd product} {ergonomic}
    uintx NonProfiledCodeHeapSize                  = 122913754                              {pd product} {ergonomic}
    uintx ProfiledCodeHeapSize                     = 122913754                              {pd product} {ergonomic}
    uintx ReservedCodeCacheSize                    = 251658240                              {pd product} {ergonomic}
     bool SegmentedCodeCache                       = true                                      {product} {ergonomic}
     bool UseCompressedClassPointers               = true                                 {lp64_product} {ergonomic}
     bool UseCompressedOops                        = true                                 {lp64_product} {ergonomic}
     bool UseG1GC                                  = true                                      {product} {ergonomic}
     bool UseLargePagesIndividualAllocation        = false                                  {pd product} {ergonomic}

Logging:
Log output configuration:
 #0: stdout all=warning uptime,level,tags
 #1: stderr all=off uptime,level,tags

Environment Variables:
PATH=d:\WinAVR-20100110\bin;d:\WinAVR-20100110\utils\bin;C:\Program Files (x86)\Common Files\Oracle\Java\javapath;C:\Program Files (x86)\Common Files\Intel\Shared Libraries\redist\intel64\compiler;C:\ProgramData\Oracle\Java\javapath;C:\WINDOWS\system32;C:\WINDOWS;C:\WINDOWS\System32\Wbem;C:\WINDOWS\System32\WindowsPowerShell\v1.0\;C:\WINDOWS\System32\OpenSSH\;E:\Program Files\MATLAB\R2016a\runtime\win64;E:\Program Files\MATLAB\R2016a\bin;E:\Program Files\MATLAB\R2016a\polyspace\bin;C:\Program Files\dotnet\;C:\Program Files\Microsoft SQL Server\130\Tools\Binn\;C:\Program Files\Microsoft SQL Server\Client SDK\ODBC\170\Tools\Binn\;D:\GHDL\GHDL\bin;D:\GHDL\gtkwave\bin;D:\GHDL\GHDL;D:\GHDL\gtkwave;D:\Program Files (x86)\mingw-w64\i686-8.1.0-posix-dwarf-rt_v6-rev0\mingw32\bin;C:\ProgramData\Package Cache\1C153C601F02CD7C854A775751D0430DFED468E1\d\Program Files\Microchip\xc8\v2.31\bin;d:\Program Files\Git\cmd;d:\Program Files\LLVM\bin;C:\Program Files\LLVM\bin;D:\Program Files\nodejs\;C:\Users\zoki3\AppData\Local\Microsoft\WindowsApps;C:\Users\zoki3\.dotnet\tools;d:\Exercism;C:\Users\zoki3\AppData\Local\atom\bin;D:\Program Files (x86)\mingw-w64\i686-8.1.0-posix-dwarf-rt_v6-rev0\mingw32\bin;;d:\Users\zoki3\AppData\Local\Programs\Microsoft VS Code\bin;C:\Users\zoki3\AppData\Roaming\npm
USERNAME=zoki3
OS=Windows_NT
PROCESSOR_IDENTIFIER=AMD64 Family 23 Model 96 Stepping 1, AuthenticAMD



---------------  S Y S T E M  ---------------

OS: Windows 10 , 64 bit Build 22000 (10.0.22000.708)
OS uptime: 10 days 20:14 hours

CPU:total 4 (initial active 4) (4 cores per cpu, 1 threads per core) family 23 model 96 stepping 1 microcode 0x0, cmov, cx8, fxsr, mmx, sse, sse2, sse3, ssse3, sse4.1, sse4.2, popcnt, avx, avx2, aes, clmul, mmxext, 3dnowpref, lzcnt, sse4a, tsc, tscinvbit, tscinv, bmi1, bmi2, adx, sha, fma

Memory: 4k page, system-wide physical 7543M (347M free)
TotalPageFile size 22143M (AvailPageFile size 0M)
current process WorkingSet (physical memory assigned to process): 227M, peak: 227M
current process commit charge ("private bytes"): 283M, peak: 285M

vm_info: OpenJDK 64-Bit Server VM (11.0.12+7-b1504.28-7817840) for windows-amd64 JRE (11.0.12+7-b1504.28-7817840), built on Oct 13 2021 22:12:33 by "builder" with MS VC++ 14.0 (VS2015)

END.
