#
# There is insufficient memory for the Java Runtime Environment to continue.
# Native memory allocation (mmap) failed to map 181403648 bytes for Failed to commit area from 0x0000000095200000 to 0x000000009ff00000 of length 181403648.
# Possible reasons:
#   The system is out of physical RAM or swap space
#   The process is running with CompressedOops enabled, and the Java Heap may be blocking the growth of the native heap
# Possible solutions:
#   Reduce memory load on the system
#   Increase physical memory or swap space
#   Check if swap backing store is full
#   Decrease Java heap size (-Xmx/-Xms)
#   Decrease number of Java threads
#   Decrease Java thread stack sizes (-Xss)
#   Set larger code cache with -XX:ReservedCodeCacheSize=
#   JVM is running with Unscaled Compressed Oops mode in which the Java heap is
#     placed in the first 4GB address space. The Java Heap base address is the
#     maximum limit for the native heap growth. Please use -XX:HeapBaseMinAddress
#     to set the Java Heap base and to place the Java Heap above 4GB virtual address.
# This output file may be truncated or incomplete.
#
#  Out of Memory Error (./src/hotspot/os/windows/os_windows.cpp:3521), pid=75304, tid=73708
#
# JRE version: OpenJDK Runtime Environment (11.0.12+7) (build 11.0.12+7-b1504.28-7817840)
# Java VM: OpenJDK 64-Bit Server VM (11.0.12+7-b1504.28-7817840, mixed mode, tiered, compressed oops, g1 gc, windows-amd64)
# No core dump will be written. Minidumps are not enabled by default on client versions of Windows
#

---------------  S U M M A R Y ------------

Command Line: --add-opens=java.base/java.util=ALL-UNNAMED --add-opens=java.base/java.lang=ALL-UNNAMED --add-opens=java.base/java.lang.invoke=ALL-UNNAMED --add-opens=java.base/java.util=ALL-UNNAMED --add-opens=java.prefs/java.util.prefs=ALL-UNNAMED --add-opens=java.prefs/java.util.prefs=ALL-UNNAMED --add-opens=java.base/java.nio.charset=ALL-UNNAMED --add-opens=java.base/java.net=ALL-UNNAMED --add-opens=java.base/java.util.concurrent.atomic=ALL-UNNAMED -Xmx2048m -Dfile.encoding=UTF-8 -Duser.country=US -Duser.language=en -Duser.variant org.gradle.launcher.daemon.bootstrap.GradleDaemon 7.3.3

Host: AMD Ryzen 3 4300U with Radeon Graphics         , 4 cores, 7G,  Windows 10 , 64 bit Build 22000 (10.0.22000.708)
Time: Tue Nov  8 11:02:35 2022 Central European Standard Time elapsed time: 87.820614 seconds (0d 0h 1m 27s)

---------------  T H R E A D  ---------------

Current thread (0x000001714748d000):  VMThread "VM Thread" [stack: 0x00000025c6100000,0x00000025c6200000] [id=73708]

Stack: [0x00000025c6100000,0x00000025c6200000]
[error occurred during error reporting (printing stack bounds), id 0xc0000005, EXCEPTION_ACCESS_VIOLATION (0xc0000005) at pc=0x00000171313c112d]

Native frames: (J=compiled Java code, j=interpreted, Vv=VM code, C=native code)
V  [jvm.dll+0x5fbcea]
V  [jvm.dll+0x731905]
V  [jvm.dll+0x732f1d]
V  [jvm.dll+0x733535]
V  [jvm.dll+0x7334eb]
V  [jvm.dll+0x5fb080]
V  [jvm.dll+0x5fb818]
C  [ntdll.dll+0xa8b1f]
C  [ntdll.dll+0x35b9a]
C  [ntdll.dll+0xa7b2e]
C  0x00000171313c112d

VM_Operation (0x00000025cbafcf00): G1CollectForAllocation, mode: safepoint, requested by thread 0x000001714e3d1800


---------------  P R O C E S S  ---------------

Threads class SMR info:
_java_thread_list=0x000001714a38f4d0, length=95, elements={
0x000001712d8af800, 0x0000017147491800, 0x0000017147492800, 0x0000017147e32800,
0x00000171474b3800, 0x00000171474b4000, 0x00000171474b7000, 0x00000171474bd800,
0x00000171474c3000, 0x0000017147f65800, 0x0000017149e50000, 0x000001714a1f3800,
0x0000017148a4e000, 0x000001714a538800, 0x0000017149389000, 0x0000017149389800,
0x0000017149e88800, 0x00000171492c6000, 0x0000017148b42800, 0x0000017148b40000,
0x0000017148b41000, 0x0000017148b43800, 0x0000017148b41800, 0x0000017148b3e800,
0x0000017148b45000, 0x0000017148b3f000, 0x000001714b1e8800, 0x000001714b1ea000,
0x000001714b1eb000, 0x000001714b1e7000, 0x000001714b1eb800, 0x000001714b1ed800,
0x000001714b1e7800, 0x000001714b1f4000, 0x000001714b1f3000, 0x000001714b1ee000,
0x000001714b1ef000, 0x000001714b1f1800, 0x000001714b1f4800, 0x000001714b1f5800,
0x000001714b1f0000, 0x000001714b1f0800, 0x000001714b1f2000, 0x000001714af06800,
0x000001714af08000, 0x000001714af0c800, 0x000001714af0d000, 0x000001714af0a000,
0x000001714af09000, 0x000001714af07800, 0x000001714af0b800, 0x000001714af0e000,
0x000001714af10800, 0x000001714af0e800, 0x000001714af0f800, 0x000001714af0a800,
0x000001714af13000, 0x000001714af11000, 0x000001714af12000, 0x000001714af13800,
0x000001714af15000, 0x000001714af14800, 0x000001714a00d800, 0x000001714a00d000,
0x000001714a00a800, 0x000001714a008000, 0x000001714a00e800, 0x000001714a009800,
0x000001714a00b000, 0x000001714a009000, 0x000001714a00f800, 0x000001714a010000,
0x000001714a011000, 0x000001714a012000, 0x000001714a00c000, 0x000001714a016000,
0x000001714a016800, 0x000001714a014000, 0x000001714a015000, 0x000001714a012800,
0x000001714a013800, 0x000001714e3d4800, 0x000001714e3d4000, 0x000001714e3d5800,
0x000001714e3d1800, 0x000001714e3d7000, 0x000001714e3d6800, 0x000001714e3d8000,
0x000001714e3d2800, 0x000001714e3d9000, 0x000001714e3dc000, 0x000001714e3d9800,
0x000001714e3e0000, 0x000001714e3df800, 0x000001714e3da800
}

Java Threads: ( => current thread )
  0x000001712d8af800 JavaThread "main" [_thread_blocked, id=74864, stack(0x00000025c5b00000,0x00000025c5c00000)]
  0x0000017147491800 JavaThread "Reference Handler" daemon [_thread_blocked, id=76280, stack(0x00000025c6200000,0x00000025c6300000)]
  0x0000017147492800 JavaThread "Finalizer" daemon [_thread_blocked, id=40280, stack(0x00000025c6300000,0x00000025c6400000)]
  0x0000017147e32800 JavaThread "Signal Dispatcher" daemon [_thread_blocked, id=68808, stack(0x00000025c6400000,0x00000025c6500000)]
  0x00000171474b3800 JavaThread "Attach Listener" daemon [_thread_blocked, id=23720, stack(0x00000025c6500000,0x00000025c6600000)]
  0x00000171474b4000 JavaThread "Service Thread" daemon [_thread_blocked, id=77724, stack(0x00000025c6600000,0x00000025c6700000)]
  0x00000171474b7000 JavaThread "C2 CompilerThread0" daemon [_thread_blocked, id=75020, stack(0x00000025c6700000,0x00000025c6800000)]
  0x00000171474bd800 JavaThread "C1 CompilerThread0" daemon [_thread_blocked, id=74420, stack(0x00000025c6800000,0x00000025c6900000)]
  0x00000171474c3000 JavaThread "Sweeper thread" daemon [_thread_blocked, id=75940, stack(0x00000025c6900000,0x00000025c6a00000)]
  0x0000017147f65800 JavaThread "Common-Cleaner" daemon [_thread_blocked, id=69744, stack(0x00000025c6a00000,0x00000025c6b00000)]
  0x0000017149e50000 JavaThread "Daemon health stats" [_thread_blocked, id=2912, stack(0x00000025c6d00000,0x00000025c6e00000)]
  0x000001714a1f3800 JavaThread "Incoming local TCP Connector on port 55878" [_thread_in_native, id=69556, stack(0x00000025c6e00000,0x00000025c6f00000)]
  0x0000017148a4e000 JavaThread "Daemon periodic checks" [_thread_blocked, id=73448, stack(0x00000025c6f00000,0x00000025c7000000)]
  0x000001714a538800 JavaThread "Daemon" [_thread_blocked, id=64896, stack(0x00000025c7000000,0x00000025c7100000)]
  0x0000017149389000 JavaThread "Handler for socket connection from /127.0.0.1:55878 to /127.0.0.1:55879" [_thread_in_native, id=58148, stack(0x00000025c7100000,0x00000025c7200000)]
  0x0000017149389800 JavaThread "Cancel handler" [_thread_blocked, id=38960, stack(0x00000025c7200000,0x00000025c7300000)]
  0x0000017149e88800 JavaThread "Daemon worker" [_thread_blocked, id=57684, stack(0x00000025c7300000,0x00000025c7400000)]
  0x00000171492c6000 JavaThread "Asynchronous log dispatcher for DefaultDaemonConnection: socket connection from /127.0.0.1:55878 to /127.0.0.1:55879" [_thread_blocked, id=68960, stack(0x00000025c7400000,0x00000025c7500000)]
  0x0000017148b42800 JavaThread "Daemon client event forwarder" [_thread_blocked, id=53816, stack(0x00000025c7600000,0x00000025c7700000)]
  0x0000017148b40000 JavaThread "Cache worker for journal cache (C:\Users\zoki3\.gradle\caches\journal-1)" [_thread_blocked, id=39552, stack(0x00000025c7900000,0x00000025c7a00000)]
  0x0000017148b41000 JavaThread "File lock request listener" [_thread_in_native, id=63988, stack(0x00000025c7a00000,0x00000025c7b00000)]
  0x0000017148b43800 JavaThread "Cache worker for file hash cache (C:\Users\zoki3\.gradle\caches\7.3.3\fileHashes)" [_thread_blocked, id=70456, stack(0x00000025c7b00000,0x00000025c7c00000)]
  0x0000017148b41800 JavaThread "Cache worker for file hash cache (D:\ETES\explorengv2\.gradle\7.3.3\fileHashes)" [_thread_blocked, id=54936, stack(0x00000025c7c00000,0x00000025c7d00000)]
  0x0000017148b3e800 JavaThread "File watcher server" daemon [_thread_blocked, id=46996, stack(0x00000025c7d00000,0x00000025c7e00000)]
  0x0000017148b45000 JavaThread "File watcher consumer" daemon [_thread_blocked, id=70052, stack(0x00000025c7e00000,0x00000025c7f00000)]
  0x0000017148b3f000 JavaThread "Cache worker for checksums cache (D:\ETES\explorengv2\.gradle\7.3.3\checksums)" [_thread_blocked, id=72280, stack(0x00000025c7f00000,0x00000025c8000000)]
  0x000001714b1e8800 JavaThread "Cache worker for cache directory md-supplier (C:\Users\zoki3\.gradle\caches\7.3.3\md-supplier)" [_thread_blocked, id=63676, stack(0x00000025c8000000,0x00000025c8100000)]
  0x000001714b1ea000 JavaThread "Cache worker for cache directory md-rule (C:\Users\zoki3\.gradle\caches\7.3.3\md-rule)" [_thread_blocked, id=64972, stack(0x00000025c8100000,0x00000025c8200000)]
  0x000001714b1eb000 JavaThread "Cache worker for execution history cache (C:\Users\zoki3\.gradle\caches\7.3.3\executionHistory)" [_thread_blocked, id=68816, stack(0x00000025c8200000,0x00000025c8300000)]
  0x000001714b1e7000 JavaThread "jar transforms" [_thread_blocked, id=53380, stack(0x00000025c8300000,0x00000025c8400000)]
  0x000001714b1eb800 JavaThread "Cache worker for file content cache (C:\Users\zoki3\.gradle\caches\7.3.3\fileContent)" [_thread_blocked, id=39120, stack(0x00000025c8400000,0x00000025c8500000)]
  0x000001714b1ed800 JavaThread "jar transforms Thread 2" [_thread_blocked, id=53804, stack(0x00000025c8500000,0x00000025c8600000)]
  0x000001714b1e7800 JavaThread "Cache worker for dependencies-accessors (D:\ETES\explorengv2\.gradle\7.3.3\dependencies-accessors)" [_thread_blocked, id=70524, stack(0x00000025c8600000,0x00000025c8700000)]
  0x000001714b1f4000 JavaThread "jar transforms Thread 3" [_thread_blocked, id=77008, stack(0x00000025c8700000,0x00000025c8800000)]
  0x000001714b1f3000 JavaThread "Cache worker for Build Output Cleanup Cache (D:\ETES\explorengv2\.gradle\buildOutputCleanup)" [_thread_blocked, id=72932, stack(0x00000025c8800000,0x00000025c8900000)]
  0x000001714b1ee000 JavaThread "Unconstrained build operations" [_thread_blocked, id=14388, stack(0x00000025c8900000,0x00000025c8a00000)]
  0x000001714b1ef000 JavaThread "Unconstrained build operations Thread 2" [_thread_blocked, id=63340, stack(0x00000025c8a00000,0x00000025c8b00000)]
  0x000001714b1f1800 JavaThread "Unconstrained build operations Thread 3" [_thread_blocked, id=76220, stack(0x00000025c8b00000,0x00000025c8c00000)]
  0x000001714b1f4800 JavaThread "Unconstrained build operations Thread 4" [_thread_blocked, id=74884, stack(0x00000025c8c00000,0x00000025c8d00000)]
  0x000001714b1f5800 JavaThread "Unconstrained build operations Thread 5" [_thread_blocked, id=76032, stack(0x00000025c8d00000,0x00000025c8e00000)]
  0x000001714b1f0000 JavaThread "Unconstrained build operations Thread 6" [_thread_blocked, id=74656, stack(0x00000025c8e00000,0x00000025c8f00000)]
  0x000001714b1f0800 JavaThread "Unconstrained build operations Thread 7" [_thread_blocked, id=40796, stack(0x00000025c8f00000,0x00000025c9000000)]
  0x000001714b1f2000 JavaThread "Unconstrained build operations Thread 8" [_thread_blocked, id=69296, stack(0x00000025c9000000,0x00000025c9100000)]
  0x000001714af06800 JavaThread "Unconstrained build operations Thread 9" [_thread_blocked, id=62704, stack(0x00000025c9100000,0x00000025c9200000)]
  0x000001714af08000 JavaThread "Unconstrained build operations Thread 10" [_thread_blocked, id=32544, stack(0x00000025c9200000,0x00000025c9300000)]
  0x000001714af0c800 JavaThread "Unconstrained build operations Thread 11" [_thread_blocked, id=54396, stack(0x00000025c9300000,0x00000025c9400000)]
  0x000001714af0d000 JavaThread "Unconstrained build operations Thread 12" [_thread_blocked, id=73416, stack(0x00000025c9400000,0x00000025c9500000)]
  0x000001714af0a000 JavaThread "Unconstrained build operations Thread 13" [_thread_blocked, id=55084, stack(0x00000025c9500000,0x00000025c9600000)]
  0x000001714af09000 JavaThread "Unconstrained build operations Thread 14" [_thread_blocked, id=69976, stack(0x00000025c9600000,0x00000025c9700000)]
  0x000001714af07800 JavaThread "Unconstrained build operations Thread 15" [_thread_blocked, id=60492, stack(0x00000025c9700000,0x00000025c9800000)]
  0x000001714af0b800 JavaThread "Unconstrained build operations Thread 16" [_thread_blocked, id=62720, stack(0x00000025c9800000,0x00000025c9900000)]
  0x000001714af0e000 JavaThread "Unconstrained build operations Thread 17" [_thread_blocked, id=67492, stack(0x00000025c9900000,0x00000025c9a00000)]
  0x000001714af10800 JavaThread "Unconstrained build operations Thread 18" [_thread_blocked, id=75136, stack(0x00000025c9a00000,0x00000025c9b00000)]
  0x000001714af0e800 JavaThread "Unconstrained build operations Thread 19" [_thread_blocked, id=69772, stack(0x00000025c9b00000,0x00000025c9c00000)]
  0x000001714af0f800 JavaThread "Unconstrained build operations Thread 20" [_thread_blocked, id=71964, stack(0x00000025c9c00000,0x00000025c9d00000)]
  0x000001714af0a800 JavaThread "Unconstrained build operations Thread 21" [_thread_blocked, id=74160, stack(0x00000025c9d00000,0x00000025c9e00000)]
  0x000001714af13000 JavaThread "Unconstrained build operations Thread 22" [_thread_blocked, id=50756, stack(0x00000025c9e00000,0x00000025c9f00000)]
  0x000001714af11000 JavaThread "Unconstrained build operations Thread 23" [_thread_blocked, id=70712, stack(0x00000025c9f00000,0x00000025ca000000)]
  0x000001714af12000 JavaThread "Unconstrained build operations Thread 24" [_thread_blocked, id=74856, stack(0x00000025ca000000,0x00000025ca100000)]
  0x000001714af13800 JavaThread "Unconstrained build operations Thread 25" [_thread_blocked, id=69624, stack(0x00000025ca100000,0x00000025ca200000)]
  0x000001714af15000 JavaThread "Unconstrained build operations Thread 26" [_thread_blocked, id=73276, stack(0x00000025ca200000,0x00000025ca300000)]
  0x000001714af14800 JavaThread "Unconstrained build operations Thread 27" [_thread_blocked, id=65652, stack(0x00000025ca300000,0x00000025ca400000)]
  0x000001714a00d800 JavaThread "Unconstrained build operations Thread 28" [_thread_blocked, id=59624, stack(0x00000025ca400000,0x00000025ca500000)]
  0x000001714a00d000 JavaThread "Unconstrained build operations Thread 29" [_thread_blocked, id=76112, stack(0x00000025ca500000,0x00000025ca600000)]
  0x000001714a00a800 JavaThread "Unconstrained build operations Thread 30" [_thread_blocked, id=72160, stack(0x00000025ca600000,0x00000025ca700000)]
  0x000001714a008000 JavaThread "Unconstrained build operations Thread 31" [_thread_blocked, id=70144, stack(0x00000025ca700000,0x00000025ca800000)]
  0x000001714a00e800 JavaThread "Unconstrained build operations Thread 32" [_thread_blocked, id=74952, stack(0x00000025ca800000,0x00000025ca900000)]
  0x000001714a009800 JavaThread "Unconstrained build operations Thread 33" [_thread_blocked, id=75072, stack(0x00000025ca900000,0x00000025caa00000)]
  0x000001714a00b000 JavaThread "Unconstrained build operations Thread 34" [_thread_blocked, id=17252, stack(0x00000025caa00000,0x00000025cab00000)]
  0x000001714a009000 JavaThread "Unconstrained build operations Thread 35" [_thread_blocked, id=61312, stack(0x00000025cab00000,0x00000025cac00000)]
  0x000001714a00f800 JavaThread "Unconstrained build operations Thread 36" [_thread_blocked, id=41256, stack(0x00000025cac00000,0x00000025cad00000)]
  0x000001714a010000 JavaThread "Unconstrained build operations Thread 37" [_thread_blocked, id=67828, stack(0x00000025cad00000,0x00000025cae00000)]
  0x000001714a011000 JavaThread "Unconstrained build operations Thread 38" [_thread_blocked, id=57816, stack(0x00000025cae00000,0x00000025caf00000)]
  0x000001714a012000 JavaThread "Unconstrained build operations Thread 39" [_thread_blocked, id=76200, stack(0x00000025caf00000,0x00000025cb000000)]
  0x000001714a00c000 JavaThread "Unconstrained build operations Thread 40" [_thread_blocked, id=57076, stack(0x00000025cb000000,0x00000025cb100000)]
  0x000001714a016000 JavaThread "jar transforms Thread 4" [_thread_blocked, id=74468, stack(0x00000025cb100000,0x00000025cb200000)]
  0x000001714a016800 JavaThread "Memory manager" [_thread_blocked, id=74164, stack(0x00000025cb200000,0x00000025cb300000)]
  0x000001714a014000 JavaThread "build event listener" [_thread_blocked, id=77656, stack(0x00000025cb300000,0x00000025cb400000)]
  0x000001714a015000 JavaThread "build event listener" [_thread_blocked, id=18160, stack(0x00000025cb400000,0x00000025cb500000)]
  0x000001714a012800 JavaThread "Execution worker for ':'" [_thread_blocked, id=28696, stack(0x00000025cb500000,0x00000025cb600000)]
  0x000001714a013800 JavaThread "Execution worker for ':' Thread 2" [_thread_blocked, id=77040, stack(0x00000025cb600000,0x00000025cb700000)]
  0x000001714e3d4800 JavaThread "Execution worker for ':' Thread 3" [_thread_blocked, id=66904, stack(0x00000025cb700000,0x00000025cb800000)]
  0x000001714e3d4000 JavaThread "Cache worker for execution history cache (D:\ETES\explorengv2\.gradle\7.3.3\executionHistory)" [_thread_blocked, id=72660, stack(0x00000025cb800000,0x00000025cb900000)]
  0x000001714e3d5800 JavaThread "WorkerExecutor Queue" [_thread_blocked, id=75568, stack(0x00000025cb900000,0x00000025cba00000)]
  0x000001714e3d1800 JavaThread "WorkerExecutor Queue Thread 2" [_thread_blocked, id=64532, stack(0x00000025cba00000,0x00000025cbb00000)]
  0x000001714e3d7000 JavaThread "WorkerExecutor Queue Thread 3" [_thread_blocked, id=77268, stack(0x00000025cbb00000,0x00000025cbc00000)]
  0x000001714e3d6800 JavaThread "WorkerExecutor Queue Thread 4" [_thread_blocked, id=66068, stack(0x00000025cbc00000,0x00000025cbd00000)]
  0x000001714e3d8000 JavaThread "pool-3-thread-1" [_thread_blocked, id=70496, stack(0x00000025cbf00000,0x00000025cc000000)]
  0x000001714e3d2800 JavaThread "stderr" [_thread_in_native, id=73944, stack(0x00000025cc000000,0x00000025cc100000)]
  0x000001714e3d9000 JavaThread "stdout" [_thread_in_native, id=25092, stack(0x00000025cc100000,0x00000025cc200000)]
  0x000001714e3dc000 JavaThread "RMI Scheduler(0)" daemon [_thread_blocked, id=59696, stack(0x00000025c5800000,0x00000025c5900000)]
  0x000001714e3d9800 JavaThread "RMI GC Daemon" daemon [_thread_blocked, id=15872, stack(0x00000025c5a00000,0x00000025c5b00000)]
  0x000001714e3e0000 JavaThread "RMI TCP Accept-0" daemon [_thread_in_native, id=72876, stack(0x00000025cc200000,0x00000025cc300000)]
  0x000001714e3df800 JavaThread "RMI Reaper" [_thread_blocked, id=49272, stack(0x00000025cc300000,0x00000025cc400000)]
  0x000001714e3da800 JavaThread "RMI TCP Connection(1)-127.0.0.1" daemon [_thread_in_native, id=73920, stack(0x00000025cc400000,0x00000025cc500000)]

Other Threads:
=>0x000001714748d000 VMThread "VM Thread" [stack: 0x00000025c6100000,0x00000025c6200000] [id=73708]
  0x0000017147fd1000 WatcherThread [stack: 0x00000025c6b00000,0x00000025c6c00000] [id=52732]
  0x000001712d8ca000 GCTaskThread "GC Thread#0" [stack: 0x00000025c5c00000,0x00000025c5d00000] [id=59760]
  0x0000017148730000 GCTaskThread "GC Thread#1" [stack: 0x00000025c6c00000,0x00000025c6d00000] [id=52980]
  0x0000017149848000 GCTaskThread "GC Thread#2" [stack: 0x00000025c7700000,0x00000025c7800000] [id=48220]
  0x0000017148985800 GCTaskThread "GC Thread#3" [stack: 0x00000025c7800000,0x00000025c7900000] [id=44544]
  0x000001712d8f9000 ConcurrentGCThread "G1 Main Marker" [stack: 0x00000025c5d00000,0x00000025c5e00000] [id=62484]
  0x000001712d8fb800 ConcurrentGCThread "G1 Conc#0" [stack: 0x00000025c5e00000,0x00000025c5f00000] [id=77288]
  0x000001712d976800 ConcurrentGCThread "G1 Refine#0" [stack: 0x00000025c5f00000,0x00000025c6000000] [id=71784]
  0x000001712d978000 ConcurrentGCThread "G1 Young RemSet Sampling" [stack: 0x00000025c6000000,0x00000025c6100000] [id=76156]

Threads with active compile tasks:
C2 CompilerThread0  87843 17562       4       com.sun.tools.javac.comp.Attr::checkIdInternal (762 bytes)

VM state:at safepoint (normal execution)

VM Mutex/Monitor currently owned by a thread:  ([mutex/lock_event])
[0x000001712d8ab930] Threads_lock - owner thread: 0x000001714748d000
[0x000001712d8abb70] Heap_lock - owner thread: 0x000001714e3d1800

Heap address: 0x0000000080000000, size: 2048 MB, Compressed Oops mode: 32-bit
Narrow klass base: 0x0000000000000000, Narrow klass shift: 3
Compressed class space size: 1073741824 Address: 0x0000000100000000

Heap:
 garbage-first heap   total 523264K, used 269023K [0x0000000080000000, 0x0000000100000000)
  region size 1024K, 1 young (1024K), 1 survivors (1024K)
 Metaspace       used 126045K, capacity 128784K, committed 129068K, reserved 1161216K
  class space    used 15562K, capacity 16649K, committed 16768K, reserved 1048576K
Heap Regions: E=young(eden), S=young(survivor), O=old, HS=humongous(starts), HC=humongous(continues), CS=collection set, F=free, A=archive, TAMS=top-at-mark-start (previous, next)
|   0|0x0000000080000000, 0x0000000080100000, 0x0000000080100000|100%| O|  |TAMS 0x0000000080100000, 0x0000000080000000| Untracked 
|   1|0x0000000080100000, 0x0000000080200000, 0x0000000080200000|100%| O|  |TAMS 0x0000000080200000, 0x0000000080100000| Untracked 
|   2|0x0000000080200000, 0x0000000080300000, 0x0000000080300000|100%| O|  |TAMS 0x0000000080300000, 0x0000000080200000| Complete 
|   3|0x0000000080300000, 0x0000000080400000, 0x0000000080400000|100%|HS|  |TAMS 0x0000000080400000, 0x0000000080300000| Complete 
|   4|0x0000000080400000, 0x0000000080500000, 0x0000000080500000|100%|HC|  |TAMS 0x0000000080500000, 0x0000000080400000| Complete 
|   5|0x0000000080500000, 0x0000000080600000, 0x0000000080600000|100%|HC|  |TAMS 0x0000000080600000, 0x0000000080500000| Complete 
|   6|0x0000000080600000, 0x0000000080700000, 0x0000000080700000|100%| O|  |TAMS 0x0000000080700000, 0x0000000080600000| Complete 
|   7|0x0000000080700000, 0x0000000080800000, 0x0000000080800000|100%| O|  |TAMS 0x0000000080800000, 0x0000000080700000| Untracked 
|   8|0x0000000080800000, 0x0000000080900000, 0x0000000080900000|100%| O|  |TAMS 0x0000000080900000, 0x0000000080800000| Complete 
|   9|0x0000000080900000, 0x0000000080a00000, 0x0000000080a00000|100%| O|  |TAMS 0x0000000080a00000, 0x0000000080900000| Untracked 
|  10|0x0000000080a00000, 0x0000000080b00000, 0x0000000080b00000|100%| O|  |TAMS 0x0000000080b00000, 0x0000000080a00000| Untracked 
|  11|0x0000000080b00000, 0x0000000080c00000, 0x0000000080c00000|100%| O|  |TAMS 0x0000000080c00000, 0x0000000080b00000| Untracked 
|  12|0x0000000080c00000, 0x0000000080d00000, 0x0000000080d00000|100%| O|  |TAMS 0x0000000080d00000, 0x0000000080c00000| Untracked 
|  13|0x0000000080d00000, 0x0000000080e00000, 0x0000000080e00000|100%| O|  |TAMS 0x0000000080e00000, 0x0000000080d00000| Untracked 
|  14|0x0000000080e00000, 0x0000000080f00000, 0x0000000080f00000|100%| O|  |TAMS 0x0000000080f00000, 0x0000000080e00000| Untracked 
|  15|0x0000000080f00000, 0x0000000081000000, 0x0000000081000000|100%| O|  |TAMS 0x0000000081000000, 0x0000000080f00000| Untracked 
|  16|0x0000000081000000, 0x0000000081100000, 0x0000000081100000|100%| O|  |TAMS 0x0000000081100000, 0x0000000081000000| Untracked 
|  17|0x0000000081100000, 0x0000000081200000, 0x0000000081200000|100%| O|  |TAMS 0x0000000081200000, 0x0000000081100000| Untracked 
|  18|0x0000000081200000, 0x0000000081300000, 0x0000000081300000|100%| O|  |TAMS 0x0000000081300000, 0x0000000081200000| Untracked 
|  19|0x0000000081300000, 0x0000000081400000, 0x0000000081400000|100%| O|  |TAMS 0x0000000081400000, 0x0000000081300000| Untracked 
|  20|0x0000000081400000, 0x0000000081500000, 0x0000000081500000|100%| O|  |TAMS 0x0000000081500000, 0x0000000081400000| Untracked 
|  21|0x0000000081500000, 0x0000000081600000, 0x0000000081600000|100%| O|  |TAMS 0x0000000081600000, 0x0000000081500000| Complete 
|  22|0x0000000081600000, 0x0000000081700000, 0x0000000081700000|100%| O|  |TAMS 0x0000000081700000, 0x0000000081600000| Untracked 
|  23|0x0000000081700000, 0x0000000081800000, 0x0000000081800000|100%| O|  |TAMS 0x0000000081800000, 0x0000000081700000| Untracked 
|  24|0x0000000081800000, 0x0000000081900000, 0x0000000081900000|100%| O|  |TAMS 0x0000000081900000, 0x0000000081800000| Untracked 
|  25|0x0000000081900000, 0x0000000081a00000, 0x0000000081a00000|100%| O|  |TAMS 0x0000000081a00000, 0x0000000081900000| Untracked 
|  26|0x0000000081a00000, 0x0000000081b00000, 0x0000000081b00000|100%| O|  |TAMS 0x0000000081b00000, 0x0000000081a00000| Complete 
|  27|0x0000000081b00000, 0x0000000081c00000, 0x0000000081c00000|100%| O|  |TAMS 0x0000000081c00000, 0x0000000081b00000| Untracked 
|  28|0x0000000081c00000, 0x0000000081d00000, 0x0000000081d00000|100%| O|  |TAMS 0x0000000081d00000, 0x0000000081c00000| Untracked 
|  29|0x0000000081d00000, 0x0000000081e00000, 0x0000000081e00000|100%|HS|  |TAMS 0x0000000081e00000, 0x0000000081d00000| Complete 
|  30|0x0000000081e00000, 0x0000000081f00000, 0x0000000081f00000|100%|HS|  |TAMS 0x0000000081f00000, 0x0000000081e00000| Complete 
|  31|0x0000000081f00000, 0x0000000082000000, 0x0000000082000000|100%|HS|  |TAMS 0x0000000082000000, 0x0000000081f00000| Complete 
|  32|0x0000000082000000, 0x0000000082100000, 0x0000000082100000|100%|HS|  |TAMS 0x0000000082100000, 0x0000000082000000| Complete 
|  33|0x0000000082100000, 0x0000000082200000, 0x0000000082200000|100%|HC|  |TAMS 0x0000000082200000, 0x0000000082100000| Complete 
|  34|0x0000000082200000, 0x0000000082300000, 0x0000000082300000|100%|HC|  |TAMS 0x0000000082300000, 0x0000000082200000| Complete 
|  35|0x0000000082300000, 0x0000000082400000, 0x0000000082400000|100%|HS|  |TAMS 0x0000000082400000, 0x0000000082300000| Complete 
|  36|0x0000000082400000, 0x0000000082500000, 0x0000000082500000|100%|HC|  |TAMS 0x0000000082500000, 0x0000000082400000| Complete 
|  37|0x0000000082500000, 0x0000000082600000, 0x0000000082600000|100%| O|  |TAMS 0x0000000082600000, 0x0000000082500000| Untracked 
|  38|0x0000000082600000, 0x0000000082700000, 0x0000000082700000|100%| O|  |TAMS 0x0000000082700000, 0x0000000082600000| Untracked 
|  39|0x0000000082700000, 0x0000000082800000, 0x0000000082800000|100%| O|  |TAMS 0x0000000082800000, 0x0000000082700000| Untracked 
|  40|0x0000000082800000, 0x0000000082900000, 0x0000000082900000|100%| O|  |TAMS 0x0000000082900000, 0x0000000082800000| Untracked 
|  41|0x0000000082900000, 0x0000000082a00000, 0x0000000082a00000|100%| O|  |TAMS 0x0000000082a00000, 0x0000000082900000| Untracked 
|  42|0x0000000082a00000, 0x0000000082b00000, 0x0000000082b00000|100%|HS|  |TAMS 0x0000000082b00000, 0x0000000082a00000| Complete 
|  43|0x0000000082b00000, 0x0000000082c00000, 0x0000000082c00000|100%| O|  |TAMS 0x0000000082c00000, 0x0000000082b00000| Untracked 
|  44|0x0000000082c00000, 0x0000000082d00000, 0x0000000082d00000|100%| O|  |TAMS 0x0000000082d00000, 0x0000000082c00000| Complete 
|  45|0x0000000082d00000, 0x0000000082e00000, 0x0000000082e00000|100%| O|  |TAMS 0x0000000082e00000, 0x0000000082d00000| Untracked 
|  46|0x0000000082e00000, 0x0000000082f00000, 0x0000000082f00000|100%| O|  |TAMS 0x0000000082f00000, 0x0000000082e00000| Untracked 
|  47|0x0000000082f00000, 0x0000000083000000, 0x0000000083000000|100%| O|  |TAMS 0x0000000083000000, 0x0000000082f00000| Untracked 
|  48|0x0000000083000000, 0x0000000083100000, 0x0000000083100000|100%| O|  |TAMS 0x0000000083100000, 0x0000000083000000| Untracked 
|  49|0x0000000083100000, 0x0000000083200000, 0x0000000083200000|100%| O|  |TAMS 0x0000000083200000, 0x0000000083100000| Untracked 
|  50|0x0000000083200000, 0x0000000083300000, 0x0000000083300000|100%| O|  |TAMS 0x0000000083300000, 0x0000000083200000| Untracked 
|  51|0x0000000083300000, 0x0000000083400000, 0x0000000083400000|100%| O|  |TAMS 0x0000000083400000, 0x0000000083300000| Complete 
|  52|0x0000000083400000, 0x0000000083500000, 0x0000000083500000|100%| O|  |TAMS 0x0000000083500000, 0x0000000083400000| Untracked 
|  53|0x0000000083500000, 0x0000000083600000, 0x0000000083600000|100%| O|  |TAMS 0x0000000083600000, 0x0000000083500000| Untracked 
|  54|0x0000000083600000, 0x0000000083700000, 0x0000000083700000|100%| O|  |TAMS 0x0000000083700000, 0x0000000083600000| Untracked 
|  55|0x0000000083700000, 0x0000000083800000, 0x0000000083800000|100%| O|  |TAMS 0x0000000083800000, 0x0000000083700000| Untracked 
|  56|0x0000000083800000, 0x0000000083900000, 0x0000000083900000|100%| O|  |TAMS 0x0000000083900000, 0x0000000083800000| Untracked 
|  57|0x0000000083900000, 0x0000000083a00000, 0x0000000083a00000|100%| O|  |TAMS 0x0000000083a00000, 0x0000000083900000| Untracked 
|  58|0x0000000083a00000, 0x0000000083b00000, 0x0000000083b00000|100%| O|  |TAMS 0x0000000083b00000, 0x0000000083a00000| Complete 
|  59|0x0000000083b00000, 0x0000000083c00000, 0x0000000083c00000|100%| O|  |TAMS 0x0000000083c00000, 0x0000000083b00000| Untracked 
|  60|0x0000000083c00000, 0x0000000083d00000, 0x0000000083d00000|100%| O|  |TAMS 0x0000000083d00000, 0x0000000083c00000| Untracked 
|  61|0x0000000083d00000, 0x0000000083e00000, 0x0000000083e00000|100%| O|  |TAMS 0x0000000083e00000, 0x0000000083d00000| Untracked 
|  62|0x0000000083e00000, 0x0000000083f00000, 0x0000000083f00000|100%| O|  |TAMS 0x0000000083f00000, 0x0000000083e00000| Untracked 
|  63|0x0000000083f00000, 0x0000000084000000, 0x0000000084000000|100%| O|  |TAMS 0x0000000084000000, 0x0000000083f00000| Untracked 
|  64|0x0000000084000000, 0x0000000084100000, 0x0000000084100000|100%| O|  |TAMS 0x0000000084100000, 0x0000000084000000| Untracked 
|  65|0x0000000084100000, 0x0000000084200000, 0x0000000084200000|100%| O|  |TAMS 0x0000000084200000, 0x0000000084100000| Untracked 
|  66|0x0000000084200000, 0x0000000084300000, 0x0000000084300000|100%| O|  |TAMS 0x0000000084300000, 0x0000000084200000| Untracked 
|  67|0x0000000084300000, 0x0000000084400000, 0x0000000084400000|100%| O|  |TAMS 0x0000000084400000, 0x0000000084300000| Untracked 
|  68|0x0000000084400000, 0x0000000084500000, 0x0000000084500000|100%| O|  |TAMS 0x0000000084500000, 0x0000000084400000| Untracked 
|  69|0x0000000084500000, 0x0000000084600000, 0x0000000084600000|100%| O|  |TAMS 0x0000000084600000, 0x0000000084500000| Untracked 
|  70|0x0000000084600000, 0x0000000084700000, 0x0000000084700000|100%| O|  |TAMS 0x0000000084700000, 0x0000000084600000| Untracked 
|  71|0x0000000084700000, 0x0000000084800000, 0x0000000084800000|100%| O|  |TAMS 0x0000000084800000, 0x0000000084700000| Complete 
|  72|0x0000000084800000, 0x0000000084900000, 0x0000000084900000|100%| O|  |TAMS 0x0000000084900000, 0x0000000084800000| Untracked 
|  73|0x0000000084900000, 0x0000000084a00000, 0x0000000084a00000|100%| O|  |TAMS 0x0000000084a00000, 0x0000000084900000| Untracked 
|  74|0x0000000084a00000, 0x0000000084b00000, 0x0000000084b00000|100%| O|  |TAMS 0x0000000084b00000, 0x0000000084a00000| Complete 
|  75|0x0000000084b00000, 0x0000000084c00000, 0x0000000084c00000|100%| O|  |TAMS 0x0000000084c00000, 0x0000000084b00000| Untracked 
|  76|0x0000000084c00000, 0x0000000084d00000, 0x0000000084d00000|100%| O|  |TAMS 0x0000000084d00000, 0x0000000084c00000| Untracked 
|  77|0x0000000084d00000, 0x0000000084e00000, 0x0000000084e00000|100%| O|  |TAMS 0x0000000084e00000, 0x0000000084d00000| Untracked 
|  78|0x0000000084e00000, 0x0000000084f00000, 0x0000000084f00000|100%| O|  |TAMS 0x0000000084f00000, 0x0000000084e00000| Complete 
|  79|0x0000000084f00000, 0x0000000085000000, 0x0000000085000000|100%| O|  |TAMS 0x0000000085000000, 0x0000000084f00000| Complete 
|  80|0x0000000085000000, 0x0000000085100000, 0x0000000085100000|100%| O|  |TAMS 0x0000000085100000, 0x0000000085000000| Untracked 
|  81|0x0000000085100000, 0x0000000085200000, 0x0000000085200000|100%| O|  |TAMS 0x0000000085200000, 0x0000000085100000| Complete 
|  82|0x0000000085200000, 0x0000000085300000, 0x0000000085300000|100%| O|  |TAMS 0x0000000085300000, 0x0000000085200000| Complete 
|  83|0x0000000085300000, 0x0000000085400000, 0x0000000085400000|100%| O|  |TAMS 0x0000000085400000, 0x0000000085300000| Complete 
|  84|0x0000000085400000, 0x0000000085500000, 0x0000000085500000|100%| O|  |TAMS 0x0000000085500000, 0x0000000085400000| Untracked 
|  85|0x0000000085500000, 0x0000000085600000, 0x0000000085600000|100%| O|  |TAMS 0x0000000085600000, 0x0000000085500000| Untracked 
|  86|0x0000000085600000, 0x0000000085700000, 0x0000000085700000|100%| O|  |TAMS 0x0000000085700000, 0x0000000085600000| Untracked 
|  87|0x0000000085700000, 0x0000000085800000, 0x0000000085800000|100%| O|  |TAMS 0x0000000085800000, 0x0000000085700000| Untracked 
|  88|0x0000000085800000, 0x0000000085900000, 0x0000000085900000|100%| O|  |TAMS 0x0000000085900000, 0x0000000085800000| Untracked 
|  89|0x0000000085900000, 0x0000000085a00000, 0x0000000085a00000|100%| O|  |TAMS 0x0000000085a00000, 0x0000000085900000| Untracked 
|  90|0x0000000085a00000, 0x0000000085b00000, 0x0000000085b00000|100%| O|  |TAMS 0x0000000085b00000, 0x0000000085a00000| Complete 
|  91|0x0000000085b00000, 0x0000000085c00000, 0x0000000085c00000|100%| O|  |TAMS 0x0000000085c00000, 0x0000000085b00000| Complete 
|  92|0x0000000085c00000, 0x0000000085d00000, 0x0000000085d00000|100%| O|  |TAMS 0x0000000085d00000, 0x0000000085c00000| Untracked 
|  93|0x0000000085d00000, 0x0000000085e00000, 0x0000000085e00000|100%| O|  |TAMS 0x0000000085e00000, 0x0000000085d00000| Untracked 
|  94|0x0000000085e00000, 0x0000000085f00000, 0x0000000085f00000|100%| O|  |TAMS 0x0000000085f00000, 0x0000000085e00000| Complete 
|  95|0x0000000085f00000, 0x0000000086000000, 0x0000000086000000|100%| O|  |TAMS 0x0000000086000000, 0x0000000085f00000| Complete 
|  96|0x0000000086000000, 0x0000000086100000, 0x0000000086100000|100%| O|  |TAMS 0x0000000086100000, 0x0000000086000000| Untracked 
|  97|0x0000000086100000, 0x0000000086200000, 0x0000000086200000|100%| O|  |TAMS 0x0000000086200000, 0x0000000086100000| Untracked 
|  98|0x0000000086200000, 0x0000000086300000, 0x0000000086300000|100%| O|  |TAMS 0x0000000086300000, 0x0000000086200000| Complete 
|  99|0x0000000086300000, 0x0000000086400000, 0x0000000086400000|100%| O|  |TAMS 0x0000000086400000, 0x0000000086300000| Complete 
| 100|0x0000000086400000, 0x0000000086500000, 0x0000000086500000|100%| O|  |TAMS 0x0000000086500000, 0x0000000086400000| Untracked 
| 101|0x0000000086500000, 0x0000000086600000, 0x0000000086600000|100%| O|  |TAMS 0x0000000086600000, 0x0000000086500000| Complete 
| 102|0x0000000086600000, 0x0000000086700000, 0x0000000086700000|100%| O|  |TAMS 0x0000000086700000, 0x0000000086600000| Untracked 
| 103|0x0000000086700000, 0x0000000086800000, 0x0000000086800000|100%| O|  |TAMS 0x0000000086800000, 0x0000000086700000| Untracked 
| 104|0x0000000086800000, 0x0000000086900000, 0x0000000086900000|100%| O|  |TAMS 0x0000000086900000, 0x0000000086800000| Untracked 
| 105|0x0000000086900000, 0x0000000086a00000, 0x0000000086a00000|100%| O|  |TAMS 0x0000000086900000, 0x0000000086900000| Untracked 
| 106|0x0000000086a00000, 0x0000000086b00000, 0x0000000086b00000|100%| O|  |TAMS 0x0000000086b00000, 0x0000000086a00000| Complete 
| 107|0x0000000086b00000, 0x0000000086c00000, 0x0000000086c00000|100%| O|  |TAMS 0x0000000086c00000, 0x0000000086b00000| Complete 
| 108|0x0000000086c00000, 0x0000000086d00000, 0x0000000086d00000|100%| O|  |TAMS 0x0000000086d00000, 0x0000000086c00000| Complete 
| 109|0x0000000086d00000, 0x0000000086e00000, 0x0000000086e00000|100%| O|  |TAMS 0x0000000086e00000, 0x0000000086d00000| Untracked 
| 110|0x0000000086e00000, 0x0000000086f00000, 0x0000000086f00000|100%| O|  |TAMS 0x0000000086f00000, 0x0000000086e00000| Complete 
| 111|0x0000000086f00000, 0x0000000087000000, 0x0000000087000000|100%| O|  |TAMS 0x0000000087000000, 0x0000000086f00000| Untracked 
| 112|0x0000000087000000, 0x0000000087100000, 0x0000000087100000|100%| O|  |TAMS 0x0000000087100000, 0x0000000087000000| Complete 
| 113|0x0000000087100000, 0x0000000087200000, 0x0000000087200000|100%| O|  |TAMS 0x0000000087200000, 0x0000000087100000| Untracked 
| 114|0x0000000087200000, 0x0000000087300000, 0x0000000087300000|100%| O|  |TAMS 0x0000000087300000, 0x0000000087200000| Untracked 
| 115|0x0000000087300000, 0x0000000087400000, 0x0000000087400000|100%| O|  |TAMS 0x0000000087400000, 0x0000000087300000| Complete 
| 116|0x0000000087400000, 0x0000000087500000, 0x0000000087500000|100%| O|  |TAMS 0x0000000087500000, 0x0000000087400000| Untracked 
| 117|0x0000000087500000, 0x0000000087600000, 0x0000000087600000|100%|HS|  |TAMS 0x0000000087600000, 0x0000000087500000| Complete 
| 118|0x0000000087600000, 0x0000000087700000, 0x0000000087700000|100%|HC|  |TAMS 0x0000000087700000, 0x0000000087600000| Complete 
| 119|0x0000000087700000, 0x0000000087800000, 0x0000000087800000|100%|HS|  |TAMS 0x0000000087800000, 0x0000000087700000| Complete 
| 120|0x0000000087800000, 0x0000000087900000, 0x0000000087900000|100%|HC|  |TAMS 0x0000000087900000, 0x0000000087800000| Complete 
| 121|0x0000000087900000, 0x0000000087a00000, 0x0000000087a00000|100%|HC|  |TAMS 0x0000000087a00000, 0x0000000087900000| Complete 
| 122|0x0000000087a00000, 0x0000000087b00000, 0x0000000087b00000|100%| O|  |TAMS 0x0000000087b00000, 0x0000000087a00000| Untracked 
| 123|0x0000000087b00000, 0x0000000087c00000, 0x0000000087c00000|100%| O|  |TAMS 0x0000000087c00000, 0x0000000087b00000| Untracked 
| 124|0x0000000087c00000, 0x0000000087d00000, 0x0000000087d00000|100%| O|  |TAMS 0x0000000087d00000, 0x0000000087c00000| Untracked 
| 125|0x0000000087d00000, 0x0000000087e00000, 0x0000000087e00000|100%| O|  |TAMS 0x0000000087e00000, 0x0000000087d00000| Untracked 
| 126|0x0000000087e00000, 0x0000000087f00000, 0x0000000087f00000|100%| O|  |TAMS 0x0000000087f00000, 0x0000000087e00000| Untracked 
| 127|0x0000000087f00000, 0x0000000088000000, 0x0000000088000000|100%| O|  |TAMS 0x0000000088000000, 0x0000000087f00000| Untracked 
| 128|0x0000000088000000, 0x0000000088100000, 0x0000000088100000|100%| O|  |TAMS 0x0000000088100000, 0x0000000088000000| Complete 
| 129|0x0000000088100000, 0x0000000088200000, 0x0000000088200000|100%| O|  |TAMS 0x0000000088200000, 0x0000000088100000| Untracked 
| 130|0x0000000088200000, 0x0000000088300000, 0x0000000088300000|100%| O|  |TAMS 0x0000000088300000, 0x0000000088200000| Untracked 
| 131|0x0000000088300000, 0x0000000088400000, 0x0000000088400000|100%| O|  |TAMS 0x0000000088400000, 0x0000000088300000| Untracked 
| 132|0x0000000088400000, 0x0000000088500000, 0x0000000088500000|100%| O|  |TAMS 0x0000000088500000, 0x0000000088400000| Untracked 
| 133|0x0000000088500000, 0x0000000088600000, 0x0000000088600000|100%| O|  |TAMS 0x0000000088600000, 0x0000000088500000| Untracked 
| 134|0x0000000088600000, 0x0000000088700000, 0x0000000088700000|100%| O|  |TAMS 0x0000000088700000, 0x0000000088600000| Untracked 
| 135|0x0000000088700000, 0x0000000088800000, 0x0000000088800000|100%| O|  |TAMS 0x0000000088800000, 0x0000000088700000| Untracked 
| 136|0x0000000088800000, 0x0000000088900000, 0x0000000088900000|100%| O|  |TAMS 0x0000000088900000, 0x0000000088800000| Complete 
| 137|0x0000000088900000, 0x0000000088a00000, 0x0000000088a00000|100%| O|  |TAMS 0x0000000088a00000, 0x0000000088900000| Untracked 
| 138|0x0000000088a00000, 0x0000000088b00000, 0x0000000088b00000|100%| O|  |TAMS 0x0000000088b00000, 0x0000000088a00000| Complete 
| 139|0x0000000088b00000, 0x0000000088c00000, 0x0000000088c00000|100%| O|  |TAMS 0x0000000088c00000, 0x0000000088b00000| Complete 
| 140|0x0000000088c00000, 0x0000000088d00000, 0x0000000088d00000|100%| O|  |TAMS 0x0000000088d00000, 0x0000000088c00000| Complete 
| 141|0x0000000088d00000, 0x0000000088e00000, 0x0000000088e00000|100%| O|  |TAMS 0x0000000088d00000, 0x0000000088d00000| Untracked 
| 142|0x0000000088e00000, 0x0000000088f00000, 0x0000000088f00000|100%| O|  |TAMS 0x0000000088e00000, 0x0000000088e00000| Untracked 
| 143|0x0000000088f00000, 0x0000000088f00000, 0x0000000089000000|  0%| F|  |TAMS 0x0000000088f00000, 0x0000000088f00000| Untracked 
| 144|0x0000000089000000, 0x0000000089100000, 0x0000000089100000|100%| O|  |TAMS 0x0000000089100000, 0x0000000089000000| Complete 
| 145|0x0000000089100000, 0x0000000089100000, 0x0000000089200000|  0%| F|  |TAMS 0x0000000089100000, 0x0000000089100000| Untracked 
| 146|0x0000000089200000, 0x0000000089200000, 0x0000000089300000|  0%| F|  |TAMS 0x0000000089200000, 0x0000000089200000| Untracked 
| 147|0x0000000089300000, 0x0000000089300000, 0x0000000089400000|  0%| F|  |TAMS 0x0000000089300000, 0x0000000089300000| Untracked 
| 148|0x0000000089400000, 0x0000000089400000, 0x0000000089500000|  0%| F|  |TAMS 0x0000000089400000, 0x0000000089400000| Untracked 
| 149|0x0000000089500000, 0x0000000089500000, 0x0000000089600000|  0%| F|  |TAMS 0x0000000089500000, 0x0000000089500000| Untracked 
| 150|0x0000000089600000, 0x0000000089600000, 0x0000000089700000|  0%| F|  |TAMS 0x0000000089600000, 0x0000000089600000| Untracked 
| 151|0x0000000089700000, 0x0000000089700000, 0x0000000089800000|  0%| F|  |TAMS 0x0000000089700000, 0x0000000089700000| Untracked 
| 152|0x0000000089800000, 0x0000000089800000, 0x0000000089900000|  0%| F|  |TAMS 0x0000000089800000, 0x0000000089800000| Untracked 
| 153|0x0000000089900000, 0x0000000089a00000, 0x0000000089a00000|100%| O|  |TAMS 0x0000000089a00000, 0x0000000089900000| Complete 
| 154|0x0000000089a00000, 0x0000000089b00000, 0x0000000089b00000|100%| O|  |TAMS 0x0000000089b00000, 0x0000000089a00000| Complete 
| 155|0x0000000089b00000, 0x0000000089b00000, 0x0000000089c00000|  0%| F|  |TAMS 0x0000000089b00000, 0x0000000089b00000| Untracked 
| 156|0x0000000089c00000, 0x0000000089d00000, 0x0000000089d00000|100%| O|  |TAMS 0x0000000089d00000, 0x0000000089c00000| Complete 
| 157|0x0000000089d00000, 0x0000000089e00000, 0x0000000089e00000|100%| O|  |TAMS 0x0000000089e00000, 0x0000000089d00000| Untracked 
| 158|0x0000000089e00000, 0x0000000089e00000, 0x0000000089f00000|  0%| F|  |TAMS 0x0000000089e00000, 0x0000000089e00000| Untracked 
| 159|0x0000000089f00000, 0x0000000089f00000, 0x000000008a000000|  0%| F|  |TAMS 0x0000000089f00000, 0x0000000089f00000| Untracked 
| 160|0x000000008a000000, 0x000000008a000000, 0x000000008a100000|  0%| F|  |TAMS 0x000000008a000000, 0x000000008a000000| Untracked 
| 161|0x000000008a100000, 0x000000008a200000, 0x000000008a200000|100%| O|  |TAMS 0x000000008a200000, 0x000000008a100000| Complete 
| 162|0x000000008a200000, 0x000000008a300000, 0x000000008a300000|100%| O|  |TAMS 0x000000008a300000, 0x000000008a200000| Untracked 
| 163|0x000000008a300000, 0x000000008a300000, 0x000000008a400000|  0%| F|  |TAMS 0x000000008a300000, 0x000000008a300000| Untracked 
| 164|0x000000008a400000, 0x000000008a400000, 0x000000008a500000|  0%| F|  |TAMS 0x000000008a400000, 0x000000008a400000| Untracked 
| 165|0x000000008a500000, 0x000000008a500000, 0x000000008a600000|  0%| F|  |TAMS 0x000000008a500000, 0x000000008a500000| Untracked 
| 166|0x000000008a600000, 0x000000008a600000, 0x000000008a700000|  0%| F|  |TAMS 0x000000008a600000, 0x000000008a600000| Untracked 
| 167|0x000000008a700000, 0x000000008a800000, 0x000000008a800000|100%| O|  |TAMS 0x000000008a800000, 0x000000008a700000| Complete 
| 168|0x000000008a800000, 0x000000008a800000, 0x000000008a900000|  0%| F|  |TAMS 0x000000008a800000, 0x000000008a800000| Untracked 
| 169|0x000000008a900000, 0x000000008a900000, 0x000000008aa00000|  0%| F|  |TAMS 0x000000008a900000, 0x000000008a900000| Untracked 
| 170|0x000000008aa00000, 0x000000008aa00000, 0x000000008ab00000|  0%| F|  |TAMS 0x000000008aa00000, 0x000000008aa00000| Untracked 
| 171|0x000000008ab00000, 0x000000008ab00000, 0x000000008ac00000|  0%| F|  |TAMS 0x000000008ab00000, 0x000000008ab00000| Untracked 
| 172|0x000000008ac00000, 0x000000008ac00000, 0x000000008ad00000|  0%| F|  |TAMS 0x000000008ac00000, 0x000000008ac00000| Untracked 
| 173|0x000000008ad00000, 0x000000008ae00000, 0x000000008ae00000|100%| O|  |TAMS 0x000000008ae00000, 0x000000008ad00000| Untracked 
| 174|0x000000008ae00000, 0x000000008ae00000, 0x000000008af00000|  0%| F|  |TAMS 0x000000008ae00000, 0x000000008ae00000| Untracked 
| 175|0x000000008af00000, 0x000000008af00000, 0x000000008b000000|  0%| F|  |TAMS 0x000000008af00000, 0x000000008af00000| Untracked 
| 176|0x000000008b000000, 0x000000008b000000, 0x000000008b100000|  0%| F|  |TAMS 0x000000008b000000, 0x000000008b000000| Untracked 
| 177|0x000000008b100000, 0x000000008b100000, 0x000000008b200000|  0%| F|  |TAMS 0x000000008b100000, 0x000000008b100000| Untracked 
| 178|0x000000008b200000, 0x000000008b300000, 0x000000008b300000|100%| O|  |TAMS 0x000000008b300000, 0x000000008b200000| Complete 
| 179|0x000000008b300000, 0x000000008b400000, 0x000000008b400000|100%| O|  |TAMS 0x000000008b400000, 0x000000008b300000| Untracked 
| 180|0x000000008b400000, 0x000000008b500000, 0x000000008b500000|100%| O|  |TAMS 0x000000008b500000, 0x000000008b400000| Complete 
| 181|0x000000008b500000, 0x000000008b500000, 0x000000008b600000|  0%| F|  |TAMS 0x000000008b500000, 0x000000008b500000| Untracked 
| 182|0x000000008b600000, 0x000000008b600000, 0x000000008b700000|  0%| F|  |TAMS 0x000000008b600000, 0x000000008b600000| Untracked 
| 183|0x000000008b700000, 0x000000008b700000, 0x000000008b800000|  0%| F|  |TAMS 0x000000008b700000, 0x000000008b700000| Untracked 
| 184|0x000000008b800000, 0x000000008b800000, 0x000000008b900000|  0%| F|  |TAMS 0x000000008b800000, 0x000000008b800000| Untracked 
| 185|0x000000008b900000, 0x000000008ba00000, 0x000000008ba00000|100%| O|  |TAMS 0x000000008ba00000, 0x000000008b900000| Untracked 
| 186|0x000000008ba00000, 0x000000008ba00000, 0x000000008bb00000|  0%| F|  |TAMS 0x000000008ba00000, 0x000000008ba00000| Untracked 
| 187|0x000000008bb00000, 0x000000008bb00000, 0x000000008bc00000|  0%| F|  |TAMS 0x000000008bb00000, 0x000000008bb00000| Untracked 
| 188|0x000000008bc00000, 0x000000008bd00000, 0x000000008bd00000|100%| O|  |TAMS 0x000000008bd00000, 0x000000008bc00000| Complete 
| 189|0x000000008bd00000, 0x000000008be00000, 0x000000008be00000|100%| O|  |TAMS 0x000000008be00000, 0x000000008bd00000| Complete 
| 190|0x000000008be00000, 0x000000008be00000, 0x000000008bf00000|  0%| F|  |TAMS 0x000000008be00000, 0x000000008be00000| Untracked 
| 191|0x000000008bf00000, 0x000000008bf00000, 0x000000008c000000|  0%| F|  |TAMS 0x000000008bf00000, 0x000000008bf00000| Untracked 
| 192|0x000000008c000000, 0x000000008c100000, 0x000000008c100000|100%| O|  |TAMS 0x000000008c100000, 0x000000008c000000| Complete 
| 193|0x000000008c100000, 0x000000008c200000, 0x000000008c200000|100%|HS|  |TAMS 0x000000008c200000, 0x000000008c100000| Complete 
| 194|0x000000008c200000, 0x000000008c300000, 0x000000008c300000|100%|HC|  |TAMS 0x000000008c300000, 0x000000008c200000| Complete 
| 195|0x000000008c300000, 0x000000008c400000, 0x000000008c400000|100%| O|  |TAMS 0x000000008c400000, 0x000000008c300000| Complete 
| 196|0x000000008c400000, 0x000000008c500000, 0x000000008c500000|100%| O|  |TAMS 0x000000008c500000, 0x000000008c400000| Untracked 
| 197|0x000000008c500000, 0x000000008c600000, 0x000000008c600000|100%| O|  |TAMS 0x000000008c600000, 0x000000008c500000| Untracked 
| 198|0x000000008c600000, 0x000000008c700000, 0x000000008c700000|100%| O|  |TAMS 0x000000008c700000, 0x000000008c600000| Untracked 
| 199|0x000000008c700000, 0x000000008c800000, 0x000000008c800000|100%| O|  |TAMS 0x000000008c800000, 0x000000008c700000| Untracked 
| 200|0x000000008c800000, 0x000000008c900000, 0x000000008c900000|100%| O|  |TAMS 0x000000008c900000, 0x000000008c800000| Untracked 
| 201|0x000000008c900000, 0x000000008ca00000, 0x000000008ca00000|100%| O|  |TAMS 0x000000008ca00000, 0x000000008c900000| Complete 
| 202|0x000000008ca00000, 0x000000008cb00000, 0x000000008cb00000|100%| O|  |TAMS 0x000000008cb00000, 0x000000008ca00000| Complete 
| 203|0x000000008cb00000, 0x000000008cc00000, 0x000000008cc00000|100%| O|  |TAMS 0x000000008cc00000, 0x000000008cb00000| Complete 
| 204|0x000000008cc00000, 0x000000008cd00000, 0x000000008cd00000|100%| O|  |TAMS 0x000000008cd00000, 0x000000008cc00000| Untracked 
| 205|0x000000008cd00000, 0x000000008ce00000, 0x000000008ce00000|100%| O|  |TAMS 0x000000008ce00000, 0x000000008cd00000| Complete 
| 206|0x000000008ce00000, 0x000000008cf00000, 0x000000008cf00000|100%| O|  |TAMS 0x000000008cf00000, 0x000000008ce00000| Complete 
| 207|0x000000008cf00000, 0x000000008d000000, 0x000000008d000000|100%| O|  |TAMS 0x000000008d000000, 0x000000008cf00000| Complete 
| 208|0x000000008d000000, 0x000000008d100000, 0x000000008d100000|100%| O|  |TAMS 0x000000008d100000, 0x000000008d000000| Complete 
| 209|0x000000008d100000, 0x000000008d200000, 0x000000008d200000|100%| O|  |TAMS 0x000000008d200000, 0x000000008d100000| Untracked 
| 210|0x000000008d200000, 0x000000008d300000, 0x000000008d300000|100%| O|  |TAMS 0x000000008d300000, 0x000000008d200000| Complete 
| 211|0x000000008d300000, 0x000000008d400000, 0x000000008d400000|100%| O|  |TAMS 0x000000008d400000, 0x000000008d300000| Untracked 
| 212|0x000000008d400000, 0x000000008d400000, 0x000000008d500000|  0%| F|  |TAMS 0x000000008d400000, 0x000000008d400000| Untracked 
| 213|0x000000008d500000, 0x000000008d600000, 0x000000008d600000|100%| O|  |TAMS 0x000000008d600000, 0x000000008d500000| Complete 
| 214|0x000000008d600000, 0x000000008d700000, 0x000000008d700000|100%| O|  |TAMS 0x000000008d700000, 0x000000008d600000| Untracked 
| 215|0x000000008d700000, 0x000000008d800000, 0x000000008d800000|100%| O|  |TAMS 0x000000008d800000, 0x000000008d700000| Untracked 
| 216|0x000000008d800000, 0x000000008d900000, 0x000000008d900000|100%| O|  |TAMS 0x000000008d900000, 0x000000008d800000| Untracked 
| 217|0x000000008d900000, 0x000000008da00000, 0x000000008da00000|100%| O|  |TAMS 0x000000008da00000, 0x000000008d900000| Complete 
| 218|0x000000008da00000, 0x000000008db00000, 0x000000008db00000|100%| O|  |TAMS 0x000000008db00000, 0x000000008da00000| Complete 
| 219|0x000000008db00000, 0x000000008dc00000, 0x000000008dc00000|100%| O|  |TAMS 0x000000008dc00000, 0x000000008db00000| Untracked 
| 220|0x000000008dc00000, 0x000000008dd00000, 0x000000008dd00000|100%| O|  |TAMS 0x000000008dd00000, 0x000000008dc00000| Untracked 
| 221|0x000000008dd00000, 0x000000008de00000, 0x000000008de00000|100%| O|  |TAMS 0x000000008de00000, 0x000000008dd00000| Untracked 
| 222|0x000000008de00000, 0x000000008df00000, 0x000000008df00000|100%| O|  |TAMS 0x000000008df00000, 0x000000008de00000| Untracked 
| 223|0x000000008df00000, 0x000000008e000000, 0x000000008e000000|100%| O|  |TAMS 0x000000008e000000, 0x000000008df00000| Untracked 
| 224|0x000000008e000000, 0x000000008e100000, 0x000000008e100000|100%| O|  |TAMS 0x000000008e100000, 0x000000008e000000| Untracked 
| 225|0x000000008e100000, 0x000000008e200000, 0x000000008e200000|100%| O|  |TAMS 0x000000008e200000, 0x000000008e100000| Untracked 
| 226|0x000000008e200000, 0x000000008e300000, 0x000000008e300000|100%| O|  |TAMS 0x000000008e300000, 0x000000008e200000| Complete 
| 227|0x000000008e300000, 0x000000008e400000, 0x000000008e400000|100%| O|  |TAMS 0x000000008e400000, 0x000000008e300000| Complete 
| 228|0x000000008e400000, 0x000000008e500000, 0x000000008e500000|100%| O|  |TAMS 0x000000008e500000, 0x000000008e400000| Complete 
| 229|0x000000008e500000, 0x000000008e600000, 0x000000008e600000|100%| O|  |TAMS 0x000000008e600000, 0x000000008e500000| Untracked 
| 230|0x000000008e600000, 0x000000008e700000, 0x000000008e700000|100%| O|  |TAMS 0x000000008e700000, 0x000000008e600000| Untracked 
| 231|0x000000008e700000, 0x000000008e800000, 0x000000008e800000|100%| O|  |TAMS 0x000000008e800000, 0x000000008e700000| Untracked 
| 232|0x000000008e800000, 0x000000008e900000, 0x000000008e900000|100%| O|  |TAMS 0x000000008e900000, 0x000000008e800000| Untracked 
| 233|0x000000008e900000, 0x000000008ea00000, 0x000000008ea00000|100%| O|  |TAMS 0x000000008ea00000, 0x000000008e900000| Untracked 
| 234|0x000000008ea00000, 0x000000008eb00000, 0x000000008eb00000|100%| O|  |TAMS 0x000000008eb00000, 0x000000008ea00000| Untracked 
| 235|0x000000008eb00000, 0x000000008ec00000, 0x000000008ec00000|100%| O|  |TAMS 0x000000008ec00000, 0x000000008eb00000| Untracked 
| 236|0x000000008ec00000, 0x000000008ed00000, 0x000000008ed00000|100%| O|  |TAMS 0x000000008ed00000, 0x000000008ec00000| Untracked 
| 237|0x000000008ed00000, 0x000000008ee00000, 0x000000008ee00000|100%| O|  |TAMS 0x000000008ee00000, 0x000000008ed00000| Untracked 
| 238|0x000000008ee00000, 0x000000008ef00000, 0x000000008ef00000|100%| O|  |TAMS 0x000000008ef00000, 0x000000008ee00000| Untracked 
| 239|0x000000008ef00000, 0x000000008f000000, 0x000000008f000000|100%| O|  |TAMS 0x000000008f000000, 0x000000008ef00000| Complete 
| 240|0x000000008f000000, 0x000000008f100000, 0x000000008f100000|100%| O|  |TAMS 0x000000008f100000, 0x000000008f000000| Complete 
| 241|0x000000008f100000, 0x000000008f200000, 0x000000008f200000|100%| O|  |TAMS 0x000000008f200000, 0x000000008f100000| Untracked 
| 242|0x000000008f200000, 0x000000008f300000, 0x000000008f300000|100%| O|  |TAMS 0x000000008f300000, 0x000000008f200000| Untracked 
| 243|0x000000008f300000, 0x000000008f400000, 0x000000008f400000|100%| O|  |TAMS 0x000000008f400000, 0x000000008f300000| Untracked 
| 244|0x000000008f400000, 0x000000008f500000, 0x000000008f500000|100%| O|  |TAMS 0x000000008f500000, 0x000000008f400000| Complete 
| 245|0x000000008f500000, 0x000000008f600000, 0x000000008f600000|100%| O|  |TAMS 0x000000008f600000, 0x000000008f500000| Complete 
| 246|0x000000008f600000, 0x000000008f700000, 0x000000008f700000|100%| O|  |TAMS 0x000000008f700000, 0x000000008f600000| Untracked 
| 247|0x000000008f700000, 0x000000008f800000, 0x000000008f800000|100%| O|  |TAMS 0x000000008f800000, 0x000000008f700000| Untracked 
| 248|0x000000008f800000, 0x000000008f900000, 0x000000008f900000|100%| O|  |TAMS 0x000000008f900000, 0x000000008f800000| Untracked 
| 249|0x000000008f900000, 0x000000008fa00000, 0x000000008fa00000|100%| O|  |TAMS 0x000000008fa00000, 0x000000008f900000| Untracked 
| 250|0x000000008fa00000, 0x000000008fb00000, 0x000000008fb00000|100%| O|  |TAMS 0x000000008fb00000, 0x000000008fa00000| Untracked 
| 251|0x000000008fb00000, 0x000000008fc00000, 0x000000008fc00000|100%| O|  |TAMS 0x000000008fc00000, 0x000000008fb00000| Untracked 
| 252|0x000000008fc00000, 0x000000008fd00000, 0x000000008fd00000|100%| O|  |TAMS 0x000000008fd00000, 0x000000008fc00000| Untracked 
| 253|0x000000008fd00000, 0x000000008fe00000, 0x000000008fe00000|100%| O|  |TAMS 0x000000008fe00000, 0x000000008fd00000| Untracked 
| 254|0x000000008fe00000, 0x000000008ff00000, 0x000000008ff00000|100%| O|  |TAMS 0x000000008ff00000, 0x000000008fe00000| Complete 
| 255|0x000000008ff00000, 0x0000000090000000, 0x0000000090000000|100%| O|  |TAMS 0x000000008ff43800, 0x000000008ff00000| Complete 
| 256|0x0000000090000000, 0x0000000090100000, 0x0000000090100000|100%| O|  |TAMS 0x0000000090000000, 0x0000000090000000| Untracked 
| 257|0x0000000090100000, 0x0000000090200000, 0x0000000090200000|100%| O|  |TAMS 0x0000000090100000, 0x0000000090100000| Untracked 
| 258|0x0000000090200000, 0x0000000090300000, 0x0000000090300000|100%| O|  |TAMS 0x0000000090200000, 0x0000000090200000| Untracked 
| 259|0x0000000090300000, 0x0000000090400000, 0x0000000090400000|100%| O|  |TAMS 0x0000000090300000, 0x0000000090300000| Untracked 
| 260|0x0000000090400000, 0x0000000090500000, 0x0000000090500000|100%| O|  |TAMS 0x0000000090400000, 0x0000000090400000| Untracked 
| 261|0x0000000090500000, 0x0000000090600000, 0x0000000090600000|100%| O|  |TAMS 0x0000000090500000, 0x0000000090500000| Untracked 
| 262|0x0000000090600000, 0x0000000090700000, 0x0000000090700000|100%| O|  |TAMS 0x0000000090600000, 0x0000000090600000| Untracked 
| 263|0x0000000090700000, 0x0000000090800000, 0x0000000090800000|100%| O|  |TAMS 0x0000000090700000, 0x0000000090700000| Untracked 
| 264|0x0000000090800000, 0x0000000090900000, 0x0000000090900000|100%| O|  |TAMS 0x0000000090800000, 0x0000000090800000| Untracked 
| 265|0x0000000090900000, 0x0000000090a00000, 0x0000000090a00000|100%| O|  |TAMS 0x0000000090900000, 0x0000000090900000| Untracked 
| 266|0x0000000090a00000, 0x0000000090b00000, 0x0000000090b00000|100%| O|  |TAMS 0x0000000090a00000, 0x0000000090a00000| Untracked 
| 267|0x0000000090b00000, 0x0000000090c00000, 0x0000000090c00000|100%| O|  |TAMS 0x0000000090b00000, 0x0000000090b00000| Untracked 
| 268|0x0000000090c00000, 0x0000000090d00000, 0x0000000090d00000|100%| O|  |TAMS 0x0000000090c00000, 0x0000000090c00000| Untracked 
| 269|0x0000000090d00000, 0x0000000090e00000, 0x0000000090e00000|100%| O|  |TAMS 0x0000000090d00000, 0x0000000090d00000| Untracked 
| 270|0x0000000090e00000, 0x0000000090f00000, 0x0000000090f00000|100%| O|  |TAMS 0x0000000090e00000, 0x0000000090e00000| Untracked 
| 271|0x0000000090f00000, 0x0000000091000000, 0x0000000091000000|100%| O|  |TAMS 0x0000000090f00000, 0x0000000090f00000| Untracked 
| 272|0x0000000091000000, 0x0000000091100000, 0x0000000091100000|100%| O|  |TAMS 0x0000000091000000, 0x0000000091000000| Untracked 
| 273|0x0000000091100000, 0x0000000091200000, 0x0000000091200000|100%| O|  |TAMS 0x0000000091100000, 0x0000000091100000| Untracked 
| 274|0x0000000091200000, 0x0000000091300000, 0x0000000091300000|100%| O|  |TAMS 0x0000000091200000, 0x0000000091200000| Untracked 
| 275|0x0000000091300000, 0x0000000091400000, 0x0000000091400000|100%| O|  |TAMS 0x0000000091300000, 0x0000000091300000| Untracked 
| 276|0x0000000091400000, 0x0000000091500000, 0x0000000091500000|100%| O|  |TAMS 0x0000000091400000, 0x0000000091400000| Untracked 
| 277|0x0000000091500000, 0x0000000091600000, 0x0000000091600000|100%| O|  |TAMS 0x0000000091500000, 0x0000000091500000| Untracked 
| 278|0x0000000091600000, 0x0000000091700000, 0x0000000091700000|100%| O|  |TAMS 0x0000000091600000, 0x0000000091600000| Untracked 
| 279|0x0000000091700000, 0x0000000091800000, 0x0000000091800000|100%| O|  |TAMS 0x0000000091700000, 0x0000000091700000| Untracked 
| 280|0x0000000091800000, 0x0000000091900000, 0x0000000091900000|100%| O|  |TAMS 0x0000000091800000, 0x0000000091800000| Untracked 
| 281|0x0000000091900000, 0x0000000091a00000, 0x0000000091a00000|100%| O|  |TAMS 0x0000000091900000, 0x0000000091900000| Untracked 
| 282|0x0000000091a00000, 0x0000000091b00000, 0x0000000091b00000|100%| O|  |TAMS 0x0000000091a00000, 0x0000000091a00000| Untracked 
| 283|0x0000000091b00000, 0x0000000091c00000, 0x0000000091c00000|100%| O|  |TAMS 0x0000000091b00000, 0x0000000091b00000| Untracked 
| 284|0x0000000091c00000, 0x0000000091d00000, 0x0000000091d00000|100%| O|  |TAMS 0x0000000091c00000, 0x0000000091c00000| Untracked 
| 285|0x0000000091d00000, 0x0000000091e00000, 0x0000000091e00000|100%| O|  |TAMS 0x0000000091d00000, 0x0000000091d00000| Untracked 
| 286|0x0000000091e00000, 0x0000000091f00000, 0x0000000091f00000|100%| O|  |TAMS 0x0000000091e00000, 0x0000000091e00000| Untracked 
| 287|0x0000000091f00000, 0x0000000092000000, 0x0000000092000000|100%| O|  |TAMS 0x0000000091f00000, 0x0000000091f00000| Untracked 
| 288|0x0000000092000000, 0x0000000092100000, 0x0000000092100000|100%| O|  |TAMS 0x0000000092000000, 0x0000000092000000| Untracked 
| 289|0x0000000092100000, 0x0000000092200000, 0x0000000092200000|100%| O|  |TAMS 0x0000000092100000, 0x0000000092100000| Untracked 
| 290|0x0000000092200000, 0x0000000092300000, 0x0000000092300000|100%| O|  |TAMS 0x0000000092200000, 0x0000000092200000| Untracked 
| 291|0x0000000092300000, 0x0000000092400000, 0x0000000092400000|100%| O|  |TAMS 0x0000000092300000, 0x0000000092300000| Untracked 
| 292|0x0000000092400000, 0x0000000092500000, 0x0000000092500000|100%| O|  |TAMS 0x0000000092400000, 0x0000000092400000| Untracked 
| 293|0x0000000092500000, 0x0000000092600000, 0x0000000092600000|100%| O|  |TAMS 0x0000000092500000, 0x0000000092500000| Untracked 
| 294|0x0000000092600000, 0x0000000092700000, 0x0000000092700000|100%| O|  |TAMS 0x0000000092600000, 0x0000000092600000| Untracked 
| 295|0x0000000092700000, 0x0000000092800000, 0x0000000092800000|100%| O|  |TAMS 0x0000000092700000, 0x0000000092700000| Untracked 
| 296|0x0000000092800000, 0x0000000092900000, 0x0000000092900000|100%| O|  |TAMS 0x0000000092800000, 0x0000000092800000| Untracked 
| 297|0x0000000092900000, 0x0000000092900000, 0x0000000092a00000|  0%| F|  |TAMS 0x0000000092900000, 0x0000000092900000| Untracked 
| 298|0x0000000092a00000, 0x0000000092a00000, 0x0000000092b00000|  0%| F|  |TAMS 0x0000000092a00000, 0x0000000092a00000| Untracked 
| 299|0x0000000092b00000, 0x0000000092b00000, 0x0000000092c00000|  0%| F|  |TAMS 0x0000000092b00000, 0x0000000092b00000| Untracked 
| 300|0x0000000092c00000, 0x0000000092c00000, 0x0000000092d00000|  0%| F|  |TAMS 0x0000000092c00000, 0x0000000092c00000| Untracked 
| 301|0x0000000092d00000, 0x0000000092d00000, 0x0000000092e00000|  0%| F|  |TAMS 0x0000000092d00000, 0x0000000092d00000| Untracked 
| 302|0x0000000092e00000, 0x0000000092e00000, 0x0000000092f00000|  0%| F|  |TAMS 0x0000000092e00000, 0x0000000092e00000| Untracked 
| 303|0x0000000092f00000, 0x0000000092f00000, 0x0000000093000000|  0%| F|  |TAMS 0x0000000092f00000, 0x0000000092f00000| Untracked 
| 304|0x0000000093000000, 0x0000000093000000, 0x0000000093100000|  0%| F|  |TAMS 0x0000000093000000, 0x0000000093000000| Untracked 
| 305|0x0000000093100000, 0x0000000093100000, 0x0000000093200000|  0%| F|  |TAMS 0x0000000093100000, 0x0000000093100000| Untracked 
| 306|0x0000000093200000, 0x0000000093200000, 0x0000000093300000|  0%| F|  |TAMS 0x0000000093200000, 0x0000000093200000| Untracked 
| 307|0x0000000093300000, 0x0000000093300000, 0x0000000093400000|  0%| F|  |TAMS 0x0000000093300000, 0x0000000093300000| Untracked 
| 308|0x0000000093400000, 0x0000000093400000, 0x0000000093500000|  0%| F|  |TAMS 0x0000000093400000, 0x0000000093400000| Untracked 
| 309|0x0000000093500000, 0x0000000093500000, 0x0000000093600000|  0%| F|  |TAMS 0x0000000093500000, 0x0000000093500000| Untracked 
| 310|0x0000000093600000, 0x0000000093600000, 0x0000000093700000|  0%| F|  |TAMS 0x0000000093600000, 0x0000000093600000| Untracked 
| 311|0x0000000093700000, 0x0000000093700000, 0x0000000093800000|  0%| F|  |TAMS 0x0000000093700000, 0x0000000093700000| Untracked 
| 312|0x0000000093800000, 0x0000000093800000, 0x0000000093900000|  0%| F|  |TAMS 0x0000000093800000, 0x0000000093800000| Untracked 
| 313|0x0000000093900000, 0x0000000093900000, 0x0000000093a00000|  0%| F|  |TAMS 0x0000000093900000, 0x0000000093900000| Untracked 
| 314|0x0000000093a00000, 0x0000000093a00000, 0x0000000093b00000|  0%| F|  |TAMS 0x0000000093a00000, 0x0000000093a00000| Untracked 
| 315|0x0000000093b00000, 0x0000000093b00000, 0x0000000093c00000|  0%| F|  |TAMS 0x0000000093b00000, 0x0000000093b00000| Untracked 
| 316|0x0000000093c00000, 0x0000000093c00000, 0x0000000093d00000|  0%| F|  |TAMS 0x0000000093c00000, 0x0000000093c00000| Untracked 
| 317|0x0000000093d00000, 0x0000000093d00000, 0x0000000093e00000|  0%| F|  |TAMS 0x0000000093d00000, 0x0000000093d00000| Untracked 
| 318|0x0000000093e00000, 0x0000000093e00000, 0x0000000093f00000|  0%| F|  |TAMS 0x0000000093e00000, 0x0000000093e00000| Untracked 
| 319|0x0000000093f00000, 0x0000000093f00000, 0x0000000094000000|  0%| F|  |TAMS 0x0000000093f00000, 0x0000000093f00000| Untracked 
| 320|0x0000000094000000, 0x0000000094000000, 0x0000000094100000|  0%| F|  |TAMS 0x0000000094000000, 0x0000000094000000| Untracked 
| 321|0x0000000094100000, 0x0000000094100000, 0x0000000094200000|  0%| F|  |TAMS 0x0000000094100000, 0x0000000094100000| Untracked 
| 322|0x0000000094200000, 0x0000000094200000, 0x0000000094300000|  0%| F|  |TAMS 0x0000000094200000, 0x0000000094200000| Untracked 
| 323|0x0000000094300000, 0x00000000943b7ed8, 0x0000000094400000| 71%| S|CS|TAMS 0x0000000094300000, 0x0000000094300000| Complete 
| 324|0x0000000094400000, 0x0000000094400000, 0x0000000094500000|  0%| F|  |TAMS 0x0000000094400000, 0x0000000094400000| Untracked 
| 325|0x0000000094500000, 0x0000000094500000, 0x0000000094600000|  0%| F|  |TAMS 0x0000000094500000, 0x0000000094500000| Untracked 
| 326|0x0000000094600000, 0x0000000094600000, 0x0000000094700000|  0%| F|  |TAMS 0x0000000094600000, 0x0000000094600000| Untracked 
| 327|0x0000000094700000, 0x0000000094700000, 0x0000000094800000|  0%| F|  |TAMS 0x0000000094700000, 0x0000000094700000| Untracked 
| 328|0x0000000094800000, 0x0000000094800000, 0x0000000094900000|  0%| F|  |TAMS 0x0000000094800000, 0x0000000094800000| Untracked 
| 329|0x0000000094900000, 0x0000000094900000, 0x0000000094a00000|  0%| F|  |TAMS 0x0000000094900000, 0x0000000094900000| Untracked 
| 330|0x0000000094a00000, 0x0000000094a00000, 0x0000000094b00000|  0%| F|  |TAMS 0x0000000094a00000, 0x0000000094a00000| Untracked 
| 331|0x0000000094b00000, 0x0000000094b00000, 0x0000000094c00000|  0%| F|  |TAMS 0x0000000094b00000, 0x0000000094b00000| Untracked 
| 332|0x0000000094c00000, 0x0000000094c00000, 0x0000000094d00000|  0%| F|  |TAMS 0x0000000094c00000, 0x0000000094c00000| Untracked 
| 333|0x0000000094d00000, 0x0000000094d00000, 0x0000000094e00000|  0%| F|  |TAMS 0x0000000094d00000, 0x0000000094d00000| Untracked 
| 334|0x0000000094e00000, 0x0000000094e00000, 0x0000000094f00000|  0%| F|  |TAMS 0x0000000094e00000, 0x0000000094e00000| Untracked 
| 335|0x0000000094f00000, 0x0000000094f00000, 0x0000000095000000|  0%| F|  |TAMS 0x0000000094f00000, 0x0000000094f00000| Untracked 
| 336|0x0000000095000000, 0x0000000095000000, 0x0000000095100000|  0%| F|  |TAMS 0x0000000095000000, 0x0000000095000000| Untracked 
| 337|0x0000000095100000, 0x0000000095100000, 0x0000000095200000|  0%| F|  |TAMS 0x0000000095100000, 0x0000000095100000| Untracked 

Card table byte_map: [0x00000171407c0000,0x0000017140bc0000] _byte_map_base: 0x00000171403c0000

Marking Bits (Prev, Next): (CMBitMap*) 0x000001712d8f04f0, (CMBitMap*) 0x000001712d8f04b8
 Prev Bits: [0x0000017142fc0000, 0x0000017144fc0000)
 Next Bits: [0x0000017140fc0000, 0x0000017142fc0000)

Polling page: 0x000001712b800000

Metaspace:

Usage:
  Non-class:    109.51 MB capacity,   107.89 MB ( 99%) used,     1.28 MB (  1%) free+waste,   340.00 KB ( <1%) overhead. 
      Class:     16.26 MB capacity,    15.20 MB ( 93%) used,   938.79 KB (  6%) free+waste,   147.75 KB ( <1%) overhead. 
       Both:    125.77 MB capacity,   123.09 MB ( 98%) used,     2.20 MB (  2%) free+waste,   487.75 KB ( <1%) overhead. 

Virtual space:
  Non-class space:      110.00 MB reserved,     109.67 MB (>99%) committed 
      Class space:        1.00 GB reserved,      16.38 MB (  2%) committed 
             Both:        1.11 GB reserved,     126.04 MB ( 11%) committed 

Chunk freelists:
   Non-Class:  37.00 KB
       Class:  23.00 KB
        Both:  60.00 KB

MaxMetaspaceSize: 17179869184.00 GB
CompressedClassSpaceSize: 1.00 GB
Initial GC threshold: 20.80 MB
Current GC threshold: 210.07 MB
CDS: off

CodeHeap 'non-profiled nmethods': size=120064Kb used=10509Kb max_used=11296Kb free=109554Kb
 bounds [0x0000017138e80000, 0x0000017139990000, 0x00000171403c0000]
CodeHeap 'profiled nmethods': size=120000Kb used=36138Kb max_used=38327Kb free=83861Kb
 bounds [0x0000017131950000, 0x0000017133ec0000, 0x0000017138e80000]
CodeHeap 'non-nmethods': size=5696Kb used=2457Kb max_used=2520Kb free=3238Kb
 bounds [0x00000171313c0000, 0x0000017131640000, 0x0000017131950000]
 total_blobs=17464 nmethods=16470 adapters=904
 compilation: enabled
              stopped_count=0, restarted_count=0
 full_count=0

Compilation events (20 events):
Event: 87.804 Thread 0x00000171474bd800 17572       2       com.sun.tools.javac.comp.TypeEnter$ImportsPhase$$Lambda$1288/0x0000000100f3c440::accepts (14 bytes)
Event: 87.804 Thread 0x00000171474bd800 nmethod 17572 0x0000017131b75790 code [0x0000017131b75940, 0x0000017131b75ac8]
Event: 87.804 Thread 0x00000171474bd800 17573       2       com.sun.tools.javac.comp.TypeEnter$ImportsPhase::lambda$resolveImports$2 (31 bytes)
Event: 87.804 Thread 0x00000171474bd800 nmethod 17573 0x0000017131bc3590 code [0x0000017131bc3740, 0x0000017131bc38a8]
Event: 87.804 Thread 0x00000171474bd800 17574   !   2       com.sun.tools.javac.comp.Check::importAccessible (68 bytes)
Event: 87.805 Thread 0x00000171474bd800 nmethod 17574 0x0000017131ab1990 code [0x0000017131ab1b60, 0x0000017131ab1de8]
Event: 87.805 Thread 0x00000171474bd800 17575       2       com.sun.tools.javac.util.Iterators$2::next (15 bytes)
Event: 87.805 Thread 0x00000171474bd800 nmethod 17575 0x0000017131987890 code [0x0000017131987a40, 0x0000017131987bc8]
Event: 87.808 Thread 0x00000171474b7000 nmethod 17517 0x0000017138e9ef90 code [0x0000017138e9f240, 0x0000017138ea02c0]
Event: 87.808 Thread 0x00000171474b7000 17578       4       com.sun.tools.javac.code.Scope$ScopeImpl$1::update (72 bytes)
Event: 87.809 Thread 0x00000171474bd800 17579       2       com.sun.tools.javac.comp.Attr$TypeAnnotationsValidator::visitClassDef (88 bytes)
Event: 87.809 Thread 0x00000171474b7000 nmethod 17578 0x0000017139123810 code [0x00000171391239a0, 0x0000017139123a38]
Event: 87.809 Thread 0x00000171474b7000 17530       4       com.sun.tools.javac.code.Scope$ScopeImpl$1::skipToNextMatchingEntry (48 bytes)
Event: 87.809 Thread 0x00000171474b7000 nmethod 17530 0x0000017139164b90 code [0x0000017139164d20, 0x0000017139164d98]
Event: 87.810 Thread 0x00000171474bd800 nmethod 17579 0x0000017131dd3790 code [0x0000017131dd39e0, 0x0000017131dd40b8]
Event: 87.810 Thread 0x00000171474b7000 17562       4       com.sun.tools.javac.comp.Attr::checkIdInternal (762 bytes)
Event: 87.810 Thread 0x00000171474bd800 17580       1       com.sun.source.util.TaskEvent::getKind (5 bytes)
Event: 87.810 Thread 0x00000171474bd800 nmethod 17580 0x0000017138ebd610 code [0x0000017138ebd7c0, 0x0000017138ebd878]
Event: 87.810 Thread 0x00000171474bd800 17581       2       java.net.URI::equal (158 bytes)
Event: 87.811 Thread 0x00000171474bd800 nmethod 17581 0x0000017131b3e490 code [0x0000017131b3e760, 0x0000017131b3f5a8]

GC Heap History (20 events):
Event: 86.476 GC heap after
{Heap after GC invocations=87 (full 0):
 garbage-first heap   total 219136K, used 200383K [0x0000000080000000, 0x0000000100000000)
  region size 1024K, 2 young (2048K), 2 survivors (2048K)
 Metaspace       used 125847K, capacity 128649K, committed 128812K, reserved 1161216K
  class space    used 15559K, capacity 16649K, committed 16768K, reserved 1048576K
}
Event: 86.548 GC heap before
{Heap before GC invocations=87 (full 0):
 garbage-first heap   total 219136K, used 207551K [0x0000000080000000, 0x0000000100000000)
  region size 1024K, 10 young (10240K), 2 survivors (2048K)
 Metaspace       used 125847K, capacity 128649K, committed 128812K, reserved 1161216K
  class space    used 15559K, capacity 16649K, committed 16768K, reserved 1048576K
}
Event: 86.558 GC heap after
{Heap after GC invocations=88 (full 0):
 garbage-first heap   total 279552K, used 208565K [0x0000000080000000, 0x0000000100000000)
  region size 1024K, 2 young (2048K), 2 survivors (2048K)
 Metaspace       used 125847K, capacity 128649K, committed 128812K, reserved 1161216K
  class space    used 15559K, capacity 16649K, committed 16768K, reserved 1048576K
}
Event: 86.682 GC heap before
{Heap before GC invocations=88 (full 0):
 garbage-first heap   total 279552K, used 223925K [0x0000000080000000, 0x0000000100000000)
  region size 1024K, 17 young (17408K), 2 survivors (2048K)
 Metaspace       used 125847K, capacity 128649K, committed 128812K, reserved 1161216K
  class space    used 15559K, capacity 16649K, committed 16768K, reserved 1048576K
}
Event: 86.690 GC heap after
{Heap after GC invocations=89 (full 0):
 garbage-first heap   total 279552K, used 224609K [0x0000000080000000, 0x0000000100000000)
  region size 1024K, 3 young (3072K), 3 survivors (3072K)
 Metaspace       used 125847K, capacity 128649K, committed 128812K, reserved 1161216K
  class space    used 15559K, capacity 16649K, committed 16768K, reserved 1048576K
}
Event: 86.717 GC heap before
{Heap before GC invocations=89 (full 0):
 garbage-first heap   total 279552K, used 234849K [0x0000000080000000, 0x0000000100000000)
  region size 1024K, 13 young (13312K), 3 survivors (3072K)
 Metaspace       used 125847K, capacity 128649K, committed 128812K, reserved 1161216K
  class space    used 15559K, capacity 16649K, committed 16768K, reserved 1048576K
}
Event: 86.727 GC heap after
{Heap after GC invocations=90 (full 0):
 garbage-first heap   total 279552K, used 236032K [0x0000000080000000, 0x0000000100000000)
  region size 1024K, 2 young (2048K), 2 survivors (2048K)
 Metaspace       used 125847K, capacity 128649K, committed 128812K, reserved 1161216K
  class space    used 15559K, capacity 16649K, committed 16768K, reserved 1048576K
}
Event: 86.746 GC heap before
{Heap before GC invocations=90 (full 0):
 garbage-first heap   total 279552K, used 247296K [0x0000000080000000, 0x0000000100000000)
  region size 1024K, 13 young (13312K), 2 survivors (2048K)
 Metaspace       used 125847K, capacity 128649K, committed 128812K, reserved 1161216K
  class space    used 15559K, capacity 16649K, committed 16768K, reserved 1048576K
}
Event: 86.758 GC heap after
{Heap after GC invocations=91 (full 0):
 garbage-first heap   total 279552K, used 248832K [0x0000000080000000, 0x0000000100000000)
  region size 1024K, 2 young (2048K), 2 survivors (2048K)
 Metaspace       used 125847K, capacity 128649K, committed 128812K, reserved 1161216K
  class space    used 15559K, capacity 16649K, committed 16768K, reserved 1048576K
}
Event: 87.136 GC heap before
{Heap before GC invocations=92 (full 0):
 garbage-first heap   total 279552K, used 260096K [0x0000000080000000, 0x0000000100000000)
  region size 1024K, 13 young (13312K), 2 survivors (2048K)
 Metaspace       used 125874K, capacity 128713K, committed 129068K, reserved 1161216K
  class space    used 15559K, capacity 16649K, committed 16768K, reserved 1048576K
}
Event: 87.142 GC heap after
{Heap after GC invocations=93 (full 0):
 garbage-first heap   total 346112K, used 252928K [0x0000000080000000, 0x0000000100000000)
  region size 1024K, 2 young (2048K), 2 survivors (2048K)
 Metaspace       used 125874K, capacity 128713K, committed 129068K, reserved 1161216K
  class space    used 15559K, capacity 16649K, committed 16768K, reserved 1048576K
}
Event: 87.296 GC heap before
{Heap before GC invocations=93 (full 0):
 garbage-first heap   total 346112K, used 272384K [0x0000000080000000, 0x0000000100000000)
  region size 1024K, 21 young (21504K), 2 survivors (2048K)
 Metaspace       used 125920K, capacity 128718K, committed 129068K, reserved 1161216K
  class space    used 15559K, capacity 16649K, committed 16768K, reserved 1048576K
}
Event: 87.308 GC heap after
{Heap after GC invocations=94 (full 0):
 garbage-first heap   total 346112K, used 264462K [0x0000000080000000, 0x0000000100000000)
  region size 1024K, 3 young (3072K), 3 survivors (3072K)
 Metaspace       used 125920K, capacity 128718K, committed 129068K, reserved 1161216K
  class space    used 15559K, capacity 16649K, committed 16768K, reserved 1048576K
}
Event: 87.357 GC heap before
{Heap before GC invocations=94 (full 0):
 garbage-first heap   total 346112K, used 279822K [0x0000000080000000, 0x0000000100000000)
  region size 1024K, 18 young (18432K), 3 survivors (3072K)
 Metaspace       used 125920K, capacity 128718K, committed 129068K, reserved 1161216K
  class space    used 15559K, capacity 16649K, committed 16768K, reserved 1048576K
}
Event: 87.365 GC heap after
{Heap after GC invocations=95 (full 0):
 garbage-first heap   total 346112K, used 279987K [0x0000000080000000, 0x0000000100000000)
  region size 1024K, 3 young (3072K), 3 survivors (3072K)
 Metaspace       used 125920K, capacity 128718K, committed 129068K, reserved 1161216K
  class space    used 15559K, capacity 16649K, committed 16768K, reserved 1048576K
}
Event: 87.386 GC heap before
{Heap before GC invocations=95 (full 0):
 garbage-first heap   total 346112K, used 293299K [0x0000000080000000, 0x0000000100000000)
  region size 1024K, 16 young (16384K), 3 survivors (3072K)
 Metaspace       used 125920K, capacity 128718K, committed 129068K, reserved 1161216K
  class space    used 15559K, capacity 16649K, committed 16768K, reserved 1048576K
}
Event: 87.397 GC heap after
{Heap after GC invocations=96 (full 0):
 garbage-first heap   total 346112K, used 293888K [0x0000000080000000, 0x0000000100000000)
  region size 1024K, 2 young (2048K), 2 survivors (2048K)
 Metaspace       used 125920K, capacity 128718K, committed 129068K, reserved 1161216K
  class space    used 15559K, capacity 16649K, committed 16768K, reserved 1048576K
}
Event: 87.433 GC heap before
{Heap before GC invocations=96 (full 0):
 garbage-first heap   total 346112K, used 308224K [0x0000000080000000, 0x0000000100000000)
  region size 1024K, 16 young (16384K), 2 survivors (2048K)
 Metaspace       used 125920K, capacity 128718K, committed 129068K, reserved 1161216K
  class space    used 15559K, capacity 16649K, committed 16768K, reserved 1048576K
}
Event: 87.446 GC heap after
{Heap after GC invocations=97 (full 0):
 garbage-first heap   total 346112K, used 306176K [0x0000000080000000, 0x0000000100000000)
  region size 1024K, 2 young (2048K), 2 survivors (2048K)
 Metaspace       used 125920K, capacity 128718K, committed 129068K, reserved 1161216K
  class space    used 15559K, capacity 16649K, committed 16768K, reserved 1048576K
}
Event: 87.813 GC heap before
{Heap before GC invocations=98 (full 0):
 garbage-first heap   total 346112K, used 281600K [0x0000000080000000, 0x0000000100000000)
  region size 1024K, 16 young (16384K), 2 survivors (2048K)
 Metaspace       used 126045K, capacity 128784K, committed 129068K, reserved 1161216K
  class space    used 15562K, capacity 16649K, committed 16768K, reserved 1048576K
}

Deoptimization events (20 events):
Event: 87.179 Thread 0x000001714e3d1800 DEOPT PACKING pc=0x0000017139946b6c sp=0x00000025cbafaf60
Event: 87.179 Thread 0x000001714e3d1800 DEOPT UNPACKING pc=0x000001713140a1af sp=0x00000025cbafae80 mode 2
Event: 87.179 Thread 0x000001714e3d1800 Uncommon trap: trap_request=0xffffffde fr.pc=0x0000017139946b6c relative=0x00000000000068ac
Event: 87.179 Thread 0x000001714e3d1800 Uncommon trap: reason=class_check action=maybe_recompile pc=0x0000017139946b6c method=com.sun.tools.javac.comp.Resolve.findInheritedMemberType(Lcom/sun/tools/javac/comp/Env;Lcom/sun/tools/javac/code/Type;Lcom/sun/tools/javac/util/Name;Lcom/sun/tools/javac
Event: 87.179 Thread 0x000001714e3d1800 DEOPT PACKING pc=0x0000017139946b6c sp=0x00000025cbafaf60
Event: 87.179 Thread 0x000001714e3d1800 DEOPT UNPACKING pc=0x000001713140a1af sp=0x00000025cbafae80 mode 2
Event: 87.179 Thread 0x000001714e3d1800 Uncommon trap: trap_request=0xffffffde fr.pc=0x0000017139946b6c relative=0x00000000000068ac
Event: 87.179 Thread 0x000001714e3d1800 Uncommon trap: reason=class_check action=maybe_recompile pc=0x0000017139946b6c method=com.sun.tools.javac.comp.Resolve.findInheritedMemberType(Lcom/sun/tools/javac/comp/Env;Lcom/sun/tools/javac/code/Type;Lcom/sun/tools/javac/util/Name;Lcom/sun/tools/javac
Event: 87.179 Thread 0x000001714e3d1800 DEOPT PACKING pc=0x0000017139946b6c sp=0x00000025cbafb1f0
Event: 87.179 Thread 0x000001714e3d1800 DEOPT UNPACKING pc=0x000001713140a1af sp=0x00000025cbafb110 mode 2
Event: 87.180 Thread 0x000001714e3d1800 Uncommon trap: trap_request=0xffffffde fr.pc=0x0000017139946b6c relative=0x00000000000068ac
Event: 87.180 Thread 0x000001714e3d1800 Uncommon trap: reason=class_check action=maybe_recompile pc=0x0000017139946b6c method=com.sun.tools.javac.comp.Resolve.findInheritedMemberType(Lcom/sun/tools/javac/comp/Env;Lcom/sun/tools/javac/code/Type;Lcom/sun/tools/javac/util/Name;Lcom/sun/tools/javac
Event: 87.180 Thread 0x000001714e3d1800 DEOPT PACKING pc=0x0000017139946b6c sp=0x00000025cbafb1f0
Event: 87.180 Thread 0x000001714e3d1800 DEOPT UNPACKING pc=0x000001713140a1af sp=0x00000025cbafb110 mode 2
Event: 87.243 Thread 0x000001714e3d1800 Uncommon trap: trap_request=0xffffffde fr.pc=0x00000171398d301c relative=0x000000000000363c
Event: 87.243 Thread 0x000001714e3d1800 Uncommon trap: reason=class_check action=maybe_recompile pc=0x00000171398d301c method=org.apache.xerces.impl.XMLDocumentFragmentScannerImpl.scanStartElement()Z @ 312 c2
Event: 87.243 Thread 0x000001714e3d1800 DEOPT PACKING pc=0x00000171398d301c sp=0x00000025cbafbe60
Event: 87.243 Thread 0x000001714e3d1800 DEOPT UNPACKING pc=0x000001713140a1af sp=0x00000025cbafbe58 mode 2
Event: 87.245 Thread 0x000001714e3d1800 DEOPT PACKING pc=0x0000017132f3dba0 sp=0x00000025cbafbf90
Event: 87.245 Thread 0x000001714e3d1800 DEOPT UNPACKING pc=0x000001713140a95e sp=0x00000025cbafb558 mode 0

Classes redefined (0 events):
No events

Internal exceptions (20 events):
Event: 85.247 Thread 0x000001714e3d1800 Exception <a 'sun/nio/fs/WindowsException'{0x000000008ca85938}> (0x000000008ca85938) thrown at [./src/hotspot/share/prims/jni.cpp, line 615]
Event: 85.247 Thread 0x000001714e3d1800 Exception <a 'sun/nio/fs/WindowsException'{0x000000008ca86388}> (0x000000008ca86388) thrown at [./src/hotspot/share/prims/jni.cpp, line 615]
Event: 85.247 Thread 0x000001714e3d1800 Exception <a 'sun/nio/fs/WindowsException'{0x000000008ca86c98}> (0x000000008ca86c98) thrown at [./src/hotspot/share/prims/jni.cpp, line 615]
Event: 85.247 Thread 0x000001714e3d1800 Exception <a 'sun/nio/fs/WindowsException'{0x000000008ca87500}> (0x000000008ca87500) thrown at [./src/hotspot/share/prims/jni.cpp, line 615]
Event: 85.247 Thread 0x000001714e3d1800 Exception <a 'sun/nio/fs/WindowsException'{0x000000008ca87eb8}> (0x000000008ca87eb8) thrown at [./src/hotspot/share/prims/jni.cpp, line 615]
Event: 85.247 Thread 0x000001714e3d1800 Exception <a 'sun/nio/fs/WindowsException'{0x000000008ca87f38}> (0x000000008ca87f38) thrown at [./src/hotspot/share/prims/jni.cpp, line 615]
Event: 85.247 Thread 0x000001714e3d1800 Exception <a 'sun/nio/fs/WindowsException'{0x000000008ca89100}> (0x000000008ca89100) thrown at [./src/hotspot/share/prims/jni.cpp, line 615]
Event: 85.373 Thread 0x000001714e3d1800 Exception <a 'sun/nio/fs/WindowsException'{0x000000008c7b5ee8}> (0x000000008c7b5ee8) thrown at [./src/hotspot/share/prims/jni.cpp, line 615]
Event: 85.373 Thread 0x000001714e3d1800 Exception <a 'sun/nio/fs/WindowsException'{0x000000008c7b6940}> (0x000000008c7b6940) thrown at [./src/hotspot/share/prims/jni.cpp, line 615]
Event: 85.376 Thread 0x000001714e3d1800 Exception <a 'sun/nio/fs/WindowsException'{0x000000008c7b7258}> (0x000000008c7b7258) thrown at [./src/hotspot/share/prims/jni.cpp, line 615]
Event: 85.376 Thread 0x000001714e3d1800 Exception <a 'sun/nio/fs/WindowsException'{0x000000008c7b7ac0}> (0x000000008c7b7ac0) thrown at [./src/hotspot/share/prims/jni.cpp, line 615]
Event: 85.376 Thread 0x000001714e3d1800 Exception <a 'sun/nio/fs/WindowsException'{0x000000008c7b84b0}> (0x000000008c7b84b0) thrown at [./src/hotspot/share/prims/jni.cpp, line 615]
Event: 85.376 Thread 0x000001714e3d1800 Exception <a 'sun/nio/fs/WindowsException'{0x000000008c7b8530}> (0x000000008c7b8530) thrown at [./src/hotspot/share/prims/jni.cpp, line 615]
Event: 85.376 Thread 0x000001714e3d1800 Exception <a 'sun/nio/fs/WindowsException'{0x000000008c7b9730}> (0x000000008c7b9730) thrown at [./src/hotspot/share/prims/jni.cpp, line 615]
Event: 85.485 Thread 0x000001714e3d1800 Exception <a 'sun/nio/fs/WindowsException'{0x000000008c7c4d00}> (0x000000008c7c4d00) thrown at [./src/hotspot/share/prims/jni.cpp, line 615]
Event: 85.490 Thread 0x000001714e3d1800 Exception <a 'sun/nio/fs/WindowsException'{0x000000008c7c5738}> (0x000000008c7c5738) thrown at [./src/hotspot/share/prims/jni.cpp, line 615]
Event: 85.665 Thread 0x000001714e3d1800 Exception <a 'sun/nio/fs/WindowsException'{0x000000008c6a97f8}> (0x000000008c6a97f8) thrown at [./src/hotspot/share/prims/jni.cpp, line 615]
Event: 85.665 Thread 0x000001714e3d1800 Exception <a 'sun/nio/fs/WindowsException'{0x000000008c6aa250}> (0x000000008c6aa250) thrown at [./src/hotspot/share/prims/jni.cpp, line 615]
Event: 85.693 Thread 0x000001714e3d1800 Exception <a 'sun/nio/fs/WindowsException'{0x000000008c6c4f08}> (0x000000008c6c4f08) thrown at [./src/hotspot/share/prims/jni.cpp, line 615]
Event: 85.693 Thread 0x000001714e3d1800 Exception <a 'sun/nio/fs/WindowsException'{0x000000008c6c5958}> (0x000000008c6c5958) thrown at [./src/hotspot/share/prims/jni.cpp, line 615]

Events (20 events):
Event: 87.708 Thread 0x00000171474c3000 flushing nmethod 0x00000171324ce790
Event: 87.708 Thread 0x00000171474c3000 flushing nmethod 0x00000171324d1d90
Event: 87.708 Thread 0x00000171474c3000 flushing nmethod 0x00000171324d9f10
Event: 87.708 Thread 0x00000171474c3000 flushing nmethod 0x00000171324da410
Event: 87.708 Thread 0x00000171474c3000 flushing nmethod 0x00000171324e0b10
Event: 87.708 Thread 0x00000171474c3000 flushing nmethod 0x000001713251c410
Event: 87.708 Thread 0x00000171474c3000 flushing nmethod 0x000001713257da10
Event: 87.708 Thread 0x00000171474c3000 flushing nmethod 0x00000171325f3510
Event: 87.710 Thread 0x00000171474c3000 flushing nmethod 0x00000171328e6690
Event: 87.714 Thread 0x00000171474c3000 flushing nmethod 0x0000017132f02f90
Event: 87.714 Thread 0x00000171474c3000 flushing nmethod 0x0000017132fa8f90
Event: 87.717 loading class android/databinding/tool/ext/ExtKt
Event: 87.717 loading class android/databinding/tool/ext/ExtKt done
Event: 87.733 loading class android/databinding/tool/ext/Replacement
Event: 87.733 loading class android/databinding/tool/ext/Replacement done
Event: 87.780 Executing VM operation: CGC_Operation
Event: 87.781 Executing VM operation: CGC_Operation done
Event: 87.812 loading class org/jetbrains/kotlin/kapt3/base/incremental/IncrementalAptCache$WhenMappings
Event: 87.812 loading class org/jetbrains/kotlin/kapt3/base/incremental/IncrementalAptCache$WhenMappings done
Event: 87.813 Executing VM operation: G1CollectForAllocation


Dynamic libraries:
0x00007ff766160000 - 0x00007ff76616a000 	D:\Program Files\Android\Android Studio\jre\bin\java.exe
0x00007ffa7bb60000 - 0x00007ffa7bd69000 	C:\WINDOWS\SYSTEM32\ntdll.dll
0x00007ffa7b010000 - 0x00007ffa7b0cd000 	C:\WINDOWS\System32\KERNEL32.DLL
0x00007ffa79350000 - 0x00007ffa796cc000 	C:\WINDOWS\System32\KERNELBASE.dll
0x00007ffa796d0000 - 0x00007ffa797e1000 	C:\WINDOWS\System32\ucrtbase.dll
0x00007ffa6a2d0000 - 0x00007ffa6a2e9000 	D:\Program Files\Android\Android Studio\jre\bin\jli.dll
0x00007ffa7b0d0000 - 0x00007ffa7b27d000 	C:\WINDOWS\System32\USER32.dll
0x00007ffa79950000 - 0x00007ffa79976000 	C:\WINDOWS\System32\win32u.dll
0x00007ffa7a200000 - 0x00007ffa7a229000 	C:\WINDOWS\System32\GDI32.dll
0x00007ffa790c0000 - 0x00007ffa791d9000 	C:\WINDOWS\System32\gdi32full.dll
0x00007ffa797f0000 - 0x00007ffa7988d000 	C:\WINDOWS\System32\msvcp_win.dll
0x00007ffa604b0000 - 0x00007ffa60755000 	C:\WINDOWS\WinSxS\amd64_microsoft.windows.common-controls_6595b64144ccf1df_6.0.22000.120_none_9d947278b86cc467\COMCTL32.dll
0x00007ffa7b460000 - 0x00007ffa7b503000 	C:\WINDOWS\System32\msvcrt.dll
0x00007ffa6a170000 - 0x00007ffa6a187000 	D:\Program Files\Android\Android Studio\jre\bin\VCRUNTIME140.dll
0x00007ffa7b9f0000 - 0x00007ffa7ba21000 	C:\WINDOWS\System32\IMM32.DLL
0x00007ffa43520000 - 0x00007ffa435bd000 	D:\Program Files\Android\Android Studio\jre\bin\msvcp140.dll
0x00007ffa33760000 - 0x00007ffa34245000 	D:\Program Files\Android\Android Studio\jre\bin\server\jvm.dll
0x00007ffa7b840000 - 0x00007ffa7b8ee000 	C:\WINDOWS\System32\ADVAPI32.dll
0x00007ffa7b730000 - 0x00007ffa7b7ce000 	C:\WINDOWS\System32\sechost.dll
0x00007ffa7b610000 - 0x00007ffa7b730000 	C:\WINDOWS\System32\RPCRT4.dll
0x00007ffa7b510000 - 0x00007ffa7b518000 	C:\WINDOWS\System32\PSAPI.DLL
0x00007ffa65670000 - 0x00007ffa65679000 	C:\WINDOWS\SYSTEM32\WSOCK32.dll
0x00007ffa7b3f0000 - 0x00007ffa7b45f000 	C:\WINDOWS\System32\WS2_32.dll
0x00007ffa761d0000 - 0x00007ffa76203000 	C:\WINDOWS\SYSTEM32\WINMM.dll
0x00007ffa74e30000 - 0x00007ffa74e3a000 	C:\WINDOWS\SYSTEM32\VERSION.dll
0x00007ffa78130000 - 0x00007ffa78148000 	C:\WINDOWS\SYSTEM32\kernel.appcore.dll
0x00007ffa6add0000 - 0x00007ffa6ade1000 	D:\Program Files\Android\Android Studio\jre\bin\verify.dll
0x00007ffa75f50000 - 0x00007ffa76171000 	C:\WINDOWS\SYSTEM32\DBGHELP.DLL
0x00007ffa75e60000 - 0x00007ffa75e91000 	C:\WINDOWS\SYSTEM32\dbgcore.DLL
0x00007ffa79040000 - 0x00007ffa790bf000 	C:\WINDOWS\System32\bcryptPrimitives.dll
0x00007ffa6abd0000 - 0x00007ffa6abf9000 	D:\Program Files\Android\Android Studio\jre\bin\java.dll
0x00007ffa74e70000 - 0x00007ffa74e7b000 	D:\Program Files\Android\Android Studio\jre\bin\jimage.dll
0x00007ffa6aba0000 - 0x00007ffa6abb8000 	D:\Program Files\Android\Android Studio\jre\bin\zip.dll
0x00007ffa7a230000 - 0x00007ffa7a9e8000 	C:\WINDOWS\System32\SHELL32.dll
0x00007ffa771a0000 - 0x00007ffa77a08000 	C:\WINDOWS\SYSTEM32\windows.storage.dll
0x00007ffa7ac80000 - 0x00007ffa7aff9000 	C:\WINDOWS\System32\combase.dll
0x00007ffa77030000 - 0x00007ffa77196000 	C:\WINDOWS\SYSTEM32\wintypes.dll
0x00007ffa7b280000 - 0x00007ffa7b36a000 	C:\WINDOWS\System32\SHCORE.dll
0x00007ffa7b540000 - 0x00007ffa7b59d000 	C:\WINDOWS\System32\shlwapi.dll
0x00007ffa78f70000 - 0x00007ffa78f91000 	C:\WINDOWS\SYSTEM32\profapi.dll
0x00007ffa6ab20000 - 0x00007ffa6ab3a000 	D:\Program Files\Android\Android Studio\jre\bin\net.dll
0x00007ffa71130000 - 0x00007ffa7123c000 	C:\WINDOWS\SYSTEM32\WINHTTP.dll
0x00007ffa78560000 - 0x00007ffa785c7000 	C:\WINDOWS\system32\mswsock.dll
0x00007ffa6a9d0000 - 0x00007ffa6a9e4000 	D:\Program Files\Android\Android Studio\jre\bin\nio.dll
0x00007ffa69d10000 - 0x00007ffa69d37000 	C:\Users\zoki3\.gradle\native\e1d6ef7f7dcc3fd88c89a11ec53ec762bb8ba0a96d01ffa2cd45eb1d1d8dd5c5\windows-amd64\native-platform.dll
0x00007ffa3d830000 - 0x00007ffa3d974000 	C:\Users\zoki3\.gradle\native\5664cfc778a61ccfe75a443a1ab52a65af34e5dc3c78e0209fed803814484fcb\windows-amd64\native-platform-file-events.dll
0x00007ffa70510000 - 0x00007ffa7051a000 	D:\Program Files\Android\Android Studio\jre\bin\management.dll
0x00007ffa6bd10000 - 0x00007ffa6bd1d000 	D:\Program Files\Android\Android Studio\jre\bin\management_ext.dll
0x00007ffa787a0000 - 0x00007ffa787b8000 	C:\WINDOWS\SYSTEM32\CRYPTSP.dll
0x00007ffa78090000 - 0x00007ffa780c5000 	C:\WINDOWS\system32\rsaenh.dll
0x00007ffa78650000 - 0x00007ffa78679000 	C:\WINDOWS\SYSTEM32\USERENV.dll
0x00007ffa78930000 - 0x00007ffa78957000 	C:\WINDOWS\SYSTEM32\bcrypt.dll
0x00007ffa787c0000 - 0x00007ffa787cc000 	C:\WINDOWS\SYSTEM32\CRYPTBASE.dll
0x00007ffa77c60000 - 0x00007ffa77c8d000 	C:\WINDOWS\SYSTEM32\IPHLPAPI.DLL
0x00007ffa7b600000 - 0x00007ffa7b609000 	C:\WINDOWS\System32\NSI.dll
0x00007ffa712a0000 - 0x00007ffa712b9000 	C:\WINDOWS\SYSTEM32\dhcpcsvc6.DLL
0x00007ffa71e60000 - 0x00007ffa71e7e000 	C:\WINDOWS\SYSTEM32\dhcpcsvc.DLL
0x00007ffa77c90000 - 0x00007ffa77d78000 	C:\WINDOWS\SYSTEM32\DNSAPI.dll
0x00007ffa76690000 - 0x00007ffa766c4000 	C:\WINDOWS\SYSTEM32\ntmarta.dll
0x00007ffa6ac00000 - 0x00007ffa6ac1e000 	C:\Users\zoki3\AppData\Local\Temp\native-platform16835691329705715064dir\native-platform.dll
0x00007ffa6adc0000 - 0x00007ffa6adc8000 	D:\Program Files\Android\Android Studio\jre\bin\rmi.dll
0x00007ffa5a460000 - 0x00007ffa5a477000 	C:\WINDOWS\system32\napinsp.dll
0x00007ffa5a440000 - 0x00007ffa5a45b000 	C:\WINDOWS\system32\pnrpnsp.dll
0x00007ffa5a420000 - 0x00007ffa5a432000 	C:\WINDOWS\System32\winrnr.dll
0x00007ffa5a400000 - 0x00007ffa5a415000 	C:\WINDOWS\system32\wshbth.dll
0x00007ffa5a3e0000 - 0x00007ffa5a3ff000 	C:\WINDOWS\system32\nlansp_c.dll
0x00007ffa6d0c0000 - 0x00007ffa6d0ca000 	C:\Windows\System32\rasadhlp.dll
0x00007ffa6f1b0000 - 0x00007ffa6f231000 	C:\WINDOWS\System32\fwpuclnt.dll

dbghelp: loaded successfully - version: 4.0.5 - missing functions: none
symbol engine: initialized successfully - sym options: 0x614 - pdb path: .;D:\Program Files\Android\Android Studio\jre\bin;C:\WINDOWS\SYSTEM32;C:\WINDOWS\WinSxS\amd64_microsoft.windows.common-controls_6595b64144ccf1df_6.0.22000.120_none_9d947278b86cc467;D:\Program Files\Android\Android Studio\jre\bin\server;C:\Users\zoki3\.gradle\native\e1d6ef7f7dcc3fd88c89a11ec53ec762bb8ba0a96d01ffa2cd45eb1d1d8dd5c5\windows-amd64;C:\Users\zoki3\.gradle\native\5664cfc778a61ccfe75a443a1ab52a65af34e5dc3c78e0209fed803814484fcb\windows-amd64;C:\Users\zoki3\AppData\Local\Temp\native-platform16835691329705715064dir

VM Arguments:
jvm_args: --add-opens=java.base/java.util=ALL-UNNAMED --add-opens=java.base/java.lang=ALL-UNNAMED --add-opens=java.base/java.lang.invoke=ALL-UNNAMED --add-opens=java.base/java.util=ALL-UNNAMED --add-opens=java.prefs/java.util.prefs=ALL-UNNAMED --add-opens=java.prefs/java.util.prefs=ALL-UNNAMED --add-opens=java.base/java.nio.charset=ALL-UNNAMED --add-opens=java.base/java.net=ALL-UNNAMED --add-opens=java.base/java.util.concurrent.atomic=ALL-UNNAMED -Xmx2048m -Dfile.encoding=UTF-8 -Duser.country=US -Duser.language=en -Duser.variant 
java_command: org.gradle.launcher.daemon.bootstrap.GradleDaemon 7.3.3
java_class_path (initial): C:\Users\zoki3\.gradle\wrapper\dists\gradle-7.3.3-bin\6a41zxkdtcxs8rphpq6y0069z\gradle-7.3.3\lib\gradle-launcher-7.3.3.jar
Launcher Type: SUN_STANDARD

[Global flags]
     intx CICompilerCount                          = 3                                         {product} {ergonomic}
     uint ConcGCThreads                            = 1                                         {product} {ergonomic}
     uint G1ConcRefinementThreads                  = 4                                         {product} {ergonomic}
   size_t G1HeapRegionSize                         = 1048576                                   {product} {ergonomic}
    uintx GCDrainStackTargetSize                   = 64                                        {product} {ergonomic}
   size_t InitialHeapSize                          = 123731968                                 {product} {ergonomic}
   size_t MarkStackSize                            = 4194304                                   {product} {ergonomic}
   size_t MaxHeapSize                              = 2147483648                                {product} {command line}
   size_t MaxNewSize                               = 1287651328                                {product} {ergonomic}
   size_t MinHeapDeltaBytes                        = 1048576                                   {product} {ergonomic}
    uintx NonNMethodCodeHeapSize                   = 5830732                                {pd product} {ergonomic}
    uintx NonProfiledCodeHeapSize                  = 122913754                              {pd product} {ergonomic}
    uintx ProfiledCodeHeapSize                     = 122913754                              {pd product} {ergonomic}
    uintx ReservedCodeCacheSize                    = 251658240                              {pd product} {ergonomic}
     bool SegmentedCodeCache                       = true                                      {product} {ergonomic}
     bool UseCompressedClassPointers               = true                                 {lp64_product} {ergonomic}
     bool UseCompressedOops                        = true                                 {lp64_product} {ergonomic}
     bool UseG1GC                                  = true                                      {product} {ergonomic}
     bool UseLargePagesIndividualAllocation        = false                                  {pd product} {ergonomic}

Logging:
Log output configuration:
 #0: stdout all=warning uptime,level,tags
 #1: stderr all=off uptime,level,tags

Environment Variables:
PATH=d:\WinAVR-20100110\bin;d:\WinAVR-20100110\utils\bin;C:\Program Files (x86)\Common Files\Oracle\Java\javapath;C:\Program Files (x86)\Common Files\Intel\Shared Libraries\redist\intel64\compiler;C:\ProgramData\Oracle\Java\javapath;C:\WINDOWS\system32;C:\WINDOWS;C:\WINDOWS\System32\Wbem;C:\WINDOWS\System32\WindowsPowerShell\v1.0\;C:\WINDOWS\System32\OpenSSH\;E:\Program Files\MATLAB\R2016a\runtime\win64;E:\Program Files\MATLAB\R2016a\bin;E:\Program Files\MATLAB\R2016a\polyspace\bin;C:\Program Files\dotnet\;C:\Program Files\Microsoft SQL Server\130\Tools\Binn\;C:\Program Files\Microsoft SQL Server\Client SDK\ODBC\170\Tools\Binn\;D:\GHDL\GHDL\bin;D:\GHDL\gtkwave\bin;D:\GHDL\GHDL;D:\GHDL\gtkwave;D:\Program Files (x86)\mingw-w64\i686-8.1.0-posix-dwarf-rt_v6-rev0\mingw32\bin;C:\ProgramData\Package Cache\1C153C601F02CD7C854A775751D0430DFED468E1\d\Program Files\Microchip\xc8\v2.31\bin;d:\Program Files\Git\cmd;d:\Program Files\LLVM\bin;C:\Program Files\LLVM\bin;D:\Program Files\nodejs\;C:\Users\zoki3\AppData\Local\Microsoft\WindowsApps;C:\Users\zoki3\.dotnet\tools;d:\Exercism;C:\Users\zoki3\AppData\Local\atom\bin;D:\Program Files (x86)\mingw-w64\i686-8.1.0-posix-dwarf-rt_v6-rev0\mingw32\bin;;d:\Users\zoki3\AppData\Local\Programs\Microsoft VS Code\bin;C:\Users\zoki3\AppData\Roaming\npm
USERNAME=zoki3
OS=Windows_NT
PROCESSOR_IDENTIFIER=AMD64 Family 23 Model 96 Stepping 1, AuthenticAMD



---------------  S Y S T E M  ---------------

OS: Windows 10 , 64 bit Build 22000 (10.0.22000.708)
OS uptime: 8 days 2:07 hours

CPU:total 4 (initial active 4) (4 cores per cpu, 1 threads per core) family 23 model 96 stepping 1 microcode 0x0, cmov, cx8, fxsr, mmx, sse, sse2, sse3, ssse3, sse4.1, sse4.2, popcnt, avx, avx2, aes, clmul, mmxext, 3dnowpref, lzcnt, sse4a, tsc, tscinvbit, tscinv, bmi1, bmi2, adx, sha, fma

Memory: 4k page, system-wide physical 7543M (130M free)
TotalPageFile size 22143M (AvailPageFile size 95M)
current process WorkingSet (physical memory assigned to process): 531M, peak: 531M
current process commit charge ("private bytes"): 702M, peak: 875M

vm_info: OpenJDK 64-Bit Server VM (11.0.12+7-b1504.28-7817840) for windows-amd64 JRE (11.0.12+7-b1504.28-7817840), built on Oct 13 2021 22:12:33 by "builder" with MS VC++ 14.0 (VS2015)

END.
